#
# A fatal error has been detected by the Java Runtime Environment:
#
#  SIGSEGV (0xb) at pc=0x00007f2957e7bb8e, pid=25243, tid=139814255376128
#
# JRE version: OpenJDK Runtime Environment (7.0_75-b13) (build 1.7.0_75-b13)
# Java VM: OpenJDK 64-Bit Server VM (24.75-b04 mixed mode linux-amd64 compressed oops)
# Derivative: IcedTea 2.5.4
# Distribution: Ubuntu 14.04 LTS, package 7u75-2.5.4-1~trusty1
# Problematic frame:
# C  [libc.so.6+0x98b8e]
#
# Failed to write core dump. Core dumps have been disabled. To enable core dumping, try "ulimit -c unlimited" before starting Java again
#
# If you would like to submit a bug report, please include
# instructions on how to reproduce the bug and visit:
#   http://icedtea.classpath.org/bugzilla
# The crash happened outside the Java Virtual Machine in native code.
# See problematic frame for where to report the bug.
#

---------------  T H R E A D  ---------------

Current thread (0x00007f28f407f000):  JavaThread "Thread-1" [_thread_in_native, id=25286, stack(0x00007f290af6b000,0x00007f290b06c000)]

siginfo:si_signo=SIGSEGV: si_errno=0, si_code=2 (SEGV_ACCERR), si_addr=0x00007f28f0f7e240

Registers:
RAX=0x00000000199e8350, RBX=0x0000000000001760, RCX=0x0000000000002ec0, RDX=0x0000000000001760
RSP=0x00007f290b06a6c8, RBP=0x00007f28f0f7caf0, RSI=0x00007f28f0f7caf0, RDI=0x00007f28d7593040
R8 =0x000000000040e000, R9 =0x0000000000000000, R10=0xffff80dee69fcc90, R11=0x00007f28f0000001
R12=0x0000000000000000, R13=0x0000000000000000, R14=0x00007f28f407d8f0, R15=0x0000000000000000
RIP=0x00007f2957e7bb8e, EFLAGS=0x0000000000010202, CSGSFS=0x0000000000000033, ERR=0x0000000000000004
  TRAPNO=0x000000000000000e

Top of Stack: (sp=0x00007f290b06a6c8)
0x00007f290b06a6c8:   00007f2908f395c4 00007f290b06a730
0x00007f290b06a6d8:   00007f2957165b7e 0000001900000002
0x00007f290b06a6e8:   00007f28f407f000 0000000000001760
0x00007f290b06a6f8:   00007f290b06a720 00007f2900000000
0x00007f290b06a708:   00007f28f0f7caf0 0000000000000000
0x00007f290b06a718:   0000000000000000 00007f28d7593000
0x00007f290b06a728:   0000000000000000 0000000000001760
0x00007f290b06a738:   00007f2956f9ad42 00007f290b06a850
0x00007f290b06a748:   00007f28f407f1d8 00007f28f0003380
0x00007f290b06a758:   00007f28f407d8f0 00007f290b06a850
0x00007f290b06a768:   0000000000f79770 0000000000001760
0x00007f290b06a778:   00007f290a7879ee 0000000000000000
0x00007f290b06a788:   000000077a740eb0 00007f290b06a820
0x00007f290b06a798:   0000000000000000 000000077a740eb0
0x00007f290b06a7a8:   00007f290b06a858 00007f28f407f000
0x00007f290b06a7b8:   00007f294d012d98 000000077a730148
0x00007f290b06a7c8:   000000077a77ff68 000000077a727d90
0x00007f290b06a7d8:   0000000000000000 00007f290b06a7e0
0x00007f290b06a7e8:   0000000000000000 00007f290b06a858
0x00007f290b06a7f8:   000000077a747040 0000000000000000
0x00007f290b06a808:   000000077a740eb0 0000000000000000
0x00007f290b06a818:   00007f290b06a840 00007f290b06a8a0
0x00007f290b06a828:   00007f294d0061d4 0000000000000000
0x00007f290b06a838:   00007f294d00ecd6 0000000000001760
0x00007f290b06a848:   0000000000f79770 00000007d6a00000
0x00007f290b06a858:   00000007d8e995c8 00007f290b06a860
0x00007f290b06a868:   000000077a7446dc 00007f290b06a8c8
0x00007f290b06a878:   000000077a747040 0000000000000000
0x00007f290b06a888:   000000077a744718 00007f290b06a840
0x00007f290b06a898:   00007f290b06a8b0 00007f290b06a920
0x00007f290b06a8a8:   00007f294d0061d4 0000000000001760
0x00007f290b06a8b8:   0000000000f79770 00000007d6a00000 

Instructions: (pc=0x00007f2957e7bb8e)
0x00007f2957e7bb6e:   39 c8 0f 82 07 01 00 00 48 83 fa 10 0f 86 8b 01
0x00007f2957e7bb7e:   00 00 f3 44 0f 6f 06 48 83 fa 20 f3 44 0f 7f 07
0x00007f2957e7bb8e:   f3 44 0f 6f 44 16 f0 f3 44 0f 7f 44 17 f0 77 12
0x00007f2957e7bb9e:   48 89 f8 c3 66 66 66 66 66 2e 0f 1f 84 00 00 00 

Register to memory mapping:

RAX=0x00000000199e8350 is an unknown value
RBX=0x0000000000001760 is an unknown value
RCX=0x0000000000002ec0 is an unknown value
RDX=0x0000000000001760 is an unknown value
RSP=0x00007f290b06a6c8 is pointing into the stack for thread: 0x00007f28f407f000
RBP=0x00007f28f0f7caf0 is an unknown value
RSI=0x00007f28f0f7caf0 is an unknown value
RDI=0x00007f28d7593040 is an unknown value
R8 =0x000000000040e000 is an unknown value
R9 =0x0000000000000000 is an unknown value
R10=0xffff80dee69fcc90 is an unknown value
R11=0x00007f28f0000001 is an unknown value
R12=0x0000000000000000 is an unknown value
R13=0x0000000000000000 is an unknown value
R14=0x00007f28f407d8f0 is an unknown value
R15=0x0000000000000000 is an unknown value


Stack: [0x00007f290af6b000,0x00007f290b06c000],  sp=0x00007f290b06a6c8,  free space=1021k
Native frames: (J=compiled Java code, j=interpreted, Vv=VM code, C=native code)
C  [libc.so.6+0x98b8e]

Java frames: (J=compiled Java code, j=interpreted, Vv=VM code)
j  org.classpath.icedtea.pulseaudio.Stream.native_pa_stream_write([BII)I+0
j  org.classpath.icedtea.pulseaudio.Stream.write([BII)I+4
j  org.classpath.icedtea.pulseaudio.PulseAudioClip.writeFrames(II)V+170
j  org.classpath.icedtea.pulseaudio.PulseAudioClip.access$200(Lorg/classpath/icedtea/pulseaudio/PulseAudioClip;II)V+3
j  org.classpath.icedtea.pulseaudio.PulseAudioClip$ClipThread.run()V+20
v  ~StubRoutines::call_stub

---------------  P R O C E S S  ---------------

Java Threads: ( => current thread )
=>0x00007f28f407f000 JavaThread "Thread-1" [_thread_in_native, id=25286, stack(0x00007f290af6b000,0x00007f290b06c000)]
  0x00007f28f4073000 JavaThread "PulseAudio Eventloop Thread" daemon [_thread_blocked, id=25285, stack(0x00007f290baef000,0x00007f290bbf0000)]
  0x00007f28f401b000 JavaThread "TimerQueue" daemon [_thread_blocked, id=25274, stack(0x00007f290b16d000,0x00007f290b26e000)]
  0x00007f295000a800 JavaThread "DestroyJavaVM" [_thread_blocked, id=25247, stack(0x00007f295848a000,0x00007f295858b000)]
  0x00007f2950263000 JavaThread "AWT-EventQueue-0" [_thread_blocked, id=25266, stack(0x00007f290b8ed000,0x00007f290b9ee000)]
  0x00007f2950261800 JavaThread "AWT-Shutdown" [_thread_blocked, id=25265, stack(0x00007f290b9ee000,0x00007f290baef000)]
  0x00007f29501f9800 JavaThread "AWT-XAWT" daemon [_thread_in_native, id=25263, stack(0x00007f2938092000,0x00007f2938193000)]
  0x00007f29501d2800 JavaThread "Java2D Disposer" daemon [_thread_blocked, id=25262, stack(0x00007f2938193000,0x00007f2938294000)]
  0x00007f29500af800 JavaThread "Service Thread" daemon [_thread_blocked, id=25258, stack(0x00007f294193f000,0x00007f2941a40000)]
  0x00007f29500ad800 JavaThread "C2 CompilerThread1" daemon [_thread_blocked, id=25257, stack(0x00007f2941a40000,0x00007f2941b41000)]
  0x00007f29500aa800 JavaThread "C2 CompilerThread0" daemon [_thread_blocked, id=25256, stack(0x00007f2941b41000,0x00007f2941c42000)]
  0x00007f29500a8000 JavaThread "Signal Dispatcher" daemon [_thread_blocked, id=25255, stack(0x00007f2941c42000,0x00007f2941d43000)]
  0x00007f295007c800 JavaThread "Finalizer" daemon [_thread_blocked, id=25254, stack(0x00007f2942ff0000,0x00007f29430f1000)]
  0x00007f295007a800 JavaThread "Reference Handler" daemon [_thread_blocked, id=25253, stack(0x00007f29430f1000,0x00007f29431f2000)]

Other Threads:
  0x00007f2950076000 VMThread [stack: 0x00007f29431f2000,0x00007f29432f3000] [id=25252]
  0x00007f29500ba800 WatcherThread [stack: 0x00007f294183e000,0x00007f294193f000] [id=25259]

VM state:not at safepoint (normal execution)

VM Mutex/Monitor currently owned by a thread: None

Heap
 PSYoungGen      total 37376K, used 36127K [0x00000007d6a00000, 0x00000007db300000, 0x0000000800000000)
  eden space 32256K, 97% used [0x00000007d6a00000,0x00000007d88bbfd0,0x00000007d8980000)
  from space 5120K, 90% used [0x00000007d8e80000,0x00000007d930bcb0,0x00000007d9380000)
  to   space 5120K, 0% used [0x00000007d8980000,0x00000007d8980000,0x00000007d8e80000)
 ParOldGen       total 84480K, used 15856K [0x0000000783e00000, 0x0000000789080000, 0x00000007d6a00000)
  object space 84480K, 18% used [0x0000000783e00000,0x0000000784d7c1d0,0x0000000789080000)
 PSPermGen       total 21504K, used 15873K [0x0000000779800000, 0x000000077ad00000, 0x0000000783e00000)
  object space 21504K, 73% used [0x0000000779800000,0x000000077a780550,0x000000077ad00000)

Card table byte_map: [0x00007f295437d000,0x00007f29547b2000] byte_map_base: 0x00007f29507b1000

Polling page: 0x00007f29585d6000

Code Cache  [0x00007f294d000000, 0x00007f294d270000, 0x00007f2950000000)
 total_blobs=840 nmethods=341 adapters=452 free_code_cache=47845Kb largest_free_block=48961344

Compilation events (10 events):
Event: 60.232 Thread 0x00007f29500aa800  361             java.awt.Rectangle::reshape (22 bytes)
Event: 60.233 Thread 0x00007f29500aa800 nmethod 361 0x00007f294d139250 code [0x00007f294d139380, 0x00007f294d1393f8]
Event: 60.332 Thread 0x00007f29500ad800  362             java.awt.Rectangle::setBounds (10 bytes)
Event: 60.332 Thread 0x00007f29500ad800 nmethod 362 0x00007f294d14a210 code [0x00007f294d14a340, 0x00007f294d14a3b8]
Event: 61.233 Thread 0x00007f29500aa800  363             java.awt.Component::isMaximumSizeSet (5 bytes)
Event: 61.233 Thread 0x00007f29500aa800 nmethod 363 0x00007f294d14a010 code [0x00007f294d14a140, 0x00007f294d14a198]
Event: 61.234 Thread 0x00007f29500ad800  365             java.util.concurrent.locks.LockSupport::setBlocker (12 bytes)
Event: 61.234 Thread 0x00007f29500ad800 nmethod 365 0x00007f294d137650 code [0x00007f294d137780, 0x00007f294d1377f8]
Event: 62.034 Thread 0x00007f29500aa800  366             javax.swing.JComponent::getInsets (23 bytes)
Event: 62.036 Thread 0x00007f29500aa800 nmethod 366 0x00007f294d10ead0 code [0x00007f294d10ec40, 0x00007f294d10ed78]

GC Heap History (4 events):
Event: 11.165 GC heap before
{Heap before GC invocations=1 (full 0):
 PSYoungGen      total 37376K, used 32115K [0x00000007d6a00000, 0x00000007d9380000, 0x0000000800000000)
  eden space 32256K, 99% used [0x00000007d6a00000,0x00000007d895cf80,0x00000007d8980000)
  from space 5120K, 0% used [0x00000007d8e80000,0x00000007d8e80000,0x00000007d9380000)
  to   space 5120K, 0% used [0x00000007d8980000,0x00000007d8980000,0x00000007d8e80000)
 ParOldGen       total 84480K, used 0K [0x0000000783e00000, 0x0000000789080000, 0x00000007d6a00000)
  object space 84480K, 0% used [0x0000000783e00000,0x0000000783e00000,0x0000000789080000)
 PSPermGen       total 21504K, used 15571K [0x0000000779800000, 0x000000077ad00000, 0x0000000783e00000)
  object space 21504K, 72% used [0x0000000779800000,0x000000077a734c90,0x000000077ad00000)
Event: 11.171 GC heap after
Heap after GC invocations=1 (full 0):
 PSYoungGen      total 37376K, used 4798K [0x00000007d6a00000, 0x00000007d9380000, 0x0000000800000000)
  eden space 32256K, 0% used [0x00000007d6a00000,0x00000007d6a00000,0x00000007d8980000)
  from space 5120K, 93% used [0x00000007d8980000,0x00000007d8e2faa0,0x00000007d8e80000)
  to   space 5120K, 0% used [0x00000007d8e80000,0x00000007d8e80000,0x00000007d9380000)
 ParOldGen       total 84480K, used 8K [0x0000000783e00000, 0x0000000789080000, 0x00000007d6a00000)
  object space 84480K, 0% used [0x0000000783e00000,0x0000000783e02000,0x0000000789080000)
 PSPermGen       total 21504K, used 15571K [0x0000000779800000, 0x000000077ad00000, 0x0000000783e00000)
  object space 21504K, 72% used [0x0000000779800000,0x000000077a734c90,0x000000077ad00000)
}
Event: 11.223 GC heap before
{Heap before GC invocations=2 (full 0):
 PSYoungGen      total 37376K, used 22769K [0x00000007d6a00000, 0x00000007d9380000, 0x0000000800000000)
  eden space 32256K, 55% used [0x00000007d6a00000,0x00000007d7b8ccd8,0x00000007d8980000)
  from space 5120K, 93% used [0x00000007d8980000,0x00000007d8e2faa0,0x00000007d8e80000)
  to   space 5120K, 0% used [0x00000007d8e80000,0x00000007d8e80000,0x00000007d9380000)
 ParOldGen       total 84480K, used 8K [0x0000000783e00000, 0x0000000789080000, 0x00000007d6a00000)
  object space 84480K, 0% used [0x0000000783e00000,0x0000000783e02000,0x0000000789080000)
 PSPermGen       total 21504K, used 15667K [0x0000000779800000, 0x000000077ad00000, 0x0000000783e00000)
  object space 21504K, 72% used [0x0000000779800000,0x000000077a74cfd0,0x000000077ad00000)
Event: 11.230 GC heap after
Heap after GC invocations=2 (full 0):
 PSYoungGen      total 37376K, used 4655K [0x00000007d6a00000, 0x00000007db300000, 0x0000000800000000)
  eden space 32256K, 0% used [0x00000007d6a00000,0x00000007d6a00000,0x00000007d8980000)
  from space 5120K, 90% used [0x00000007d8e80000,0x00000007d930bcb0,0x00000007d9380000)
  to   space 5120K, 0% used [0x00000007d8980000,0x00000007d8980000,0x00000007d8e80000)
 ParOldGen       total 84480K, used 15856K [0x0000000783e00000, 0x0000000789080000, 0x00000007d6a00000)
  object space 84480K, 18% used [0x0000000783e00000,0x0000000784d7c1d0,0x0000000789080000)
 PSPermGen       total 21504K, used 15667K [0x0000000779800000, 0x000000077ad00000, 0x0000000783e00000)
  object space 21504K, 72% used [0x0000000779800000,0x000000077a74cfd0,0x000000077ad00000)
}

Deoptimization events (10 events):
Event: 6.583 Thread 0x00007f2950263000 Uncommon trap: reason=class_check action=maybe_recompile pc=0x00007f294d07c018 method=java.lang.String.equals(Ljava/lang/Object;)Z @ 8
Event: 7.487 Thread 0x00007f2950263000 Uncommon trap: reason=class_check action=maybe_recompile pc=0x00007f294d07c018 method=java.lang.String.equals(Ljava/lang/Object;)Z @ 8
Event: 7.794 Thread 0x00007f2950263000 Uncommon trap: reason=class_check action=maybe_recompile pc=0x00007f294d07c018 method=java.lang.String.equals(Ljava/lang/Object;)Z @ 8
Event: 8.489 Thread 0x00007f28f401c800 Uncommon trap: reason=unreached action=reinterpret pc=0x00007f294d0b13c8 method=java.lang.ThreadLocal$ThreadLocalMap.getEntry(Ljava/lang/ThreadLocal;)Ljava/lang/ThreadLocal$ThreadLocalMap$Entry; @ 21
Event: 8.489 Thread 0x00007f2950263000 Uncommon trap: reason=unreached action=reinterpret pc=0x00007f294d0b1014 method=java.lang.ThreadLocal$ThreadLocalMap.getEntry(Ljava/lang/ThreadLocal;)Ljava/lang/ThreadLocal$ThreadLocalMap$Entry; @ 21
Event: 8.506 Thread 0x00007f2950263000 Uncommon trap: reason=unreached action=reinterpret pc=0x00007f294d0ae1f0 method=java.lang.ref.SoftReference.get()Ljava/lang/Object; @ 6
Event: 44.171 Thread 0x00007f2950263000 Uncommon trap: reason=class_check action=maybe_recompile pc=0x00007f294d109ea0 method=javax.swing.SwingUtilities.layoutCompoundLabelImpl(Ljavax/swing/JComponent;Ljava/awt/FontMetrics;Ljava/lang/String;Ljavax/swing/Icon;IIIILjava/awt/Rectangle;Ljava/awt/Re
Event: 44.171 Thread 0x00007f2950263000 Uncommon trap: reason=class_check action=maybe_recompile pc=0x00007f294d109ea0 method=javax.swing.SwingUtilities.layoutCompoundLabelImpl(Ljavax/swing/JComponent;Ljava/awt/FontMetrics;Ljava/lang/String;Ljavax/swing/Icon;IIIILjava/awt/Rectangle;Ljava/awt/Re
Event: 44.172 Thread 0x00007f2950263000 Uncommon trap: reason=class_check action=maybe_recompile pc=0x00007f294d109ea0 method=javax.swing.SwingUtilities.layoutCompoundLabelImpl(Ljavax/swing/JComponent;Ljava/awt/FontMetrics;Ljava/lang/String;Ljavax/swing/Icon;IIIILjava/awt/Rectangle;Ljava/awt/Re
Event: 44.204 Thread 0x00007f2950263000 Uncommon trap: reason=class_check action=maybe_recompile pc=0x00007f294d109ea0 method=javax.swing.SwingUtilities.layoutCompoundLabelImpl(Ljavax/swing/JComponent;Ljava/awt/FontMetrics;Ljava/lang/String;Ljavax/swing/Icon;IIIILjava/awt/Rectangle;Ljava/awt/Re

Internal exceptions (10 events):
Event: 6.106 Thread 0x00007f295000a800 Threw 0x00000007d7175ab8 at /build/buildd/openjdk-7-7u75-2.5.4/build/openjdk/hotspot/src/share/vm/prims/jvm.cpp:1284
Event: 6.513 Thread 0x00007f295000a800 Threw 0x00000007d83d30b0 at /build/buildd/openjdk-7-7u75-2.5.4/build/openjdk/hotspot/src/share/vm/prims/jvm.cpp:1284
Event: 6.525 Thread 0x00007f295000a800 Threw 0x00000007d83d8bd8 at /build/buildd/openjdk-7-7u75-2.5.4/build/openjdk/hotspot/src/share/vm/prims/jvm.cpp:1284
Event: 6.543 Thread 0x00007f29501f9800 Implicit null exception at 0x00007f294d0a1c60 to 0x00007f294d0a1d95
Event: 6.552 Thread 0x00007f29501f9800 Implicit null exception at 0x00007f294d0b173c to 0x00007f294d0b17d9
Event: 6.755 Thread 0x00007f2950263000 Threw 0x00000007d6e132b0 at /build/buildd/openjdk-7-7u75-2.5.4/build/openjdk/hotspot/src/share/vm/prims/jni.cpp:747
Event: 8.489 Thread 0x00007f28f401c800 Implicit null exception at 0x00007f294d0b1315 to 0x00007f294d0b13ad
Event: 8.489 Thread 0x00007f2950263000 Implicit null exception at 0x00007f294d0b0f75 to 0x00007f294d0b0ff9
Event: 8.668 Thread 0x00007f2950263000 Threw 0x00000007d879db58 at /build/buildd/openjdk-7-7u75-2.5.4/build/openjdk/hotspot/src/share/vm/prims/jni.cpp:747
Event: 10.617 Thread 0x00007f2950263000 Threw 0x00000007d87ee2d8 at /build/buildd/openjdk-7-7u75-2.5.4/build/openjdk/hotspot/src/share/vm/prims/jvm.cpp:1284

Events (10 events):
Event: 44.171 Thread 0x00007f2950263000 DEOPT UNPACKING pc=0x00007f294d039445 sp=0x00007f290b9ea2c8 mode 2
Event: 44.171 Thread 0x00007f2950263000 Uncommon trap: trap_request=0xffffffde fr.pc=0x00007f294d109ea0
Event: 44.171 Thread 0x00007f2950263000 DEOPT PACKING pc=0x00007f294d109ea0 sp=0x00007f290b9ea380
Event: 44.171 Thread 0x00007f2950263000 DEOPT UNPACKING pc=0x00007f294d039445 sp=0x00007f290b9ea2c8 mode 2
Event: 44.172 Thread 0x00007f2950263000 Uncommon trap: trap_request=0xffffffde fr.pc=0x00007f294d109ea0
Event: 44.172 Thread 0x00007f2950263000 DEOPT PACKING pc=0x00007f294d109ea0 sp=0x00007f290b9ea380
Event: 44.172 Thread 0x00007f2950263000 DEOPT UNPACKING pc=0x00007f294d039445 sp=0x00007f290b9ea2c8 mode 2
Event: 44.204 Thread 0x00007f2950263000 Uncommon trap: trap_request=0xffffffde fr.pc=0x00007f294d109ea0
Event: 44.204 Thread 0x00007f2950263000 DEOPT PACKING pc=0x00007f294d109ea0 sp=0x00007f290b9ea380
Event: 44.204 Thread 0x00007f2950263000 DEOPT UNPACKING pc=0x00007f294d039445 sp=0x00007f290b9ea2c8 mode 2


Dynamic libraries:
00400000-00401000 r-xp 00000000 08:04 6325548                            /usr/lib/jvm/java-7-openjdk-amd64/jre/bin/java
00600000-00601000 r--p 00000000 08:04 6325548                            /usr/lib/jvm/java-7-openjdk-amd64/jre/bin/java
00601000-00602000 rw-p 00001000 08:04 6325548                            /usr/lib/jvm/java-7-openjdk-amd64/jre/bin/java
022fa000-0231b000 rw-p 00000000 00:00 0                                  [heap]
779800000-77ad00000 rw-p 00000000 00:00 0 
77ad00000-783e00000 rw-p 00000000 00:00 0 
783e00000-789080000 rw-p 00000000 00:00 0 
789080000-7d6a00000 rw-p 00000000 00:00 0 
7d6a00000-7db300000 rw-p 00000000 00:00 0 
7db300000-800000000 rw-p 00000000 00:00 0 
7f28d6cf2000-7f28d6cf3000 ---p 00000000 00:00 0 
7f28d6cf3000-7f28d74f3000 rw-p 00000000 00:00 0 
7f28d74f3000-7f28db4f4000 rw-s 00000000 00:14 153824                     /run/shm/pulse-shm-828839141
7f28db4f4000-7f28db4fa000 r-xp 00000000 08:04 6181394                    /usr/lib/x86_64-linux-gnu/alsa-lib/libasound_module_pcm_pulse.so
7f28db4fa000-7f28db6f9000 ---p 00006000 08:04 6181394                    /usr/lib/x86_64-linux-gnu/alsa-lib/libasound_module_pcm_pulse.so
7f28db6f9000-7f28db6fa000 r--p 00005000 08:04 6181394                    /usr/lib/x86_64-linux-gnu/alsa-lib/libasound_module_pcm_pulse.so
7f28db6fa000-7f28db6fb000 rw-p 00006000 08:04 6181394                    /usr/lib/x86_64-linux-gnu/alsa-lib/libasound_module_pcm_pulse.so
7f28db6fb000-7f28db702000 r-xp 00000000 08:04 6172781                    /usr/lib/x86_64-linux-gnu/libogg.so.0.8.1
7f28db702000-7f28db902000 ---p 00007000 08:04 6172781                    /usr/lib/x86_64-linux-gnu/libogg.so.0.8.1
7f28db902000-7f28db903000 r--p 00007000 08:04 6172781                    /usr/lib/x86_64-linux-gnu/libogg.so.0.8.1
7f28db903000-7f28db904000 rw-p 00008000 08:04 6172781                    /usr/lib/x86_64-linux-gnu/libogg.so.0.8.1
7f28db904000-7f28db930000 r-xp 00000000 08:04 6172791                    /usr/lib/x86_64-linux-gnu/libvorbis.so.0.4.5
7f28db930000-7f28dbb2f000 ---p 0002c000 08:04 6172791                    /usr/lib/x86_64-linux-gnu/libvorbis.so.0.4.5
7f28dbb2f000-7f28dbb30000 r--p 0002b000 08:04 6172791                    /usr/lib/x86_64-linux-gnu/libvorbis.so.0.4.5
7f28dbb30000-7f28dbb31000 rw-p 0002c000 08:04 6172791                    /usr/lib/x86_64-linux-gnu/libvorbis.so.0.4.5
7f28dbb31000-7f28dbde4000 r-xp 00000000 08:04 6172795                    /usr/lib/x86_64-linux-gnu/libvorbisenc.so.2.0.8
7f28dbde4000-7f28dbfe3000 ---p 002b3000 08:04 6172795                    /usr/lib/x86_64-linux-gnu/libvorbisenc.so.2.0.8
7f28dbfe3000-7f28dbfff000 r--p 002b2000 08:04 6172795                    /usr/lib/x86_64-linux-gnu/libvorbisenc.so.2.0.8
7f28dbfff000-7f28dc000000 rw-p 002ce000 08:04 6172795                    /usr/lib/x86_64-linux-gnu/libvorbisenc.so.2.0.8
7f28dc000000-7f28dc021000 rw-p 00000000 00:00 0 
7f28dc021000-7f28e0000000 ---p 00000000 00:00 0 
7f28e0000000-7f28e0021000 rw-p 00000000 00:00 0 
7f28e0021000-7f28e4000000 ---p 00000000 00:00 0 
7f28e4000000-7f28e4021000 rw-p 00000000 00:00 0 
7f28e4021000-7f28e8000000 ---p 00000000 00:00 0 
7f28e8000000-7f28e8021000 rw-p 00000000 00:00 0 
7f28e8021000-7f28ec000000 ---p 00000000 00:00 0 
7f28ec000000-7f28ec021000 rw-p 00000000 00:00 0 
7f28ec021000-7f28f0000000 ---p 00000000 00:00 0 
7f28f0000000-7f28f0f90000 rw-p 00000000 00:00 0 
7f28f0f90000-7f28f4000000 ---p 00000000 00:00 0 
7f28f4000000-7f28f408d000 rw-p 00000000 00:00 0 
7f28f408d000-7f28f8000000 ---p 00000000 00:00 0 
7f28f8000000-7f28f8021000 rw-p 00000000 00:00 0 
7f28f8021000-7f28fc000000 ---p 00000000 00:00 0 
7f28fc000000-7f28fc044000 rw-p 00000000 00:00 0 
7f28fc044000-7f2900000000 ---p 00000000 00:00 0 
7f2900000000-7f2900021000 rw-p 00000000 00:00 0 
7f2900021000-7f2904000000 ---p 00000000 00:00 0 
7f2904000000-7f2904021000 rw-p 00000000 00:00 0 
7f2904021000-7f2908000000 ---p 00000000 00:00 0 
7f29081f2000-7f2908222000 r-xp 00000000 08:04 6161427                    /usr/lib/x86_64-linux-gnu/libFLAC.so.8.3.0
7f2908222000-7f2908421000 ---p 00030000 08:04 6161427                    /usr/lib/x86_64-linux-gnu/libFLAC.so.8.3.0
7f2908421000-7f2908422000 r--p 0002f000 08:04 6161427                    /usr/lib/x86_64-linux-gnu/libFLAC.so.8.3.0
7f2908422000-7f2908423000 rw-p 00030000 08:04 6161427                    /usr/lib/x86_64-linux-gnu/libFLAC.so.8.3.0
7f2908423000-7f2908428000 r-xp 00000000 08:04 6172777                    /usr/lib/x86_64-linux-gnu/libasyncns.so.0.3.1
7f2908428000-7f2908627000 ---p 00005000 08:04 6172777                    /usr/lib/x86_64-linux-gnu/libasyncns.so.0.3.1
7f2908627000-7f2908628000 r--p 00004000 08:04 6172777                    /usr/lib/x86_64-linux-gnu/libasyncns.so.0.3.1
7f2908628000-7f2908629000 rw-p 00005000 08:04 6172777                    /usr/lib/x86_64-linux-gnu/libasyncns.so.0.3.1
7f2908629000-7f290868a000 r-xp 00000000 08:04 6172799                    /usr/lib/x86_64-linux-gnu/libsndfile.so.1.0.25
7f290868a000-7f290888a000 ---p 00061000 08:04 6172799                    /usr/lib/x86_64-linux-gnu/libsndfile.so.1.0.25
7f290888a000-7f290888c000 r--p 00061000 08:04 6172799                    /usr/lib/x86_64-linux-gnu/libsndfile.so.1.0.25
7f290888c000-7f290888d000 rw-p 00063000 08:04 6172799                    /usr/lib/x86_64-linux-gnu/libsndfile.so.1.0.25
7f290888d000-7f2908891000 rw-p 00000000 00:00 0 
7f2908891000-7f2908899000 r-xp 00000000 08:04 5114137                    /lib/x86_64-linux-gnu/libwrap.so.0.7.6
7f2908899000-7f2908a98000 ---p 00008000 08:04 5114137                    /lib/x86_64-linux-gnu/libwrap.so.0.7.6
7f2908a98000-7f2908a99000 r--p 00007000 08:04 5114137                    /lib/x86_64-linux-gnu/libwrap.so.0.7.6
7f2908a99000-7f2908a9a000 rw-p 00008000 08:04 5114137                    /lib/x86_64-linux-gnu/libwrap.so.0.7.6
7f2908a9a000-7f2908a9b000 rw-p 00000000 00:00 0 
7f2908a9b000-7f2908b01000 r-xp 00000000 08:04 6194465                    /usr/lib/x86_64-linux-gnu/pulseaudio/libpulsecommon-4.0.so
7f2908b01000-7f2908d00000 ---p 00066000 08:04 6194465                    /usr/lib/x86_64-linux-gnu/pulseaudio/libpulsecommon-4.0.so
7f2908d00000-7f2908d01000 r--p 00065000 08:04 6194465                    /usr/lib/x86_64-linux-gnu/pulseaudio/libpulsecommon-4.0.so
7f2908d01000-7f2908d02000 rw-p 00066000 08:04 6194465                    /usr/lib/x86_64-linux-gnu/pulseaudio/libpulsecommon-4.0.so
7f2908d02000-7f2908d0c000 r-xp 00000000 08:04 5111867                    /lib/x86_64-linux-gnu/libjson-c.so.2.0.0
7f2908d0c000-7f2908f0b000 ---p 0000a000 08:04 5111867                    /lib/x86_64-linux-gnu/libjson-c.so.2.0.0
7f2908f0b000-7f2908f0c000 r--p 00009000 08:04 5111867                    /lib/x86_64-linux-gnu/libjson-c.so.2.0.0
7f2908f0c000-7f2908f0d000 rw-p 0000a000 08:04 5111867                    /lib/x86_64-linux-gnu/libjson-c.so.2.0.0
7f2908f0d000-7f2908f54000 r-xp 00000000 08:04 6173633                    /usr/lib/x86_64-linux-gnu/libpulse.so.0.16.2
7f2908f54000-7f2909154000 ---p 00047000 08:04 6173633                    /usr/lib/x86_64-linux-gnu/libpulse.so.0.16.2
7f2909154000-7f2909155000 r--p 00047000 08:04 6173633                    /usr/lib/x86_64-linux-gnu/libpulse.so.0.16.2
7f2909155000-7f2909156000 rw-p 00048000 08:04 6173633                    /usr/lib/x86_64-linux-gnu/libpulse.so.0.16.2
7f2909358000-7f2909441000 r-xp 00000000 08:04 6169026                    /usr/lib/x86_64-linux-gnu/libasound.so.2.0.0
7f2909441000-7f2909640000 ---p 000e9000 08:04 6169026                    /usr/lib/x86_64-linux-gnu/libasound.so.2.0.0
7f2909640000-7f2909647000 r--p 000e8000 08:04 6169026                    /usr/lib/x86_64-linux-gnu/libasound.so.2.0.0
7f2909647000-7f2909648000 rw-p 000ef000 08:04 6169026                    /usr/lib/x86_64-linux-gnu/libasound.so.2.0.0
7f2909687000-7f290968e000 r--s 00000000 08:04 6203694                    /usr/lib/x86_64-linux-gnu/gconv/gconv-modules.cache
7f290968e000-7f290968f000 r--p 00000000 08:04 131194                     /usr/share/locale-langpack/en_GB/LC_MESSAGES/pulseaudio.mo
7f290968f000-7f290969e000 r-xp 00000000 08:04 6292134                    /usr/lib/jvm/java-7-openjdk-amd64/jre/lib/amd64/libjsoundalsa.so
7f290969e000-7f290989d000 ---p 0000f000 08:04 6292134                    /usr/lib/jvm/java-7-openjdk-amd64/jre/lib/amd64/libjsoundalsa.so
7f290989d000-7f290989e000 r--p 0000e000 08:04 6292134                    /usr/lib/jvm/java-7-openjdk-amd64/jre/lib/amd64/libjsoundalsa.so
7f290989e000-7f290989f000 rw-p 0000f000 08:04 6292134                    /usr/lib/jvm/java-7-openjdk-amd64/jre/lib/amd64/libjsoundalsa.so
7f290989f000-7f29098a0000 r-xp 00000000 08:04 6325517                    /usr/lib/jvm/java-7-openjdk-amd64/jre/lib/amd64/libjsound.so
7f29098a0000-7f2909a9f000 ---p 00001000 08:04 6325517                    /usr/lib/jvm/java-7-openjdk-amd64/jre/lib/amd64/libjsound.so
7f2909a9f000-7f2909aa0000 r--p 00000000 08:04 6325517                    /usr/lib/jvm/java-7-openjdk-amd64/jre/lib/amd64/libjsound.so
7f2909aa0000-7f2909aa1000 rw-p 00001000 08:04 6325517                    /usr/lib/jvm/java-7-openjdk-amd64/jre/lib/amd64/libjsound.so
7f2909aa1000-7f2909b9c000 rw-s 00000000 00:04 4456467                    /SYSV00000000 (deleted)
7f290a780000-7f290a78c000 r-xp 00000000 08:04 6325516                    /usr/lib/jvm/java-7-openjdk-amd64/jre/lib/amd64/libicedtea-sound.so
7f290a78c000-7f290a98b000 ---p 0000c000 08:04 6325516                    /usr/lib/jvm/java-7-openjdk-amd64/jre/lib/amd64/libicedtea-sound.so
7f290a98b000-7f290a98c000 r--p 0000b000 08:04 6325516                    /usr/lib/jvm/java-7-openjdk-amd64/jre/lib/amd64/libicedtea-sound.so
7f290a98c000-7f290a98d000 rw-p 0000c000 08:04 6325516                    /usr/lib/jvm/java-7-openjdk-amd64/jre/lib/amd64/libicedtea-sound.so
7f290a98d000-7f290a98e000 r--s 00000000 08:04 5402613                    /var/cache/fontconfig/087e1975ba9a574b140bb1df193bf770-le64.cache-4
7f290a98e000-7f290a99c000 r--s 00000000 08:04 5404231                    /var/cache/fontconfig/6aa41aa22e18b8fa06a12da28ea9c28b-le64.cache-4
7f290a99c000-7f290a99d000 r--s 00000000 08:04 5404230                    /var/cache/fontconfig/c05880de57d1f5e948fdfacc138775d9-le64.cache-4
7f290a99d000-7f290a9a8000 r--s 00000000 08:04 5402602                    /var/cache/fontconfig/945677eb7aeaf62f1d50efc3fb3ec7d8-le64.cache-4
7f290a9a8000-7f290a9ad000 r--s 00000000 08:04 5404228                    /var/cache/fontconfig/99e8ed0e538f840c565b6ed5dad60d56-le64.cache-4
7f290a9ad000-7f290a9b6000 r--s 00000000 08:04 5404227                    /var/cache/fontconfig/a6d8cf8e4ec09cdbc8633c31745a07dd-le64.cache-4
7f290a9b6000-7f290a9bc000 r--s 00000000 08:04 5404226                    /var/cache/fontconfig/2cd17615ca594fa2959ae173292e504c-le64.cache-4
7f290a9bc000-7f290a9bd000 r--s 00000000 08:04 5404225                    /var/cache/fontconfig/e7071f4a29fa870f4323321c154eba04-le64.cache-4
7f290a9bd000-7f290a9be000 r--s 00000000 08:04 5404224                    /var/cache/fontconfig/0d8c3b2ac0904cb8a57a757ad11a4a08-le64.cache-4
7f290a9be000-7f290a9c5000 r--s 00000000 08:04 5404223                    /var/cache/fontconfig/a755afe4a08bf5b97852ceb7400b47bc-le64.cache-4
7f290a9c5000-7f290a9d1000 r--s 00000000 08:04 5404222                    /var/cache/fontconfig/6d41288fd70b0be22e8c3a91e032eec0-le64.cache-4
7f290a9d1000-7f290a9e5000 r--s 00000000 08:04 5404221                    /var/cache/fontconfig/04aabc0a78ac019cf9454389977116d2-le64.cache-4
7f290a9e5000-7f290a9e6000 r--s 00000000 08:04 5404220                    /var/cache/fontconfig/1ac9eb803944fde146138c791f5cc56a-le64.cache-4
7f290a9e6000-7f290a9e7000 r--s 00000000 08:04 5404219                    /var/cache/fontconfig/b95bc8ffbebda2bbdae4265e45b8178d-le64.cache-4
7f290a9e7000-7f290a9eb000 r--s 00000000 08:04 5404218                    /var/cache/fontconfig/385c0604a188198f04d133e54aba7fe7-le64.cache-4
7f290a9eb000-7f290a9ec000 r--s 00000000 08:04 5404217                    /var/cache/fontconfig/9c956a7723ca69a44b382d9179c9802f-le64.cache-4
7f290a9ec000-7f290a9ed000 r--s 00000000 08:04 5404216                    /var/cache/fontconfig/9451a55048e8dbe8633e64d34165fdf2-le64.cache-4
7f290a9ed000-7f290a9ee000 r--s 00000000 08:04 5404215                    /var/cache/fontconfig/dc05db6664285cc2f12bf69c139ae4c3-le64.cache-4
7f290a9ee000-7f290a9ef000 r--s 00000000 08:04 5404214                    /var/cache/fontconfig/5d1cca7074f29429a8d18692746c2426-le64.cache-4
7f290a9ef000-7f290a9f1000 r--s 00000000 08:04 5404213                    /var/cache/fontconfig/767a8244fc0220cfb567a839d0392e0b-le64.cache-4
7f290a9f1000-7f290a9f2000 r--s 00000000 08:04 5380670                    /var/cache/fontconfig/4794a0821666d79190d59a36cb4f44b5-le64.cache-4
7f290a9f2000-7f290a9f3000 r--s 00000000 08:04 5404211                    /var/cache/fontconfig/9eae20f1ff8cc0a7d125749e875856bd-le64.cache-4
7f290a9f3000-7f290a9f5000 r--s 00000000 08:04 5404210                    /var/cache/fontconfig/bf2c1853a9e9b00bb02fe2e9bcf1e201-le64.cache-4
7f290a9f5000-7f290a9fa000 r--s 00000000 08:04 5404209                    /var/cache/fontconfig/8801497958630a81b71ace7c5f9b32a8-le64.cache-4
7f290a9fa000-7f290aa35000 r--s 00000000 08:04 5404208                    /var/cache/fontconfig/365b55f210c0a22e9a19e35191240f32-le64.cache-4
7f290aa35000-7f290aa39000 r--s 00000000 08:04 5404207                    /var/cache/fontconfig/c57959a16110560c8d0fcea73374aeeb-le64.cache-4
7f290aa39000-7f290aa40000 r--s 00000000 08:04 5404206                    /var/cache/fontconfig/3047814df9a2f067bd2d96a2b9c36e5a-le64.cache-4
7f290aa40000-7f290aa44000 r--s 00000000 08:04 5404205                    /var/cache/fontconfig/bf3b770c553c462765856025a94f1ce6-le64.cache-4
7f290aa44000-7f290aa45000 r--s 00000000 08:04 5404204                    /var/cache/fontconfig/56cf4f4769d0f4abc89a4895d7bd3ae1-le64.cache-4
7f290aa45000-7f290aa46000 r--s 00000000 08:04 5404203                    /var/cache/fontconfig/b9d506c9ac06c20b433354fa67a72993-le64.cache-4
7f290aa46000-7f290aa4c000 r--s 00000000 08:04 5404202                    /var/cache/fontconfig/b47c4e1ecd0709278f4910c18777a504-le64.cache-4
7f290aa4c000-7f290aa4f000 r--s 00000000 08:04 5404201                    /var/cache/fontconfig/14d493b97896515cad3840ba4896e372-le64.cache-4
7f290aa4f000-7f290aa57000 r--s 00000000 08:04 5404198                    /var/cache/fontconfig/ce677e824a231659fde4a3a246a10ea3-le64.cache-4
7f290aa57000-7f290aa58000 r--s 00000000 08:04 5404197                    /var/cache/fontconfig/89034621ae2a8922916bb6bfa5799546-le64.cache-4
7f290aa58000-7f290aa61000 r--s 00000000 08:04 5404196                    /var/cache/fontconfig/52f7bdb7ce746bfd7eaa1985bd9cfa93-le64.cache-4
7f290aa61000-7f290aa64000 r--s 00000000 08:04 5404195                    /var/cache/fontconfig/e49e89034d371f0f9de17aab02136486-le64.cache-4
7f290aa64000-7f290aa66000 r--s 00000000 08:04 5404194                    /var/cache/fontconfig/4b14b093aebc79c320de5e86ae1d3314-le64.cache-4
7f290aa66000-7f290aa67000 r--s 00000000 08:04 5404189                    /var/cache/fontconfig/8aec10f4cc8391dcef22ca549f1e4354-le64.cache-4
7f290aa67000-7f290aa7a000 r--s 00000000 08:04 5404188                    /var/cache/fontconfig/d52a8644073d54c13679302ca1180695-le64.cache-4
7f290aa7a000-7f290aa7b000 r--s 00000000 08:04 5404184                    /var/cache/fontconfig/8a687c406b77f27d99abfeeba937fcce-le64.cache-4
7f290aa7b000-7f290aa83000 r--s 00000000 08:04 5404183                    /var/cache/fontconfig/105b9c7e6f0a4f82d8c9b6e39c52c6f9-le64.cache-4
7f290aa83000-7f290aa8c000 r--s 00000000 08:04 5378612                    /var/cache/fontconfig/3f7329c5293ffd510edef78f73874cfd-le64.cache-4
7f290aa8c000-7f290aa8d000 r--s 00000000 08:04 5404050                    /var/cache/fontconfig/ac2cf712d852da827a87a9baf682f5b9-le64.cache-4
7f290aa8d000-7f290aa8f000 r--s 00000000 08:04 5403086                    /var/cache/fontconfig/65f976e5259cbe6dc7697b8648396239-le64.cache-4
7f290aa8f000-7f290aa9a000 r--s 00000000 08:04 5402957                    /var/cache/fontconfig/d589a48862398ed80a3d6066f4f56f4c-le64.cache-4
7f290aa9a000-7f290aa9b000 r--s 00000000 08:04 5402953                    /var/cache/fontconfig/94f7fe9bd33aadfac165873bd010d595-le64.cache-4
7f290aa9b000-7f290aa9d000 r--s 00000000 08:04 5402949                    /var/cache/fontconfig/423767150eb258c59035de29db6fca84-le64.cache-4
7f290aa9d000-7f290aaaa000 r--s 00000000 08:04 5380533                    /var/cache/fontconfig/089dead882dea3570ffc31a9898cfb69-le64.cache-4
7f290aaaa000-7f290aab4000 r--s 00000000 08:04 5402926                    /var/cache/fontconfig/198d8fcf01c96d0cf813f74fd759bdb7-le64.cache-4
7f290aab4000-7f290aabf000 r--s 00000000 08:04 5402914                    /var/cache/fontconfig/83bf95040141907cd45bb53cf7c1c148-le64.cache-4
7f290aabf000-7f290aac6000 r--s 00000000 08:04 5402862                    /var/cache/fontconfig/53d14c92082a93e67d5078324eb314ca-le64.cache-4
7f290aac6000-7f290aaca000 r--s 00000000 08:04 5402861                    /var/cache/fontconfig/6c08beecf0dac481ec92e759e0c2e6d7-le64.cache-4
7f290aaca000-7f290aadd000 r--s 00000000 08:04 5402651                    /var/cache/fontconfig/4ac51e5cfbc76fc3f983e470323a16d3-le64.cache-4
7f290aadd000-7f290aafe000 r--s 00000000 08:04 5374396                    /var/cache/fontconfig/e13b20fdb08344e0e664864cc2ede53d-le64.cache-4
7f290aafe000-7f290ab1c000 r--s 00000000 08:04 5380229                    /var/cache/fontconfig/467c019e582ee353435ea5c21d137ef6-le64.cache-4
7f290ab67000-7f290ab6a000 ---p 00000000 00:00 0 
7f290ab6a000-7f290ac68000 rw-p 00000000 00:00 0 
7f290ac68000-7f290ac6b000 ---p 00000000 00:00 0 
7f290ac6b000-7f290ad69000 rw-p 00000000 00:00 0 
7f290ad69000-7f290ad6c000 ---p 00000000 00:00 0 
7f290ad6c000-7f290ae6a000 rw-p 00000000 00:00 0 
7f290ae6a000-7f290ae6d000 ---p 00000000 00:00 0 
7f290ae6d000-7f290af6b000 rw-p 00000000 00:00 0 
7f290af6b000-7f290af6e000 ---p 00000000 00:00 0 
7f290af6e000-7f290b06c000 rw-p 00000000 00:00 0                          [stack:25286]
7f290b06c000-7f290b06f000 ---p 00000000 00:00 0 
7f290b06f000-7f290b16d000 rw-p 00000000 00:00 0 
7f290b16d000-7f290b170000 ---p 00000000 00:00 0 
7f290b170000-7f290b26e000 rw-p 00000000 00:00 0                          [stack:25274]
7f290b26e000-7f290b27e000 r-xp 00000000 08:04 6325519                    /usr/lib/jvm/java-7-openjdk-amd64/jre/lib/amd64/libnio.so
7f290b27e000-7f290b47e000 ---p 00010000 08:04 6325519                    /usr/lib/jvm/java-7-openjdk-amd64/jre/lib/amd64/libnio.so
7f290b47e000-7f290b47f000 r--p 00010000 08:04 6325519                    /usr/lib/jvm/java-7-openjdk-amd64/jre/lib/amd64/libnio.so
7f290b47f000-7f290b480000 rw-p 00011000 08:04 6325519                    /usr/lib/jvm/java-7-openjdk-amd64/jre/lib/amd64/libnio.so
7f290b480000-7f290b497000 r-xp 00000000 08:04 6325523                    /usr/lib/jvm/java-7-openjdk-amd64/jre/lib/amd64/libnet.so
7f290b497000-7f290b696000 ---p 00017000 08:04 6325523                    /usr/lib/jvm/java-7-openjdk-amd64/jre/lib/amd64/libnet.so
7f290b696000-7f290b697000 r--p 00016000 08:04 6325523                    /usr/lib/jvm/java-7-openjdk-amd64/jre/lib/amd64/libnet.so
7f290b697000-7f290b698000 rw-p 00017000 08:04 6325523                    /usr/lib/jvm/java-7-openjdk-amd64/jre/lib/amd64/libnet.so
7f290b698000-7f290b6e9000 r-xp 00000000 08:04 6325529                    /usr/lib/jvm/java-7-openjdk-amd64/jre/lib/amd64/libfontmanager.so
7f290b6e9000-7f290b8e9000 ---p 00051000 08:04 6325529                    /usr/lib/jvm/java-7-openjdk-amd64/jre/lib/amd64/libfontmanager.so
7f290b8e9000-7f290b8ec000 r--p 00051000 08:04 6325529                    /usr/lib/jvm/java-7-openjdk-amd64/jre/lib/amd64/libfontmanager.so
7f290b8ec000-7f290b8ed000 rw-p 00054000 08:04 6325529                    /usr/lib/jvm/java-7-openjdk-amd64/jre/lib/amd64/libfontmanager.so
7f290b8ed000-7f290b8f0000 ---p 00000000 00:00 0 
7f290b8f0000-7f290b9ee000 rw-p 00000000 00:00 0                          [stack:25266]
7f290b9ee000-7f290b9f1000 ---p 00000000 00:00 0 
7f290b9f1000-7f290baef000 rw-p 00000000 00:00 0                          [stack:25265]
7f290baef000-7f290baf2000 ---p 00000000 00:00 0 
7f290baf2000-7f290bbf0000 rw-p 00000000 00:00 0                          [stack:25285]
7f290bbf0000-7f290bbf5000 r-xp 00000000 08:04 6169240                    /usr/lib/x86_64-linux-gnu/libXfixes.so.3.1.0
7f290bbf5000-7f290bdf4000 ---p 00005000 08:04 6169240                    /usr/lib/x86_64-linux-gnu/libXfixes.so.3.1.0
7f290bdf4000-7f290bdf5000 r--p 00004000 08:04 6169240                    /usr/lib/x86_64-linux-gnu/libXfixes.so.3.1.0
7f290bdf5000-7f290bdf6000 rw-p 00005000 08:04 6169240                    /usr/lib/x86_64-linux-gnu/libXfixes.so.3.1.0
7f290bdf6000-7f290bdff000 r-xp 00000000 08:04 6169244                    /usr/lib/x86_64-linux-gnu/libXcursor.so.1.0.2
7f290bdff000-7f290bffe000 ---p 00009000 08:04 6169244                    /usr/lib/x86_64-linux-gnu/libXcursor.so.1.0.2
7f290bffe000-7f290bfff000 r--p 00008000 08:04 6169244                    /usr/lib/x86_64-linux-gnu/libXcursor.so.1.0.2
7f290bfff000-7f290c000000 rw-p 00009000 08:04 6169244                    /usr/lib/x86_64-linux-gnu/libXcursor.so.1.0.2
7f290c000000-7f290c021000 rw-p 00000000 00:00 0 
7f290c021000-7f2910000000 ---p 00000000 00:00 0 
7f2910000000-7f2910021000 rw-p 00000000 00:00 0 
7f2910021000-7f2914000000 ---p 00000000 00:00 0 
7f2914000000-7f2914962000 rw-p 00000000 00:00 0 
7f2914962000-7f2918000000 ---p 00000000 00:00 0 
7f2918000000-7f2918021000 rw-p 00000000 00:00 0 
7f2918021000-7f291c000000 ---p 00000000 00:00 0 
7f291c000000-7f291c021000 rw-p 00000000 00:00 0 
7f291c021000-7f2920000000 ---p 00000000 00:00 0 
7f2920000000-7f2920823000 rw-p 00000000 00:00 0 
7f2920823000-7f2924000000 ---p 00000000 00:00 0 
7f2924000000-7f2924021000 rw-p 00000000 00:00 0 
7f2924021000-7f2928000000 ---p 00000000 00:00 0 
7f2928000000-7f2928021000 rw-p 00000000 00:00 0 
7f2928021000-7f292c000000 ---p 00000000 00:00 0 
7f292c000000-7f292c021000 rw-p 00000000 00:00 0 
7f292c021000-7f2930000000 ---p 00000000 00:00 0 
7f2930000000-7f2930021000 rw-p 00000000 00:00 0 
7f2930021000-7f2934000000 ---p 00000000 00:00 0 
7f2934000000-7f2934021000 rw-p 00000000 00:00 0 
7f2934021000-7f2938000000 ---p 00000000 00:00 0 
7f2938000000-7f2938001000 r--s 00000000 08:04 5402939                    /var/cache/fontconfig/845c20fd2c4814bcec78e05d37a63ccc-le64.cache-4
7f2938001000-7f2938002000 r--s 00000000 08:04 5402938                    /var/cache/fontconfig/e7de81b01590fb7e12b38e274e17d0db-le64.cache-4
7f2938002000-7f2938003000 r--s 00000000 08:04 5402935                    /var/cache/fontconfig/406a1d2d2bf3ed7664fbadefac0b2f66-le64.cache-4
7f2938003000-7f2938007000 r--s 00000000 08:04 5402849                    /var/cache/fontconfig/4d6aee6d44eccb37054d3216e945f618-le64.cache-4
7f2938007000-7f293800b000 r--s 00000000 08:04 5402683                    /var/cache/fontconfig/d6c6df98c3df5faf9bd0f8ef4d91efe5-le64.cache-4
7f293800b000-7f293800f000 r--s 00000000 08:04 5402674                    /var/cache/fontconfig/9fb319ef52839f11ee26ab8b4cffa12b-le64.cache-4
7f2938092000-7f2938095000 ---p 00000000 00:00 0 
7f2938095000-7f2938193000 rw-p 00000000 00:00 0                          [stack:25263]
7f2938193000-7f2938196000 ---p 00000000 00:00 0 
7f2938196000-7f2938294000 rw-p 00000000 00:00 0                          [stack:25262]
7f2938294000-7f2938298000 r-xp 00000000 08:04 5112067                    /lib/x86_64-linux-gnu/libgpg-error.so.0.10.0
7f2938298000-7f2938497000 ---p 00004000 08:04 5112067                    /lib/x86_64-linux-gnu/libgpg-error.so.0.10.0
7f2938497000-7f2938498000 r--p 00003000 08:04 5112067                    /lib/x86_64-linux-gnu/libgpg-error.so.0.10.0
7f2938498000-7f2938499000 rw-p 00004000 08:04 5112067                    /lib/x86_64-linux-gnu/libgpg-error.so.0.10.0
7f2938499000-7f293849b000 r-xp 00000000 08:04 5113922                    /lib/x86_64-linux-gnu/libkeyutils.so.1.4
7f293849b000-7f293869b000 ---p 00002000 08:04 5113922                    /lib/x86_64-linux-gnu/libkeyutils.so.1.4
7f293869b000-7f293869c000 r--p 00002000 08:04 5113922                    /lib/x86_64-linux-gnu/libkeyutils.so.1.4
7f293869c000-7f293869d000 rw-p 00003000 08:04 5113922                    /lib/x86_64-linux-gnu/libkeyutils.so.1.4
7f293869d000-7f29386da000 r-xp 00000000 08:04 5111906                    /lib/x86_64-linux-gnu/libpcre.so.3.13.1
7f29386da000-7f29388d9000 ---p 0003d000 08:04 5111906                    /lib/x86_64-linux-gnu/libpcre.so.3.13.1
7f29388d9000-7f29388da000 r--p 0003c000 08:04 5111906                    /lib/x86_64-linux-gnu/libpcre.so.3.13.1
7f29388da000-7f29388db000 rw-p 0003d000 08:04 5111906                    /lib/x86_64-linux-gnu/libpcre.so.3.13.1
7f29388db000-7f2938900000 r-xp 00000000 08:04 5111915                    /lib/x86_64-linux-gnu/libpng12.so.0.50.0
7f2938900000-7f2938aff000 ---p 00025000 08:04 5111915                    /lib/x86_64-linux-gnu/libpng12.so.0.50.0
7f2938aff000-7f2938b00000 r--p 00024000 08:04 5111915                    /lib/x86_64-linux-gnu/libpng12.so.0.50.0
7f2938b00000-7f2938b01000 rw-p 00025000 08:04 5111915                    /lib/x86_64-linux-gnu/libpng12.so.0.50.0
7f2938b01000-7f2938b45000 r-xp 00000000 08:04 5111997                    /lib/x86_64-linux-gnu/libdbus-1.so.3.7.6
7f2938b45000-7f2938d44000 ---p 00044000 08:04 5111997                    /lib/x86_64-linux-gnu/libdbus-1.so.3.7.6
7f2938d44000-7f2938d45000 r--p 00043000 08:04 5111997                    /lib/x86_64-linux-gnu/libdbus-1.so.3.7.6
7f2938d45000-7f2938d46000 rw-p 00044000 08:04 5111997                    /lib/x86_64-linux-gnu/libdbus-1.so.3.7.6
7f2938d46000-7f2938d81000 r-xp 00000000 08:04 6165318                    /usr/lib/x86_64-linux-gnu/libp11-kit.so.0.0.0
7f2938d81000-7f2938f80000 ---p 0003b000 08:04 6165318                    /usr/lib/x86_64-linux-gnu/libp11-kit.so.0.0.0
7f2938f80000-7f2938f86000 r--p 0003a000 08:04 6165318                    /usr/lib/x86_64-linux-gnu/libp11-kit.so.0.0.0
7f2938f86000-7f2938f88000 rw-p 00040000 08:04 6165318                    /usr/lib/x86_64-linux-gnu/libp11-kit.so.0.0.0
7f2938f88000-7f2938f9a000 r-xp 00000000 08:04 6164598                    /usr/lib/x86_64-linux-gnu/libtasn1.so.6.2.0
7f2938f9a000-7f293919a000 ---p 00012000 08:04 6164598                    /usr/lib/x86_64-linux-gnu/libtasn1.so.6.2.0
7f293919a000-7f293919b000 r--p 00012000 08:04 6164598                    /usr/lib/x86_64-linux-gnu/libtasn1.so.6.2.0
7f293919b000-7f293919c000 rw-p 00013000 08:04 6164598                    /usr/lib/x86_64-linux-gnu/libtasn1.so.6.2.0
7f293919c000-7f2939218000 r-xp 00000000 08:04 5111993                    /lib/x86_64-linux-gnu/libgcrypt.so.11.8.2
7f2939218000-7f2939417000 ---p 0007c000 08:04 5111993                    /lib/x86_64-linux-gnu/libgcrypt.so.11.8.2
7f2939417000-7f2939418000 r--p 0007b000 08:04 5111993                    /lib/x86_64-linux-gnu/libgcrypt.so.11.8.2
7f2939418000-7f293941b000 rw-p 0007c000 08:04 5111993                    /lib/x86_64-linux-gnu/libgcrypt.so.11.8.2
7f293941b000-7f2939425000 r-xp 00000000 08:04 6167503                    /usr/lib/x86_64-linux-gnu/libkrb5support.so.0.1
7f2939425000-7f2939624000 ---p 0000a000 08:04 6167503                    /usr/lib/x86_64-linux-gnu/libkrb5support.so.0.1
7f2939624000-7f2939625000 r--p 00009000 08:04 6167503                    /usr/lib/x86_64-linux-gnu/libkrb5support.so.0.1
7f2939625000-7f2939626000 rw-p 0000a000 08:04 6167503                    /usr/lib/x86_64-linux-gnu/libkrb5support.so.0.1
7f2939626000-7f2939629000 r-xp 00000000 08:04 5111828                    /lib/x86_64-linux-gnu/libcom_err.so.2.1
7f2939629000-7f2939828000 ---p 00003000 08:04 5111828                    /lib/x86_64-linux-gnu/libcom_err.so.2.1
7f2939828000-7f2939829000 r--p 00002000 08:04 5111828                    /lib/x86_64-linux-gnu/libcom_err.so.2.1
7f2939829000-7f293982a000 rw-p 00003000 08:04 5111828                    /lib/x86_64-linux-gnu/libcom_err.so.2.1
7f293982a000-7f2939856000 r-xp 00000000 08:04 6185547                    /usr/lib/x86_64-linux-gnu/libk5crypto.so.3.1
7f2939856000-7f2939a55000 ---p 0002c000 08:04 6185547                    /usr/lib/x86_64-linux-gnu/libk5crypto.so.3.1
7f2939a55000-7f2939a57000 r--p 0002b000 08:04 6185547                    /usr/lib/x86_64-linux-gnu/libk5crypto.so.3.1
7f2939a57000-7f2939a58000 rw-p 0002d000 08:04 6185547                    /usr/lib/x86_64-linux-gnu/libk5crypto.so.3.1
7f2939a58000-7f2939a59000 rw-p 00000000 00:00 0 
7f2939a59000-7f2939b15000 r-xp 00000000 08:04 6171451                    /usr/lib/x86_64-linux-gnu/libkrb5.so.3.3
7f2939b15000-7f2939d15000 ---p 000bc000 08:04 6171451                    /usr/lib/x86_64-linux-gnu/libkrb5.so.3.3
7f2939d15000-7f2939d22000 r--p 000bc000 08:04 6171451                    /usr/lib/x86_64-linux-gnu/libkrb5.so.3.3
7f2939d22000-7f2939d24000 rw-p 000c9000 08:04 6171451                    /usr/lib/x86_64-linux-gnu/libkrb5.so.3.3
7f2939d24000-7f2939d29000 r-xp 00000000 08:04 6167578                    /usr/lib/x86_64-linux-gnu/libXdmcp.so.6.0.0
7f2939d29000-7f2939f28000 ---p 00005000 08:04 6167578                    /usr/lib/x86_64-linux-gnu/libXdmcp.so.6.0.0
7f2939f28000-7f2939f29000 r--p 00004000 08:04 6167578                    /usr/lib/x86_64-linux-gnu/libXdmcp.so.6.0.0
7f2939f29000-7f2939f2a000 rw-p 00005000 08:04 6167578                    /usr/lib/x86_64-linux-gnu/libXdmcp.so.6.0.0
7f2939f2a000-7f2939f2c000 r-xp 00000000 08:04 6167576                    /usr/lib/x86_64-linux-gnu/libXau.so.6.0.0
7f2939f2c000-7f293a12c000 ---p 00002000 08:04 6167576                    /usr/lib/x86_64-linux-gnu/libXau.so.6.0.0
7f293a12c000-7f293a12d000 r--p 00002000 08:04 6167576                    /usr/lib/x86_64-linux-gnu/libXau.so.6.0.0
7f293a12d000-7f293a12e000 rw-p 00003000 08:04 6167576                    /usr/lib/x86_64-linux-gnu/libXau.so.6.0.0
7f293a12e000-7f293a135000 r-xp 00000000 08:04 6165284                    /usr/lib/x86_64-linux-gnu/libffi.so.6.0.1
7f293a135000-7f293a334000 ---p 00007000 08:04 6165284                    /usr/lib/x86_64-linux-gnu/libffi.so.6.0.1
7f293a334000-7f293a335000 r--p 00006000 08:04 6165284                    /usr/lib/x86_64-linux-gnu/libffi.so.6.0.1
7f293a335000-7f293a336000 rw-p 00007000 08:04 6165284                    /usr/lib/x86_64-linux-gnu/libffi.so.6.0.1
7f293a336000-7f293a34d000 r-xp 00000000 08:04 5112035                    /lib/x86_64-linux-gnu/libresolv-2.19.so
7f293a34d000-7f293a54d000 ---p 00017000 08:04 5112035                    /lib/x86_64-linux-gnu/libresolv-2.19.so
7f293a54d000-7f293a54e000 r--p 00017000 08:04 5112035                    /lib/x86_64-linux-gnu/libresolv-2.19.so
7f293a54e000-7f293a54f000 rw-p 00018000 08:04 5112035                    /lib/x86_64-linux-gnu/libresolv-2.19.so
7f293a54f000-7f293a551000 rw-p 00000000 00:00 0 
7f293a551000-7f293a571000 r-xp 00000000 08:04 5111873                    /lib/x86_64-linux-gnu/libselinux.so.1
7f293a571000-7f293a770000 ---p 00020000 08:04 5111873                    /lib/x86_64-linux-gnu/libselinux.so.1
7f293a770000-7f293a771000 r--p 0001f000 08:04 5111873                    /lib/x86_64-linux-gnu/libselinux.so.1
7f293a771000-7f293a772000 rw-p 00020000 08:04 5111873                    /lib/x86_64-linux-gnu/libselinux.so.1
7f293a772000-7f293a774000 rw-p 00000000 00:00 0 
7f293a774000-7f293a87a000 r-xp 00000000 08:04 5112221                    /lib/x86_64-linux-gnu/libglib-2.0.so.0.4002.0
7f293a87a000-7f293aa79000 ---p 00106000 08:04 5112221                    /lib/x86_64-linux-gnu/libglib-2.0.so.0.4002.0
7f293aa79000-7f293aa7a000 r--p 00105000 08:04 5112221                    /lib/x86_64-linux-gnu/libglib-2.0.so.0.4002.0
7f293aa7a000-7f293aa7b000 rw-p 00106000 08:04 5112221                    /lib/x86_64-linux-gnu/libglib-2.0.so.0.4002.0
7f293aa7b000-7f293aa7c000 rw-p 00000000 00:00 0 
7f293aa7c000-7f293aa7f000 r-xp 00000000 08:04 6163449                    /usr/lib/x86_64-linux-gnu/libgmodule-2.0.so.0.4002.0
7f293aa7f000-7f293ac7e000 ---p 00003000 08:04 6163449                    /usr/lib/x86_64-linux-gnu/libgmodule-2.0.so.0.4002.0
7f293ac7e000-7f293ac7f000 r--p 00002000 08:04 6163449                    /usr/lib/x86_64-linux-gnu/libgmodule-2.0.so.0.4002.0
7f293ac7f000-7f293ac80000 rw-p 00003000 08:04 6163449                    /usr/lib/x86_64-linux-gnu/libgmodule-2.0.so.0.4002.0
7f293ac80000-7f293aca7000 r-xp 00000000 08:04 5112063                    /lib/x86_64-linux-gnu/libexpat.so.1.6.0
7f293aca7000-7f293aea7000 ---p 00027000 08:04 5112063                    /lib/x86_64-linux-gnu/libexpat.so.1.6.0
7f293aea7000-7f293aea9000 r--p 00027000 08:04 5112063                    /lib/x86_64-linux-gnu/libexpat.so.1.6.0
7f293aea9000-7f293aeaa000 rw-p 00029000 08:04 5112063                    /lib/x86_64-linux-gnu/libexpat.so.1.6.0
7f293aeaa000-7f293af47000 r-xp 00000000 08:04 6166080                    /usr/lib/x86_64-linux-gnu/libfreetype.so.6.11.1
7f293af47000-7f293b146000 ---p 0009d000 08:04 6166080                    /usr/lib/x86_64-linux-gnu/libfreetype.so.6.11.1
7f293b146000-7f293b14c000 r--p 0009c000 08:04 6166080                    /usr/lib/x86_64-linux-gnu/libfreetype.so.6.11.1
7f293b14c000-7f293b14d000 rw-p 000a2000 08:04 6166080                    /usr/lib/x86_64-linux-gnu/libfreetype.so.6.11.1
7f293b14d000-7f293b15c000 r-xp 00000000 08:04 6169132                    /usr/lib/x86_64-linux-gnu/libavahi-client.so.3.2.9
7f293b15c000-7f293b35c000 ---p 0000f000 08:04 6169132                    /usr/lib/x86_64-linux-gnu/libavahi-client.so.3.2.9
7f293b35c000-7f293b35d000 r--p 0000f000 08:04 6169132                    /usr/lib/x86_64-linux-gnu/libavahi-client.so.3.2.9
7f293b35d000-7f293b35e000 rw-p 00010000 08:04 6169132                    /usr/lib/x86_64-linux-gnu/libavahi-client.so.3.2.9
7f293b35e000-7f293b369000 r-xp 00000000 08:04 6169128                    /usr/lib/x86_64-linux-gnu/libavahi-common.so.3.5.3
7f293b369000-7f293b568000 ---p 0000b000 08:04 6169128                    /usr/lib/x86_64-linux-gnu/libavahi-common.so.3.5.3
7f293b568000-7f293b569000 r--p 0000a000 08:04 6169128                    /usr/lib/x86_64-linux-gnu/libavahi-common.so.3.5.3
7f293b569000-7f293b56a000 rw-p 0000b000 08:04 6169128                    /usr/lib/x86_64-linux-gnu/libavahi-common.so.3.5.3
7f293b56a000-7f293b620000 r-xp 00000000 08:04 6164602                    /usr/lib/x86_64-linux-gnu/libgnutls.so.26.22.6
7f293b620000-7f293b820000 ---p 000b6000 08:04 6164602                    /usr/lib/x86_64-linux-gnu/libgnutls.so.26.22.6
7f293b820000-7f293b826000 r--p 000b6000 08:04 6164602                    /usr/lib/x86_64-linux-gnu/libgnutls.so.26.22.6
7f293b826000-7f293b827000 rw-p 000bc000 08:04 6164602                    /usr/lib/x86_64-linux-gnu/libgnutls.so.26.22.6
7f293b827000-7f293b828000 rw-p 00000000 00:00 0 
7f293b828000-7f293b86b000 r-xp 00000000 08:04 6189748                    /usr/lib/x86_64-linux-gnu/libgssapi_krb5.so.2.2
7f293b86b000-7f293ba6b000 ---p 00043000 08:04 6189748                    /usr/lib/x86_64-linux-gnu/libgssapi_krb5.so.2.2
7f293ba6b000-7f293ba6c000 r--p 00043000 08:04 6189748                    /usr/lib/x86_64-linux-gnu/libgssapi_krb5.so.2.2
7f293ba6c000-7f293ba6e000 rw-p 00044000 08:04 6189748                    /usr/lib/x86_64-linux-gnu/libgssapi_krb5.so.2.2
7f293ba6e000-7f293ba8b000 r-xp 00000000 08:04 6167580                    /usr/lib/x86_64-linux-gnu/libxcb.so.1.1.0
7f293ba8b000-7f293bc8b000 ---p 0001d000 08:04 6167580                    /usr/lib/x86_64-linux-gnu/libxcb.so.1.1.0
7f293bc8b000-7f293bc8c000 r--p 0001d000 08:04 6167580                    /usr/lib/x86_64-linux-gnu/libxcb.so.1.1.0
7f293bc8c000-7f293bc8d000 rw-p 0001e000 08:04 6167580                    /usr/lib/x86_64-linux-gnu/libxcb.so.1.1.0
7f293bc8d000-7f293bdf9000 r-xp 00000000 08:04 6163453                    /usr/lib/x86_64-linux-gnu/libgio-2.0.so.0.4002.0
7f293bdf9000-7f293bff8000 ---p 0016c000 08:04 6163453                    /usr/lib/x86_64-linux-gnu/libgio-2.0.so.0.4002.0
7f293bff8000-7f293bffc000 r--p 0016b000 08:04 6163453                    /usr/lib/x86_64-linux-gnu/libgio-2.0.so.0.4002.0
7f293bffc000-7f293bffe000 rw-p 0016f000 08:04 6163453                    /usr/lib/x86_64-linux-gnu/libgio-2.0.so.0.4002.0
7f293bffe000-7f293c000000 rw-p 00000000 00:00 0 
7f293c000000-7f293c021000 rw-p 00000000 00:00 0 
7f293c021000-7f2940000000 ---p 00000000 00:00 0 
7f2940000000-7f294000d000 r--s 00000000 08:04 5380677                    /var/cache/fontconfig/8f02d4cb045bd6ce15663e43f347c9f8-le64.cache-4
7f2940072000-7f29400c1000 r-xp 00000000 08:04 6163451                    /usr/lib/x86_64-linux-gnu/libgobject-2.0.so.0.4002.0
7f29400c1000-7f29402c1000 ---p 0004f000 08:04 6163451                    /usr/lib/x86_64-linux-gnu/libgobject-2.0.so.0.4002.0
7f29402c1000-7f29402c2000 r--p 0004f000 08:04 6163451                    /usr/lib/x86_64-linux-gnu/libgobject-2.0.so.0.4002.0
7f29402c2000-7f29402c3000 rw-p 00050000 08:04 6163451                    /usr/lib/x86_64-linux-gnu/libgobject-2.0.so.0.4002.0
7f29402c3000-7f29402fd000 r-xp 00000000 08:04 6169098                    /usr/lib/x86_64-linux-gnu/libfontconfig.so.1.8.0
7f29402fd000-7f29404fc000 ---p 0003a000 08:04 6169098                    /usr/lib/x86_64-linux-gnu/libfontconfig.so.1.8.0
7f29404fc000-7f29404fe000 r--p 00039000 08:04 6169098                    /usr/lib/x86_64-linux-gnu/libfontconfig.so.1.8.0
7f29404fe000-7f29404ff000 rw-p 0003b000 08:04 6169098                    /usr/lib/x86_64-linux-gnu/libfontconfig.so.1.8.0
7f29404ff000-7f294056b000 r-xp 00000000 08:04 6172255                    /usr/lib/x86_64-linux-gnu/libcups.so.2
7f294056b000-7f294076b000 ---p 0006c000 08:04 6172255                    /usr/lib/x86_64-linux-gnu/libcups.so.2
7f294076b000-7f2940772000 r--p 0006c000 08:04 6172255                    /usr/lib/x86_64-linux-gnu/libcups.so.2
7f2940772000-7f2940773000 rw-p 00073000 08:04 6172255                    /usr/lib/x86_64-linux-gnu/libcups.so.2
7f2940773000-7f2940782000 r-xp 00000000 08:04 6169252                    /usr/lib/x86_64-linux-gnu/libXi.so.6.1.0
7f2940782000-7f2940981000 ---p 0000f000 08:04 6169252                    /usr/lib/x86_64-linux-gnu/libXi.so.6.1.0
7f2940981000-7f2940982000 r--p 0000e000 08:04 6169252                    /usr/lib/x86_64-linux-gnu/libXi.so.6.1.0
7f2940982000-7f2940983000 rw-p 0000f000 08:04 6169252                    /usr/lib/x86_64-linux-gnu/libXi.so.6.1.0
7f2940983000-7f2940988000 r-xp 00000000 08:04 6169296                    /usr/lib/x86_64-linux-gnu/libXtst.so.6.1.0
7f2940988000-7f2940b87000 ---p 00005000 08:04 6169296                    /usr/lib/x86_64-linux-gnu/libXtst.so.6.1.0
7f2940b87000-7f2940b88000 r--p 00004000 08:04 6169296                    /usr/lib/x86_64-linux-gnu/libXtst.so.6.1.0
7f2940b88000-7f2940b89000 rw-p 00005000 08:04 6169296                    /usr/lib/x86_64-linux-gnu/libXtst.so.6.1.0
7f2940b89000-7f2940b92000 r-xp 00000000 08:04 6169116                    /usr/lib/x86_64-linux-gnu/libXrender.so.1.3.0
7f2940b92000-7f2940d91000 ---p 00009000 08:04 6169116                    /usr/lib/x86_64-linux-gnu/libXrender.so.1.3.0
7f2940d91000-7f2940d92000 r--p 00008000 08:04 6169116                    /usr/lib/x86_64-linux-gnu/libXrender.so.1.3.0
7f2940d92000-7f2940d93000 rw-p 00009000 08:04 6169116                    /usr/lib/x86_64-linux-gnu/libXrender.so.1.3.0
7f2940d93000-7f2940ec3000 r-xp 00000000 08:04 6167584                    /usr/lib/x86_64-linux-gnu/libX11.so.6.3.0
7f2940ec3000-7f29410c3000 ---p 00130000 08:04 6167584                    /usr/lib/x86_64-linux-gnu/libX11.so.6.3.0
7f29410c3000-7f29410c4000 r--p 00130000 08:04 6167584                    /usr/lib/x86_64-linux-gnu/libX11.so.6.3.0
7f29410c4000-7f29410c8000 rw-p 00131000 08:04 6167584                    /usr/lib/x86_64-linux-gnu/libX11.so.6.3.0
7f29410c8000-7f29410d9000 r-xp 00000000 08:04 6167587                    /usr/lib/x86_64-linux-gnu/libXext.so.6.4.0
7f29410d9000-7f29412d8000 ---p 00011000 08:04 6167587                    /usr/lib/x86_64-linux-gnu/libXext.so.6.4.0
7f29412d8000-7f29412d9000 r--p 00010000 08:04 6167587                    /usr/lib/x86_64-linux-gnu/libXext.so.6.4.0
7f29412d9000-7f29412da000 rw-p 00011000 08:04 6167587                    /usr/lib/x86_64-linux-gnu/libXext.so.6.4.0
7f29412da000-7f29412dc000 r--s 00000000 08:04 5402927                    /var/cache/fontconfig/67709b7835c0f764c1135060c9575660-le64.cache-4
7f29412dc000-7f29412dd000 r--s 00000000 08:04 5402923                    /var/cache/fontconfig/0c9eb80ebd1c36541ebe2852d3bb0c49-le64.cache-4
7f29412dd000-7f29412e0000 r--s 00000000 08:04 5402636                    /var/cache/fontconfig/c19b55eb3b4c5b40ea175e31682068a5-le64.cache-4
7f29412f0000-7f2941321000 rw-p 00000000 00:00 0 
7f2941321000-7f2941369000 r-xp 00000000 08:04 6442698                    /usr/lib/jvm/java-7-openjdk-amd64/jre/lib/amd64/xawt/libmawt.so
7f2941369000-7f2941568000 ---p 00048000 08:04 6442698                    /usr/lib/jvm/java-7-openjdk-amd64/jre/lib/amd64/xawt/libmawt.so
7f2941568000-7f2941569000 r--p 00047000 08:04 6442698                    /usr/lib/jvm/java-7-openjdk-amd64/jre/lib/amd64/xawt/libmawt.so
7f2941569000-7f294156c000 rw-p 00048000 08:04 6442698                    /usr/lib/jvm/java-7-openjdk-amd64/jre/lib/amd64/xawt/libmawt.so
7f294156c000-7f294156d000 rw-p 00000000 00:00 0 
7f294156d000-7f294160d000 r-xp 00000000 08:04 6325533                    /usr/lib/jvm/java-7-openjdk-amd64/jre/lib/amd64/libawt.so
7f294160d000-7f294180d000 ---p 000a0000 08:04 6325533                    /usr/lib/jvm/java-7-openjdk-amd64/jre/lib/amd64/libawt.so
7f294180d000-7f294180e000 r--p 000a0000 08:04 6325533                    /usr/lib/jvm/java-7-openjdk-amd64/jre/lib/amd64/libawt.so
7f294180e000-7f2941819000 rw-p 000a1000 08:04 6325533                    /usr/lib/jvm/java-7-openjdk-amd64/jre/lib/amd64/libawt.so
7f2941819000-7f294183e000 rw-p 00000000 00:00 0 
7f294183e000-7f294183f000 ---p 00000000 00:00 0 
7f294183f000-7f294193f000 rw-p 00000000 00:00 0                          [stack:25259]
7f294193f000-7f2941942000 ---p 00000000 00:00 0 
7f2941942000-7f2941a40000 rw-p 00000000 00:00 0                          [stack:25258]
7f2941a40000-7f2941a43000 ---p 00000000 00:00 0 
7f2941a43000-7f2941b41000 rw-p 00000000 00:00 0                          [stack:25257]
7f2941b41000-7f2941b44000 ---p 00000000 00:00 0 
7f2941b44000-7f2941c42000 rw-p 00000000 00:00 0                          [stack:25256]
7f2941c42000-7f2941c45000 ---p 00000000 00:00 0 
7f2941c45000-7f2941d43000 rw-p 00000000 00:00 0                          [stack:25255]
7f2941d43000-7f2942ff0000 r--p 00000000 08:04 6160524                    /usr/lib/locale/locale-archive
7f2942ff0000-7f2942ff3000 ---p 00000000 00:00 0 
7f2942ff3000-7f29430f1000 rw-p 00000000 00:00 0                          [stack:25254]
7f29430f1000-7f29430f4000 ---p 00000000 00:00 0 
7f29430f4000-7f29431f2000 rw-p 00000000 00:00 0                          [stack:25253]
7f29431f2000-7f29431f3000 ---p 00000000 00:00 0 
7f29431f3000-7f2944000000 rw-p 00000000 00:00 0                          [stack:25252]
7f2944000000-7f2944021000 rw-p 00000000 00:00 0 
7f2944021000-7f2948000000 ---p 00000000 00:00 0 
7f2948000000-7f2948002000 r--s 00000000 08:04 5402911                    /var/cache/fontconfig/6e6b34ae150a7ad95e82fb4a522f0bda-le64.cache-4
7f2948002000-7f2948007000 r--s 00000000 08:04 5380374                    /var/cache/fontconfig/7ef2298fde41cc6eeb7af42e48b7d293-le64.cache-4
7f2948007000-7f29482d6000 rw-p 00000000 00:00 0 
7f29482d6000-7f2948488000 r--s 01d23000 08:04 6187137                    /usr/lib/jvm/java-7-openjdk-amd64/jre/lib/rt.jar
7f2948488000-7f294cbfc000 rw-p 00000000 00:00 0 
7f294cbfc000-7f294cbfd000 ---p 00000000 00:00 0 
7f294cbfd000-7f294ccfd000 rw-p 00000000 00:00 0                          [stack:25251]
7f294ccfd000-7f294ccfe000 ---p 00000000 00:00 0 
7f294ccfe000-7f294cdfe000 rw-p 00000000 00:00 0                          [stack:25250]
7f294cdfe000-7f294cdff000 ---p 00000000 00:00 0 
7f294cdff000-7f294ceff000 rw-p 00000000 00:00 0                          [stack:25249]
7f294ceff000-7f294cf00000 ---p 00000000 00:00 0 
7f294cf00000-7f294d000000 rw-p 00000000 00:00 0                          [stack:25248]
7f294d000000-7f294d270000 rwxp 00000000 00:00 0 
7f294d270000-7f295037b000 rw-p 00000000 00:00 0 
7f295037b000-7f2954000000 ---p 00000000 00:00 0 
7f2954000000-7f2954003000 r--s 00000000 08:04 5402594                    /var/cache/fontconfig/de83a0a961185c8bd1f159015d56c039-le64.cache-4
7f295400c000-7f295400d000 rw-p 00000000 00:00 0 
7f295400d000-7f2954016000 r--s 000b9000 08:04 6187141                    /usr/lib/jvm/java-7-openjdk-amd64/jre/lib/resources.jar
7f2954016000-7f2954111000 rw-p 00000000 00:00 0 
7f2954111000-7f295437d000 rw-p 00000000 00:00 0 
7f295437d000-7f2954388000 rw-p 00000000 00:00 0 
7f2954388000-7f29543d0000 rw-p 00000000 00:00 0 
7f29543d0000-7f29543fa000 rw-p 00000000 00:00 0 
7f29543fa000-7f2954666000 rw-p 00000000 00:00 0 
7f2954666000-7f295468b000 rw-p 00000000 00:00 0 
7f295468b000-7f29547b1000 rw-p 00000000 00:00 0 
7f29547b1000-7f29547bc000 rw-p 00000000 00:00 0 
7f29547bc000-7f2954872000 rw-p 00000000 00:00 0 
7f2954872000-7f295487a000 r-xp 00000000 08:04 6325547                    /usr/lib/jvm/java-7-openjdk-amd64/jre/lib/amd64/libzip.so
7f295487a000-7f2954a79000 ---p 00008000 08:04 6325547                    /usr/lib/jvm/java-7-openjdk-amd64/jre/lib/amd64/libzip.so
7f2954a79000-7f2954a7a000 r--p 00007000 08:04 6325547                    /usr/lib/jvm/java-7-openjdk-amd64/jre/lib/amd64/libzip.so
7f2954a7a000-7f2954a7b000 rw-p 00008000 08:04 6325547                    /usr/lib/jvm/java-7-openjdk-amd64/jre/lib/amd64/libzip.so
7f2954a7b000-7f29550f9000 r--s 00000000 08:04 5376719                    /var/lib/sss/mc/passwd
7f29550f9000-7f2955100000 r-xp 00000000 08:04 5114254                    /lib/x86_64-linux-gnu/libnss_sss.so.2
7f2955100000-7f29552ff000 ---p 00007000 08:04 5114254                    /lib/x86_64-linux-gnu/libnss_sss.so.2
7f29552ff000-7f2955300000 r--p 00006000 08:04 5114254                    /lib/x86_64-linux-gnu/libnss_sss.so.2
7f2955300000-7f2955301000 rw-p 00007000 08:04 5114254                    /lib/x86_64-linux-gnu/libnss_sss.so.2
7f2955301000-7f295530c000 r-xp 00000000 08:04 5112044                    /lib/x86_64-linux-gnu/libnss_files-2.19.so
7f295530c000-7f295550b000 ---p 0000b000 08:04 5112044                    /lib/x86_64-linux-gnu/libnss_files-2.19.so
7f295550b000-7f295550c000 r--p 0000a000 08:04 5112044                    /lib/x86_64-linux-gnu/libnss_files-2.19.so
7f295550c000-7f295550d000 rw-p 0000b000 08:04 5112044                    /lib/x86_64-linux-gnu/libnss_files-2.19.so
7f295550d000-7f2955518000 r-xp 00000000 08:04 5112037                    /lib/x86_64-linux-gnu/libnss_nis-2.19.so
7f2955518000-7f2955717000 ---p 0000b000 08:04 5112037                    /lib/x86_64-linux-gnu/libnss_nis-2.19.so
7f2955717000-7f2955718000 r--p 0000a000 08:04 5112037                    /lib/x86_64-linux-gnu/libnss_nis-2.19.so
7f2955718000-7f2955719000 rw-p 0000b000 08:04 5112037                    /lib/x86_64-linux-gnu/libnss_nis-2.19.so
7f2955719000-7f2955730000 r-xp 00000000 08:04 5112029                    /lib/x86_64-linux-gnu/libnsl-2.19.so
7f2955730000-7f295592f000 ---p 00017000 08:04 5112029                    /lib/x86_64-linux-gnu/libnsl-2.19.so
7f295592f000-7f2955930000 r--p 00016000 08:04 5112029                    /lib/x86_64-linux-gnu/libnsl-2.19.so
7f2955930000-7f2955931000 rw-p 00017000 08:04 5112029                    /lib/x86_64-linux-gnu/libnsl-2.19.so
7f2955931000-7f2955933000 rw-p 00000000 00:00 0 
7f2955933000-7f295593c000 r-xp 00000000 08:04 5112026                    /lib/x86_64-linux-gnu/libnss_compat-2.19.so
7f295593c000-7f2955b3b000 ---p 00009000 08:04 5112026                    /lib/x86_64-linux-gnu/libnss_compat-2.19.so
7f2955b3b000-7f2955b3c000 r--p 00008000 08:04 5112026                    /lib/x86_64-linux-gnu/libnss_compat-2.19.so
7f2955b3c000-7f2955b3d000 rw-p 00009000 08:04 5112026                    /lib/x86_64-linux-gnu/libnss_compat-2.19.so
7f2955b3d000-7f2955b68000 r-xp 00000000 08:04 6325532                    /usr/lib/jvm/java-7-openjdk-amd64/jre/lib/amd64/libjava.so
7f2955b68000-7f2955d68000 ---p 0002b000 08:04 6325532                    /usr/lib/jvm/java-7-openjdk-amd64/jre/lib/amd64/libjava.so
7f2955d68000-7f2955d69000 r--p 0002b000 08:04 6325532                    /usr/lib/jvm/java-7-openjdk-amd64/jre/lib/amd64/libjava.so
7f2955d69000-7f2955d6b000 rw-p 0002c000 08:04 6325532                    /usr/lib/jvm/java-7-openjdk-amd64/jre/lib/amd64/libjava.so
7f2955d6b000-7f2955d7b000 r-xp 00000000 08:04 6325531                    /usr/lib/jvm/java-7-openjdk-amd64/jre/lib/amd64/libverify.so
7f2955d7b000-7f2955f7a000 ---p 00010000 08:04 6325531                    /usr/lib/jvm/java-7-openjdk-amd64/jre/lib/amd64/libverify.so
7f2955f7a000-7f2955f7c000 r--p 0000f000 08:04 6325531                    /usr/lib/jvm/java-7-openjdk-amd64/jre/lib/amd64/libverify.so
7f2955f7c000-7f2955f7d000 rw-p 00011000 08:04 6325531                    /usr/lib/jvm/java-7-openjdk-amd64/jre/lib/amd64/libverify.so
7f2955f7d000-7f2955f84000 r-xp 00000000 08:04 5112019                    /lib/x86_64-linux-gnu/librt-2.19.so
7f2955f84000-7f2956183000 ---p 00007000 08:04 5112019                    /lib/x86_64-linux-gnu/librt-2.19.so
7f2956183000-7f2956184000 r--p 00006000 08:04 5112019                    /lib/x86_64-linux-gnu/librt-2.19.so
7f2956184000-7f2956185000 rw-p 00007000 08:04 5112019                    /lib/x86_64-linux-gnu/librt-2.19.so
7f2956185000-7f295619b000 r-xp 00000000 08:04 5111841                    /lib/x86_64-linux-gnu/libgcc_s.so.1
7f295619b000-7f295639a000 ---p 00016000 08:04 5111841                    /lib/x86_64-linux-gnu/libgcc_s.so.1
7f295639a000-7f295639b000 rw-p 00015000 08:04 5111841                    /lib/x86_64-linux-gnu/libgcc_s.so.1
7f295639b000-7f29564a0000 r-xp 00000000 08:04 5112028                    /lib/x86_64-linux-gnu/libm-2.19.so
7f29564a0000-7f295669f000 ---p 00105000 08:04 5112028                    /lib/x86_64-linux-gnu/libm-2.19.so
7f295669f000-7f29566a0000 r--p 00104000 08:04 5112028                    /lib/x86_64-linux-gnu/libm-2.19.so
7f29566a0000-7f29566a1000 rw-p 00105000 08:04 5112028                    /lib/x86_64-linux-gnu/libm-2.19.so
7f29566a1000-7f2956787000 r-xp 00000000 08:04 6165336                    /usr/lib/x86_64-linux-gnu/libstdc++.so.6.0.19
7f2956787000-7f2956986000 ---p 000e6000 08:04 6165336                    /usr/lib/x86_64-linux-gnu/libstdc++.so.6.0.19
7f2956986000-7f295698e000 r--p 000e5000 08:04 6165336                    /usr/lib/x86_64-linux-gnu/libstdc++.so.6.0.19
7f295698e000-7f2956990000 rw-p 000ed000 08:04 6165336                    /usr/lib/x86_64-linux-gnu/libstdc++.so.6.0.19
7f2956990000-7f29569a5000 rw-p 00000000 00:00 0 
7f29569a5000-7f29574bd000 r-xp 00000000 08:04 6325536                    /usr/lib/jvm/java-7-openjdk-amd64/jre/lib/amd64/server/libjvm.so
7f29574bd000-7f29576bd000 ---p 00b18000 08:04 6325536                    /usr/lib/jvm/java-7-openjdk-amd64/jre/lib/amd64/server/libjvm.so
7f29576bd000-7f2957757000 r--p 00b18000 08:04 6325536                    /usr/lib/jvm/java-7-openjdk-amd64/jre/lib/amd64/server/libjvm.so
7f2957757000-7f295777a000 rw-p 00bb2000 08:04 6325536                    /usr/lib/jvm/java-7-openjdk-amd64/jre/lib/amd64/server/libjvm.so
7f295777a000-7f29577a8000 rw-p 00000000 00:00 0 
7f29577a8000-7f29577c0000 r-xp 00000000 08:04 5112054                    /lib/x86_64-linux-gnu/libz.so.1.2.8
7f29577c0000-7f29579bf000 ---p 00018000 08:04 5112054                    /lib/x86_64-linux-gnu/libz.so.1.2.8
7f29579bf000-7f29579c0000 r--p 00017000 08:04 5112054                    /lib/x86_64-linux-gnu/libz.so.1.2.8
7f29579c0000-7f29579c1000 rw-p 00018000 08:04 5112054                    /lib/x86_64-linux-gnu/libz.so.1.2.8
7f29579c1000-7f29579da000 r-xp 00000000 08:04 5112042                    /lib/x86_64-linux-gnu/libpthread-2.19.so
7f29579da000-7f2957bd9000 ---p 00019000 08:04 5112042                    /lib/x86_64-linux-gnu/libpthread-2.19.so
7f2957bd9000-7f2957bda000 r--p 00018000 08:04 5112042                    /lib/x86_64-linux-gnu/libpthread-2.19.so
7f2957bda000-7f2957bdb000 rw-p 00019000 08:04 5112042                    /lib/x86_64-linux-gnu/libpthread-2.19.so
7f2957bdb000-7f2957bdf000 rw-p 00000000 00:00 0 
7f2957bdf000-7f2957be2000 r-xp 00000000 08:04 5112022                    /lib/x86_64-linux-gnu/libdl-2.19.so
7f2957be2000-7f2957de1000 ---p 00003000 08:04 5112022                    /lib/x86_64-linux-gnu/libdl-2.19.so
7f2957de1000-7f2957de2000 r--p 00002000 08:04 5112022                    /lib/x86_64-linux-gnu/libdl-2.19.so
7f2957de2000-7f2957de3000 rw-p 00003000 08:04 5112022                    /lib/x86_64-linux-gnu/libdl-2.19.so
7f2957de3000-7f2957f9e000 r-xp 00000000 08:04 5112018                    /lib/x86_64-linux-gnu/libc-2.19.so
7f2957f9e000-7f295819e000 ---p 001bb000 08:04 5112018                    /lib/x86_64-linux-gnu/libc-2.19.so
7f295819e000-7f29581a2000 r--p 001bb000 08:04 5112018                    /lib/x86_64-linux-gnu/libc-2.19.so
7f29581a2000-7f29581a4000 rw-p 001bf000 08:04 5112018                    /lib/x86_64-linux-gnu/libc-2.19.so
7f29581a4000-7f29581a9000 rw-p 00000000 00:00 0 
7f29581a9000-7f29581b6000 r-xp 00000000 08:04 6325515                    /usr/lib/jvm/java-7-openjdk-amd64/jre/lib/amd64/jli/libjli.so
7f29581b6000-7f29583b5000 ---p 0000d000 08:04 6325515                    /usr/lib/jvm/java-7-openjdk-amd64/jre/lib/amd64/jli/libjli.so
7f29583b5000-7f29583b6000 r--p 0000c000 08:04 6325515                    /usr/lib/jvm/java-7-openjdk-amd64/jre/lib/amd64/jli/libjli.so
7f29583b6000-7f29583b7000 rw-p 0000d000 08:04 6325515                    /usr/lib/jvm/java-7-openjdk-amd64/jre/lib/amd64/jli/libjli.so
7f29583b7000-7f29583da000 r-xp 00000000 08:04 5112015                    /lib/x86_64-linux-gnu/ld-2.19.so
7f29583da000-7f29583db000 r--s 00000000 08:04 5402903                    /var/cache/fontconfig/3334a778d104e76d188e9df399bc24d2-le64.cache-4
7f29583db000-7f29583dc000 r--s 00000000 08:04 5402634                    /var/cache/fontconfig/c277e94e32b20404286a1ddafa5a80f0-le64.cache-4
7f29583dc000-7f29583de000 r--s 00000000 08:04 5402630                    /var/cache/fontconfig/452f1fac34b224105d7acfae3034bcd5-le64.cache-4
7f29583de000-7f29583e0000 r--s 00000000 08:04 5380696                    /var/cache/fontconfig/16326683038b281783a0ef8c680e3a10-le64.cache-4
7f29583e0000-7f29583ea000 r--s 00203000 08:04 6187149                    /usr/lib/jvm/java-7-openjdk-amd64/jre/lib/charsets.jar
7f29583ea000-7f29583ee000 r--s 00034000 08:04 6325501                    /usr/lib/jvm/java-7-openjdk-amd64/jre/lib/ext/sunjce_provider.jar
7f29583ee000-7f2958442000 rw-p 00000000 00:00 0 
7f2958442000-7f295848a000 rw-p 00000000 00:00 0 
7f295848a000-7f295848d000 ---p 00000000 00:00 0 
7f295848d000-7f2958590000 rw-p 00000000 00:00 0                          [stack:25247]
7f2958590000-7f2958591000 r--s 00000000 08:04 5402633                    /var/cache/fontconfig/62f91419b9ebdb6975e7e41ab6412357-le64.cache-4
7f2958591000-7f2958592000 r--s 00000000 08:04 5380675                    /var/cache/fontconfig/e0aa53bcfa504e64f87823c16bc01eb6-le64.cache-4
7f2958592000-7f2958593000 r--p 00000000 08:04 131525                     /usr/share/locale-langpack/en_GB/LC_MESSAGES/libc.mo
7f2958593000-7f2958596000 r--s 0000f000 08:04 6325499                    /usr/lib/jvm/java-7-openjdk-amd64/jre/lib/ext/icedtea-sound.jar
7f2958596000-7f2958598000 r--s 00012000 08:04 6325502                    /usr/lib/jvm/java-7-openjdk-amd64/jre/lib/ext/zipfs.jar
7f2958598000-7f295859a000 r--s 00006000 08:04 263612                     /usr/share/java/java-atk-wrapper.jar
7f295859a000-7f295859d000 r--s 00086000 08:04 6325504                    /usr/lib/jvm/java-7-openjdk-amd64/jre/lib/ext/localedata.jar
7f295859d000-7f295859e000 r--s 00002000 08:04 6325503                    /usr/lib/jvm/java-7-openjdk-amd64/jre/lib/ext/dnsns.jar
7f295859e000-7f29585a2000 r--s 0003c000 08:04 6325500                    /usr/lib/jvm/java-7-openjdk-amd64/jre/lib/ext/sunpkcs11.jar
7f29585a2000-7f29585cd000 rw-p 00000000 00:00 0 
7f29585cd000-7f29585d5000 rw-s 00000000 08:04 5113874                    /tmp/hsperfdata_ylhavuor/25243
7f29585d5000-7f29585d6000 rw-p 00000000 00:00 0 
7f29585d6000-7f29585d7000 r--p 00000000 00:00 0 
7f29585d7000-7f29585d9000 rw-p 00000000 00:00 0 
7f29585d9000-7f29585da000 r--p 00022000 08:04 5112015                    /lib/x86_64-linux-gnu/ld-2.19.so
7f29585da000-7f29585db000 rw-p 00023000 08:04 5112015                    /lib/x86_64-linux-gnu/ld-2.19.so
7f29585db000-7f29585dc000 rw-p 00000000 00:00 0 
7fffdd4cf000-7fffdd4f0000 rw-p 00000000 00:00 0                          [stack]
7fffdd5ca000-7fffdd5cc000 r-xp 00000000 00:00 0                          [vdso]
ffffffffff600000-ffffffffff601000 r-xp 00000000 00:00 0                  [vsyscall]

VM Arguments:
java_command: musicmachine.Main
Launcher Type: SUN_STANDARD

Environment Variables:
JAVA_HOME=/usr/lib/jvm/default-java
PATH=/usr/local/sbin:/usr/local/bin:/usr/sbin:/usr/bin:/sbin:/bin:/usr/games:/usr/local/games
LD_LIBRARY_PATH=/usr/lib/jvm/default-java/jre/lib/amd64:/usr/lib/jvm/default-java/jre/lib/i386:
SHELL=/bin/bash
DISPLAY=:0

Signal Handlers:
SIGSEGV: [libjvm.so+0x94b4b0], sa_mask[0]=0x7ffbfeff, sa_flags=0x10000004
SIGBUS: [libjvm.so+0x94b4b0], sa_mask[0]=0x7ffbfeff, sa_flags=0x10000004
SIGFPE: [libjvm.so+0x7c3390], sa_mask[0]=0x7ffbfeff, sa_flags=0x10000004
SIGPIPE: [libjvm.so+0x7c3390], sa_mask[0]=0x7ffbfeff, sa_flags=0x10000004
SIGXFSZ: [libjvm.so+0x7c3390], sa_mask[0]=0x7ffbfeff, sa_flags=0x10000004
SIGILL: [libjvm.so+0x7c3390], sa_mask[0]=0x7ffbfeff, sa_flags=0x10000004
SIGUSR1: SIG_DFL, sa_mask[0]=0x00000000, sa_flags=0x00000000
SIGUSR2: [libjvm.so+0x7c3230], sa_mask[0]=0x00000004, sa_flags=0x10000004
SIGHUP: [libjvm.so+0x7c3410], sa_mask[0]=0x7ffbfeff, sa_flags=0x10000004
SIGINT: SIG_IGN, sa_mask[0]=0x00000000, sa_flags=0x00000000
SIGTERM: [libjvm.so+0x7c3410], sa_mask[0]=0x7ffbfeff, sa_flags=0x10000004
SIGQUIT: [libjvm.so+0x7c3410], sa_mask[0]=0x7ffbfeff, sa_flags=0x10000004
SIGTRAP: SIG_DFL, sa_mask[0]=0x00000000, sa_flags=0x00000000


---------------  S Y S T E M  ---------------

OS:Ubuntu 14.04 (trusty)
uname:Linux 3.13.0-46-generic #75-Ubuntu SMP Tue Feb 10 15:24:04 UTC 2015 x86_64
libc:glibc 2.19 NPTL 2.19 
rlimit: STACK 8192k, CORE 0k, NPROC 63311, NOFILE 4096, AS infinity
load average:0.83 1.11 1.21

/proc/meminfo:
MemTotal:        8134244 kB
MemFree:         3374168 kB
Buffers:          140300 kB
Cached:          1886112 kB
SwapCached:            0 kB
Active:          3204908 kB
Inactive:        1210512 kB
Active(anon):    2390848 kB
Inactive(anon):    47712 kB
Active(file):     814060 kB
Inactive(file):  1162800 kB
Unevictable:         292 kB
Mlocked:             292 kB
SwapTotal:      15625212 kB
SwapFree:       15625212 kB
Dirty:               156 kB
Writeback:             0 kB
AnonPages:       2389296 kB
Mapped:           328284 kB
Shmem:             49556 kB
Slab:             136896 kB
SReclaimable:      93192 kB
SUnreclaim:        43704 kB
KernelStack:        5920 kB
PageTables:        55520 kB
NFS_Unstable:          0 kB
Bounce:                0 kB
WritebackTmp:          0 kB
CommitLimit:    19692332 kB
Committed_AS:    7406776 kB
VmallocTotal:   34359738367 kB
VmallocUsed:      319180 kB
VmallocChunk:   34359413756 kB
HardwareCorrupted:     0 kB
AnonHugePages:   1329152 kB
HugePages_Total:       0
HugePages_Free:        0
HugePages_Rsvd:        0
HugePages_Surp:        0
Hugepagesize:       2048 kB
DirectMap4k:      209336 kB
DirectMap2M:     8136704 kB


CPU:total 4 (4 cores per cpu, 1 threads per core) family 6 model 42 stepping 7, cmov, cx8, fxsr, mmx, sse, sse2, sse3, ssse3, sse4.1, sse4.2, popcnt, avx, aes, tsc, tscinvbit

/proc/cpuinfo:
processor	: 0
vendor_id	: GenuineIntel
cpu family	: 6
model		: 42
model name	: Intel(R) Core(TM) i5-2400 CPU @ 3.10GHz
stepping	: 7
microcode	: 0x29
cpu MHz		: 1600.000
cache size	: 6144 KB
physical id	: 0
siblings	: 4
core id		: 0
cpu cores	: 4
apicid		: 0
initial apicid	: 0
fpu		: yes
fpu_exception	: yes
cpuid level	: 13
wp		: yes
flags		: fpu vme de pse tsc msr pae mce cx8 apic sep mtrr pge mca cmov pat pse36 clflush dts acpi mmx fxsr sse sse2 ss ht tm pbe syscall nx rdtscp lm constant_tsc arch_perfmon pebs bts rep_good nopl xtopology nonstop_tsc aperfmperf eagerfpu pni pclmulqdq dtes64 monitor ds_cpl vmx smx est tm2 ssse3 cx16 xtpr pdcm pcid sse4_1 sse4_2 x2apic popcnt tsc_deadline_timer aes xsave avx lahf_lm ida arat epb xsaveopt pln pts dtherm tpr_shadow vnmi flexpriority ept vpid
bogomips	: 6186.07
clflush size	: 64
cache_alignment	: 64
address sizes	: 36 bits physical, 48 bits virtual
power management:

processor	: 1
vendor_id	: GenuineIntel
cpu family	: 6
model		: 42
model name	: Intel(R) Core(TM) i5-2400 CPU @ 3.10GHz
stepping	: 7
microcode	: 0x29
cpu MHz		: 3101.000
cache size	: 6144 KB
physical id	: 0
siblings	: 4
core id		: 1
cpu cores	: 4
apicid		: 2
initial apicid	: 2
fpu		: yes
fpu_exception	: yes
cpuid level	: 13
wp		: yes
flags		: fpu vme de pse tsc msr pae mce cx8 apic sep mtrr pge mca cmov pat pse36 clflush dts acpi mmx fxsr sse sse2 ss ht tm pbe syscall nx rdtscp lm constant_tsc arch_perfmon pebs bts rep_good nopl xtopology nonstop_tsc aperfmperf eagerfpu pni pclmulqdq dtes64 monitor ds_cpl vmx smx est tm2 ssse3 cx16 xtpr pdcm pcid sse4_1 sse4_2 x2apic popcnt tsc_deadline_timer aes xsave avx lahf_lm ida arat epb xsaveopt pln pts dtherm tpr_shadow vnmi flexpriority ept vpid
bogomips	: 6186.07
clflush size	: 64
cache_alignment	: 64
address sizes	: 36 bits physical, 48 bits virtual
power management:

processor	: 2
vendor_id	: GenuineIntel
cpu family	: 6
model		: 42
model name	: Intel(R) Core(TM) i5-2400 CPU @ 3.10GHz
stepping	: 7
microcode	: 0x29
cpu MHz		: 1600.000
cache size	: 6144 KB
physical id	: 0
siblings	: 4
core id		: 2
cpu cores	: 4
apicid		: 4
initial apicid	: 4
fpu		: yes
fpu_exception	: yes
cpuid level	: 13
wp		: yes
flags		: fpu vme de pse tsc msr pae mce cx8 apic sep mtrr pge mca cmov pat pse36 clflush dts acpi mmx fxsr sse sse2 ss ht tm pbe syscall nx rdtscp lm constant_tsc arch_perfmon pebs bts rep_good nopl xtopology nonstop_tsc aperfmperf eagerfpu pni pclmulqdq dtes64 monitor ds_cpl vmx smx est tm2 ssse3 cx16 xtpr pdcm pcid sse4_1 sse4_2 x2apic popcnt tsc_deadline_timer aes xsave avx lahf_lm ida arat epb xsaveopt pln pts dtherm tpr_shadow vnmi flexpriority ept vpid
bogomips	: 6186.07
clflush size	: 64
cache_alignment	: 64
address sizes	: 36 bits physical, 48 bits virtual
power management:

processor	: 3
vendor_id	: GenuineIntel
cpu family	: 6
model		: 42
model name	: Intel(R) Core(TM) i5-2400 CPU @ 3.10GHz
stepping	: 7
microcode	: 0x29
cpu MHz		: 3101.000
cache size	: 6144 KB
physical id	: 0
siblings	: 4
core id		: 3
cpu cores	: 4
apicid		: 6
initial apicid	: 6
fpu		: yes
fpu_exception	: yes
cpuid level	: 13
wp		: yes
flags		: fpu vme de pse tsc msr pae mce cx8 apic sep mtrr pge mca cmov pat pse36 clflush dts acpi mmx fxsr sse sse2 ss ht tm pbe syscall nx rdtscp lm constant_tsc arch_perfmon pebs bts rep_good nopl xtopology nonstop_tsc aperfmperf eagerfpu pni pclmulqdq dtes64 monitor ds_cpl vmx smx est tm2 ssse3 cx16 xtpr pdcm pcid sse4_1 sse4_2 x2apic popcnt tsc_deadline_timer aes xsave avx lahf_lm ida arat epb xsaveopt pln pts dtherm tpr_shadow vnmi flexpriority ept vpid
bogomips	: 6186.07
clflush size	: 64
cache_alignment	: 64
address sizes	: 36 bits physical, 48 bits virtual
power management:



Memory: 4k page, physical 8134244k(3374168k free), swap 15625212k(15625212k free)

vm_info: OpenJDK 64-Bit Server VM (24.75-b04) for linux-amd64 JRE (1.7.0_75-b13), built on Jan 27 2015 00:38:59 by "buildd" with gcc 4.8.2

time: Thu Feb 26 16:07:11 2015
elapsed time: 63 seconds

