#
# A fatal error has been detected by the Java Runtime Environment:
#
#  SIGSEGV (0xb) at pc=0x00007f6057ad7b8e, pid=25130, tid=140050609624832
#
# JRE version: OpenJDK Runtime Environment (7.0_75-b13) (build 1.7.0_75-b13)
# Java VM: OpenJDK 64-Bit Server VM (24.75-b04 mixed mode linux-amd64 compressed oops)
# Derivative: IcedTea 2.5.4
# Distribution: Ubuntu 14.04 LTS, package 7u75-2.5.4-1~trusty1
# Problematic frame:
# C  [libc.so.6+0x98b8e]
#
# Failed to write core dump. Core dumps have been disabled. To enable core dumping, try "ulimit -c unlimited" before starting Java again
#
# If you would like to submit a bug report, please include
# instructions on how to reproduce the bug and visit:
#   http://icedtea.classpath.org/bugzilla
# The crash happened outside the Java Virtual Machine in native code.
# See problematic frame for where to report the bug.
#

---------------  T H R E A D  ---------------

Current thread (0x00007f5ffc08f000):  JavaThread "Thread-1" [_thread_in_native, id=25192, stack(0x00007f6012c65000,0x00007f6012d66000)]

siginfo:si_signo=SIGSEGV: si_errno=0, si_code=2 (SEGV_ACCERR), si_addr=0x00007f5fe8f7d284

Registers:
RAX=0x0000000014f4b494, RBX=0x00000000000016e0, RCX=0x0000000000002dc0, RDX=0x00000000000016e0
RSP=0x00007f6012d646c8, RBP=0x00007f5fe8f7bbb4, RSI=0x00007f5fe8f7bbb4, RDI=0x00007f5fd402f040
R8 =0x000000000033fc00, R9 =0x0000000000000000, R10=0xffff80a79cd7ae90, R11=0x00007f5fe8000001
R12=0x0000000000000000, R13=0x0000000000000000, R14=0x00007f5ffc08d960, R15=0x0000000000000000
RIP=0x00007f6057ad7b8e, EFLAGS=0x0000000000010206, CSGSFS=0x0000000000000033, ERR=0x0000000000000004
  TRAPNO=0x000000000000000e

Top of Stack: (sp=0x00007f6012d646c8)
0x00007f6012d646c8:   00007f6010b955c4 00007f6012d64730
0x00007f6012d646d8:   00007f6056dc1b7e 0000001900000002
0x00007f6012d646e8:   00007f5ffc08f000 00000000000016e0
0x00007f6012d646f8:   00007f6012d64720 00007f6000000000
0x00007f6012d64708:   00007f5fe8f7bbb4 0000000000000000
0x00007f6012d64718:   0000000000000000 00007f5fd402f000
0x00007f6012d64728:   0000000000000000 00000000000016e0
0x00007f6012d64738:   00007f6056bf6d42 00007f6012d64850
0x00007f6012d64748:   00007f5ffc08f1d8 00007f5fe8001350
0x00007f6012d64758:   00007f5ffc08d960 00007f6012d64850
0x00007f6012d64768:   0000000000f7a864 00000000000016e0
0x00007f6012d64778:   00007f60123e39ee 0000000000000000
0x00007f6012d64788:   000000077a741368 00007f6012d64820
0x00007f6012d64798:   0000000000000000 000000077a741368
0x00007f6012d647a8:   00007f6012d64858 00007f5ffc08f000
0x00007f6012d647b8:   00007f604d012d98 000000077a730600
0x00007f6012d647c8:   000000077a7884c8 000000077a728248
0x00007f6012d647d8:   0000000000000000 00007f6012d647e0
0x00007f6012d647e8:   0000000000000000 00007f6012d64858
0x00007f6012d647f8:   000000077a7474f8 0000000000000000
0x00007f6012d64808:   000000077a741368 0000000000000000
0x00007f6012d64818:   00007f6012d64840 00007f6012d648a0
0x00007f6012d64828:   00007f604d0061d4 0000000000000000
0x00007f6012d64838:   00007f604d00ecd6 00000000000016e0
0x00007f6012d64848:   0000000000f7a864 0000000784d7c1d0
0x00007f6012d64858:   00000007d8981950 00007f6012d64860
0x00007f6012d64868:   000000077a744b94 00007f6012d648c8
0x00007f6012d64878:   000000077a7474f8 0000000000000000
0x00007f6012d64888:   000000077a744bd0 00007f6012d64840
0x00007f6012d64898:   00007f6012d648b0 00007f6012d64920
0x00007f6012d648a8:   00007f604d0061d4 00000000000016e0
0x00007f6012d648b8:   0000000000f7a864 0000000784d7c1d0 

Instructions: (pc=0x00007f6057ad7b8e)
0x00007f6057ad7b6e:   39 c8 0f 82 07 01 00 00 48 83 fa 10 0f 86 8b 01
0x00007f6057ad7b7e:   00 00 f3 44 0f 6f 06 48 83 fa 20 f3 44 0f 7f 07
0x00007f6057ad7b8e:   f3 44 0f 6f 44 16 f0 f3 44 0f 7f 44 17 f0 77 12
0x00007f6057ad7b9e:   48 89 f8 c3 66 66 66 66 66 2e 0f 1f 84 00 00 00 

Register to memory mapping:

RAX=0x0000000014f4b494 is an unknown value
RBX=0x00000000000016e0 is an unknown value
RCX=0x0000000000002dc0 is an unknown value
RDX=0x00000000000016e0 is an unknown value
RSP=0x00007f6012d646c8 is pointing into the stack for thread: 0x00007f5ffc08f000
RBP=0x00007f5fe8f7bbb4 is an unknown value
RSI=0x00007f5fe8f7bbb4 is an unknown value
RDI=0x00007f5fd402f040 is an unknown value
R8 =0x000000000033fc00 is an unknown value
R9 =0x0000000000000000 is an unknown value
R10=0xffff80a79cd7ae90 is an unknown value
R11=0x00007f5fe8000001 is an unknown value
R12=0x0000000000000000 is an unknown value
R13=0x0000000000000000 is an unknown value
R14=0x00007f5ffc08d960 is an unknown value
R15=0x0000000000000000 is an unknown value


Stack: [0x00007f6012c65000,0x00007f6012d66000],  sp=0x00007f6012d646c8,  free space=1021k
Native frames: (J=compiled Java code, j=interpreted, Vv=VM code, C=native code)
C  [libc.so.6+0x98b8e]

Java frames: (J=compiled Java code, j=interpreted, Vv=VM code)
j  org.classpath.icedtea.pulseaudio.Stream.native_pa_stream_write([BII)I+0
j  org.classpath.icedtea.pulseaudio.Stream.write([BII)I+4
j  org.classpath.icedtea.pulseaudio.PulseAudioClip.writeFrames(II)V+170
j  org.classpath.icedtea.pulseaudio.PulseAudioClip.access$200(Lorg/classpath/icedtea/pulseaudio/PulseAudioClip;II)V+3
j  org.classpath.icedtea.pulseaudio.PulseAudioClip$ClipThread.run()V+20
v  ~StubRoutines::call_stub

---------------  P R O C E S S  ---------------

Java Threads: ( => current thread )
=>0x00007f5ffc08f000 JavaThread "Thread-1" [_thread_in_native, id=25192, stack(0x00007f6012c65000,0x00007f6012d66000)]
  0x00007f5ffc083000 JavaThread "PulseAudio Eventloop Thread" daemon [_thread_blocked, id=25175, stack(0x00007f60137e9000,0x00007f60138ea000)]
  0x00007f5ffc008000 JavaThread "TimerQueue" daemon [_thread_blocked, id=25159, stack(0x00007f6012d66000,0x00007f6012e67000)]
  0x00007f605000a800 JavaThread "DestroyJavaVM" [_thread_blocked, id=25134, stack(0x00007f60580e6000,0x00007f60581e7000)]
  0x00007f6050273000 JavaThread "AWT-EventQueue-0" [_thread_blocked, id=25151, stack(0x00007f60135e7000,0x00007f60136e8000)]
  0x00007f6050271800 JavaThread "AWT-Shutdown" [_thread_blocked, id=25150, stack(0x00007f60136e8000,0x00007f60137e9000)]
  0x00007f6050209800 JavaThread "AWT-XAWT" daemon [_thread_in_native, id=25148, stack(0x00007f60138ea000,0x00007f60139eb000)]
  0x00007f60501e2800 JavaThread "Java2D Disposer" daemon [_thread_blocked, id=25147, stack(0x00007f604004a000,0x00007f604014b000)]
  0x00007f60500af800 JavaThread "Service Thread" daemon [_thread_blocked, id=25145, stack(0x00007f604158b000,0x00007f604168c000)]
  0x00007f60500ad800 JavaThread "C2 CompilerThread1" daemon [_thread_blocked, id=25144, stack(0x00007f604168c000,0x00007f604178d000)]
  0x00007f60500aa800 JavaThread "C2 CompilerThread0" daemon [_thread_blocked, id=25143, stack(0x00007f604178d000,0x00007f604188e000)]
  0x00007f60500a8800 JavaThread "Signal Dispatcher" daemon [_thread_blocked, id=25142, stack(0x00007f604188e000,0x00007f604198f000)]
  0x00007f605007c800 JavaThread "Finalizer" daemon [_thread_blocked, id=25141, stack(0x00007f6042c3c000,0x00007f6042d3d000)]
  0x00007f605007a800 JavaThread "Reference Handler" daemon [_thread_blocked, id=25140, stack(0x00007f6042d3d000,0x00007f6042e3e000)]

Other Threads:
  0x00007f6050076000 VMThread [stack: 0x00007f6042e3e000,0x00007f6042f3f000] [id=25139]
  0x00007f60500ba800 WatcherThread [stack: 0x00007f604148a000,0x00007f604158b000] [id=25146]

VM state:not at safepoint (normal execution)

VM Mutex/Monitor currently owned by a thread: None

Heap
 PSYoungGen      total 37376K, used 13616K [0x00000007d6a00000, 0x00000007db300000, 0x0000000800000000)
  eden space 32256K, 27% used [0x00000007d6a00000,0x00000007d72c4d30,0x00000007d8980000)
  from space 5120K, 90% used [0x00000007d8980000,0x00000007d8e074f8,0x00000007d8e80000)
  to   space 5120K, 0% used [0x00000007dae00000,0x00000007dae00000,0x00000007db300000)
 ParOldGen       total 84480K, used 31712K [0x0000000783e00000, 0x0000000789080000, 0x00000007d6a00000)
  object space 84480K, 37% used [0x0000000783e00000,0x0000000785cf83a0,0x0000000789080000)
 PSPermGen       total 21504K, used 15908K [0x0000000779800000, 0x000000077ad00000, 0x0000000783e00000)
  object space 21504K, 73% used [0x0000000779800000,0x000000077a789040,0x000000077ad00000)

Card table byte_map: [0x00007f604cbcb000,0x00007f604d000000] byte_map_base: 0x00007f6048fff000

Polling page: 0x00007f6058232000

Code Cache  [0x00007f604d000000, 0x00007f604d270000, 0x00007f6050000000)
 total_blobs=903 nmethods=404 adapters=452 free_code_cache=47673Kb largest_free_block=48779776

Compilation events (10 events):
Event: 60.345 Thread 0x00007f60500aa800 nmethod 425 0x00007f604d170150 code [0x00007f604d170280, 0x00007f604d1702d8]
Event: 60.345 Thread 0x00007f60500aa800  426             java.awt.geom.AffineTransform::getScaleY (5 bytes)
Event: 60.346 Thread 0x00007f60500aa800 nmethod 426 0x00007f604d166290 code [0x00007f604d1663c0, 0x00007f604d166418]
Event: 60.346 Thread 0x00007f60500aa800  427             java.awt.geom.AffineTransform::getTranslateX (5 bytes)
Event: 60.346 Thread 0x00007f60500aa800 nmethod 427 0x00007f604d166090 code [0x00007f604d1661c0, 0x00007f604d166218]
Event: 60.346 Thread 0x00007f60500aa800  428             java.awt.geom.AffineTransform::getTranslateY (5 bytes)
Event: 60.346 Thread 0x00007f60500aa800 nmethod 428 0x00007f604d165e90 code [0x00007f604d165fc0, 0x00007f604d166018]
Event: 60.351 Thread 0x00007f60500ad800 nmethod 424 0x00007f604d168810 code [0x00007f604d168960, 0x00007f604d168f98]
Event: 60.653 Thread 0x00007f60500aa800  429             sun.awt.AWTAutoShutdown::getInstance (4 bytes)
Event: 60.654 Thread 0x00007f60500aa800 nmethod 429 0x00007f604d168610 code [0x00007f604d168740, 0x00007f604d168798]

GC Heap History (6 events):
Event: 25.519 GC heap before
{Heap before GC invocations=1 (full 0):
 PSYoungGen      total 37376K, used 32108K [0x00000007d6a00000, 0x00000007d9380000, 0x0000000800000000)
  eden space 32256K, 99% used [0x00000007d6a00000,0x00000007d895b018,0x00000007d8980000)
  from space 5120K, 0% used [0x00000007d8e80000,0x00000007d8e80000,0x00000007d9380000)
  to   space 5120K, 0% used [0x00000007d8980000,0x00000007d8980000,0x00000007d8e80000)
 ParOldGen       total 84480K, used 0K [0x0000000783e00000, 0x0000000789080000, 0x00000007d6a00000)
  object space 84480K, 0% used [0x0000000783e00000,0x0000000783e00000,0x0000000789080000)
 PSPermGen       total 21504K, used 15572K [0x0000000779800000, 0x000000077ad00000, 0x0000000783e00000)
  object space 21504K, 72% used [0x0000000779800000,0x000000077a735148,0x000000077ad00000)
Event: 25.525 GC heap after
Heap after GC invocations=1 (full 0):
 PSYoungGen      total 37376K, used 4764K [0x00000007d6a00000, 0x00000007d9380000, 0x0000000800000000)
  eden space 32256K, 0% used [0x00000007d6a00000,0x00000007d6a00000,0x00000007d8980000)
  from space 5120K, 93% used [0x00000007d8980000,0x00000007d8e27270,0x00000007d8e80000)
  to   space 5120K, 0% used [0x00000007d8e80000,0x00000007d8e80000,0x00000007d9380000)
 ParOldGen       total 84480K, used 8K [0x0000000783e00000, 0x0000000789080000, 0x00000007d6a00000)
  object space 84480K, 0% used [0x0000000783e00000,0x0000000783e02000,0x0000000789080000)
 PSPermGen       total 21504K, used 15572K [0x0000000779800000, 0x000000077ad00000, 0x0000000783e00000)
  object space 21504K, 72% used [0x0000000779800000,0x000000077a735148,0x000000077ad00000)
}
Event: 25.581 GC heap before
{Heap before GC invocations=2 (full 0):
 PSYoungGen      total 37376K, used 22735K [0x00000007d6a00000, 0x00000007d9380000, 0x0000000800000000)
  eden space 32256K, 55% used [0x00000007d6a00000,0x00000007d7b8cce8,0x00000007d8980000)
  from space 5120K, 93% used [0x00000007d8980000,0x00000007d8e27270,0x00000007d8e80000)
  to   space 5120K, 0% used [0x00000007d8e80000,0x00000007d8e80000,0x00000007d9380000)
 ParOldGen       total 84480K, used 8K [0x0000000783e00000, 0x0000000789080000, 0x00000007d6a00000)
  object space 84480K, 0% used [0x0000000783e00000,0x0000000783e02000,0x0000000789080000)
 PSPermGen       total 21504K, used 15669K [0x0000000779800000, 0x000000077ad00000, 0x0000000783e00000)
  object space 21504K, 72% used [0x0000000779800000,0x000000077a74d488,0x000000077ad00000)
Event: 25.587 GC heap after
Heap after GC invocations=2 (full 0):
 PSYoungGen      total 37376K, used 4687K [0x00000007d6a00000, 0x00000007db300000, 0x0000000800000000)
  eden space 32256K, 0% used [0x00000007d6a00000,0x00000007d6a00000,0x00000007d8980000)
  from space 5120K, 91% used [0x00000007d8e80000,0x00000007d9313cb0,0x00000007d9380000)
  to   space 5120K, 0% used [0x00000007d8980000,0x00000007d8980000,0x00000007d8e80000)
 ParOldGen       total 84480K, used 15856K [0x0000000783e00000, 0x0000000789080000, 0x00000007d6a00000)
  object space 84480K, 18% used [0x0000000783e00000,0x0000000784d7c1d0,0x0000000789080000)
 PSPermGen       total 21504K, used 15669K [0x0000000779800000, 0x000000077ad00000, 0x0000000783e00000)
  object space 21504K, 72% used [0x0000000779800000,0x000000077a74d488,0x000000077ad00000)
}
Event: 52.928 GC heap before
{Heap before GC invocations=3 (full 0):
 PSYoungGen      total 37376K, used 36943K [0x00000007d6a00000, 0x00000007db300000, 0x0000000800000000)
  eden space 32256K, 100% used [0x00000007d6a00000,0x00000007d8980000,0x00000007d8980000)
  from space 5120K, 91% used [0x00000007d8e80000,0x00000007d9313cb0,0x00000007d9380000)
  to   space 5120K, 0% used [0x00000007d8980000,0x00000007d8980000,0x00000007d8e80000)
 ParOldGen       total 84480K, used 15856K [0x0000000783e00000, 0x0000000789080000, 0x00000007d6a00000)
  object space 84480K, 18% used [0x0000000783e00000,0x0000000784d7c1d0,0x0000000789080000)
 PSPermGen       total 21504K, used 15857K [0x0000000779800000, 0x000000077ad00000, 0x0000000783e00000)
  object space 21504K, 73% used [0x0000000779800000,0x000000077a77c450,0x000000077ad00000)
Event: 52.935 GC heap after
Heap after GC invocations=3 (full 0):
 PSYoungGen      total 37376K, used 4637K [0x00000007d6a00000, 0x00000007db300000, 0x0000000800000000)
  eden space 32256K, 0% used [0x00000007d6a00000,0x00000007d6a00000,0x00000007d8980000)
  from space 5120K, 90% used [0x00000007d8980000,0x00000007d8e074f8,0x00000007d8e80000)
  to   space 5120K, 0% used [0x00000007dae00000,0x00000007dae00000,0x00000007db300000)
 ParOldGen       total 84480K, used 31712K [0x0000000783e00000, 0x0000000789080000, 0x00000007d6a00000)
  object space 84480K, 37% used [0x0000000783e00000,0x0000000785cf83a0,0x0000000789080000)
 PSPermGen       total 21504K, used 15857K [0x0000000779800000, 0x000000077ad00000, 0x0000000783e00000)
  object space 21504K, 73% used [0x0000000779800000,0x000000077a77c450,0x000000077ad00000)
}

Deoptimization events (10 events):
Event: 22.807 Thread 0x00007f6050273000 Uncommon trap: reason=unreached action=reinterpret pc=0x00007f604d0ac594 method=java.lang.ThreadLocal$ThreadLocalMap.getEntry(Ljava/lang/ThreadLocal;)Ljava/lang/ThreadLocal$ThreadLocalMap$Entry; @ 21
Event: 22.823 Thread 0x00007f6050273000 Uncommon trap: reason=unreached action=reinterpret pc=0x00007f604d0b9830 method=java.lang.ref.SoftReference.get()Ljava/lang/Object; @ 6
Event: 53.361 Thread 0x00007f6050273000 Uncommon trap: reason=class_check action=maybe_recompile pc=0x00007f604d146d1c method=javax.swing.JComponent.paintChildren(Ljava/awt/Graphics;)V @ 460
Event: 53.361 Thread 0x00007f6050273000 Uncommon trap: reason=class_check action=maybe_recompile pc=0x00007f604d109c4c method=javax.swing.SwingUtilities.layoutCompoundLabelImpl(Ljavax/swing/JComponent;Ljava/awt/FontMetrics;Ljava/lang/String;Ljavax/swing/Icon;IIIILjava/awt/Rectangle;Ljava/awt/Re
Event: 53.361 Thread 0x00007f6050273000 Uncommon trap: reason=class_check action=maybe_recompile pc=0x00007f604d109c4c method=javax.swing.SwingUtilities.layoutCompoundLabelImpl(Ljavax/swing/JComponent;Ljava/awt/FontMetrics;Ljava/lang/String;Ljavax/swing/Icon;IIIILjava/awt/Rectangle;Ljava/awt/Re
Event: 53.362 Thread 0x00007f6050273000 Uncommon trap: reason=class_check action=maybe_recompile pc=0x00007f604d109c4c method=javax.swing.SwingUtilities.layoutCompoundLabelImpl(Ljavax/swing/JComponent;Ljava/awt/FontMetrics;Ljava/lang/String;Ljavax/swing/Icon;IIIILjava/awt/Rectangle;Ljava/awt/Re
Event: 53.443 Thread 0x00007f6050273000 Uncommon trap: reason=class_check action=maybe_recompile pc=0x00007f604d146d1c method=javax.swing.JComponent.paintChildren(Ljava/awt/Graphics;)V @ 460
Event: 53.443 Thread 0x00007f6050273000 Uncommon trap: reason=class_check action=maybe_recompile pc=0x00007f604d109c4c method=javax.swing.SwingUtilities.layoutCompoundLabelImpl(Ljavax/swing/JComponent;Ljava/awt/FontMetrics;Ljava/lang/String;Ljavax/swing/Icon;IIIILjava/awt/Rectangle;Ljava/awt/Re
Event: 53.449 Thread 0x00007f6050273000 Uncommon trap: reason=class_check action=maybe_recompile pc=0x00007f604d146d1c method=javax.swing.JComponent.paintChildren(Ljava/awt/Graphics;)V @ 460
Event: 53.543 Thread 0x00007f6050273000 Uncommon trap: reason=class_check action=maybe_recompile pc=0x00007f604d146d1c method=javax.swing.JComponent.paintChildren(Ljava/awt/Graphics;)V @ 460

Internal exceptions (10 events):
Event: 19.166 Thread 0x00007f605000a800 Threw 0x00000007d7175b08 at /build/buildd/openjdk-7-7u75-2.5.4/build/openjdk/hotspot/src/share/vm/prims/jvm.cpp:1284
Event: 19.610 Thread 0x00007f605000a800 Threw 0x00000007d83d3018 at /build/buildd/openjdk-7-7u75-2.5.4/build/openjdk/hotspot/src/share/vm/prims/jvm.cpp:1284
Event: 19.626 Thread 0x00007f605000a800 Threw 0x00000007d83d8b40 at /build/buildd/openjdk-7-7u75-2.5.4/build/openjdk/hotspot/src/share/vm/prims/jvm.cpp:1284
Event: 19.676 Thread 0x00007f6050209800 Implicit null exception at 0x00007f604d0ae0a0 to 0x00007f604d0ae1d5
Event: 19.681 Thread 0x00007f6050209800 Implicit null exception at 0x00007f604d0b16fc to 0x00007f604d0b1799
Event: 19.788 Thread 0x00007f6050273000 Threw 0x00000007d6e21d30 at /build/buildd/openjdk-7-7u75-2.5.4/build/openjdk/hotspot/src/share/vm/prims/jni.cpp:747
Event: 22.804 Thread 0x00007f5ffc009800 Implicit null exception at 0x00007f604d0ac895 to 0x00007f604d0ac92d
Event: 22.807 Thread 0x00007f6050273000 Implicit null exception at 0x00007f604d0ac4f5 to 0x00007f604d0ac579
Event: 22.961 Thread 0x00007f6050273000 Threw 0x00000007d870c1a8 at /build/buildd/openjdk-7-7u75-2.5.4/build/openjdk/hotspot/src/share/vm/prims/jni.cpp:747
Event: 25.008 Thread 0x00007f6050273000 Threw 0x00000007d8756038 at /build/buildd/openjdk-7-7u75-2.5.4/build/openjdk/hotspot/src/share/vm/prims/jvm.cpp:1284

Events (10 events):
Event: 53.443 Thread 0x00007f6050273000 DEOPT UNPACKING pc=0x00007f604d039445 sp=0x00007f60136e47b0 mode 2
Event: 53.443 Thread 0x00007f6050273000 Uncommon trap: trap_request=0xffffffde fr.pc=0x00007f604d109c4c
Event: 53.443 Thread 0x00007f6050273000 DEOPT PACKING pc=0x00007f604d109c4c sp=0x00007f60136e4380
Event: 53.443 Thread 0x00007f6050273000 DEOPT UNPACKING pc=0x00007f604d039445 sp=0x00007f60136e42c8 mode 2
Event: 53.449 Thread 0x00007f6050273000 Uncommon trap: trap_request=0xffffffde fr.pc=0x00007f604d146d1c
Event: 53.449 Thread 0x00007f6050273000 DEOPT PACKING pc=0x00007f604d146d1c sp=0x00007f60136e4820
Event: 53.449 Thread 0x00007f6050273000 DEOPT UNPACKING pc=0x00007f604d039445 sp=0x00007f60136e47b0 mode 2
Event: 53.543 Thread 0x00007f6050273000 Uncommon trap: trap_request=0xffffffde fr.pc=0x00007f604d146d1c
Event: 53.543 Thread 0x00007f6050273000 DEOPT PACKING pc=0x00007f604d146d1c sp=0x00007f60136e4820
Event: 53.543 Thread 0x00007f6050273000 DEOPT UNPACKING pc=0x00007f604d039445 sp=0x00007f60136e47b0 mode 2


Dynamic libraries:
00400000-00401000 r-xp 00000000 08:04 6325548                            /usr/lib/jvm/java-7-openjdk-amd64/jre/bin/java
00600000-00601000 r--p 00000000 08:04 6325548                            /usr/lib/jvm/java-7-openjdk-amd64/jre/bin/java
00601000-00602000 rw-p 00001000 08:04 6325548                            /usr/lib/jvm/java-7-openjdk-amd64/jre/bin/java
006ea000-0070b000 rw-p 00000000 00:00 0                                  [heap]
779800000-77ad00000 rw-p 00000000 00:00 0 
77ad00000-783e00000 rw-p 00000000 00:00 0 
783e00000-789080000 rw-p 00000000 00:00 0 
789080000-7d6a00000 rw-p 00000000 00:00 0 
7d6a00000-7db300000 rw-p 00000000 00:00 0 
7db300000-800000000 rw-p 00000000 00:00 0 
7f5fd3fff000-7f5fd8000000 rw-s 00000000 00:14 151304                     /run/shm/pulse-shm-4104517068
7f5fd8000000-7f5fd8021000 rw-p 00000000 00:00 0 
7f5fd8021000-7f5fdc000000 ---p 00000000 00:00 0 
7f5fdeac2000-7f5fdeac3000 ---p 00000000 00:00 0 
7f5fdeac3000-7f5fdf2c3000 rw-p 00000000 00:00 0 
7f5fdf2c3000-7f5fdf2c9000 r-xp 00000000 08:04 6181394                    /usr/lib/x86_64-linux-gnu/alsa-lib/libasound_module_pcm_pulse.so
7f5fdf2c9000-7f5fdf4c8000 ---p 00006000 08:04 6181394                    /usr/lib/x86_64-linux-gnu/alsa-lib/libasound_module_pcm_pulse.so
7f5fdf4c8000-7f5fdf4c9000 r--p 00005000 08:04 6181394                    /usr/lib/x86_64-linux-gnu/alsa-lib/libasound_module_pcm_pulse.so
7f5fdf4c9000-7f5fdf4ca000 rw-p 00006000 08:04 6181394                    /usr/lib/x86_64-linux-gnu/alsa-lib/libasound_module_pcm_pulse.so
7f5fdf4ca000-7f5fdf4d1000 r-xp 00000000 08:04 6172781                    /usr/lib/x86_64-linux-gnu/libogg.so.0.8.1
7f5fdf4d1000-7f5fdf6d1000 ---p 00007000 08:04 6172781                    /usr/lib/x86_64-linux-gnu/libogg.so.0.8.1
7f5fdf6d1000-7f5fdf6d2000 r--p 00007000 08:04 6172781                    /usr/lib/x86_64-linux-gnu/libogg.so.0.8.1
7f5fdf6d2000-7f5fdf6d3000 rw-p 00008000 08:04 6172781                    /usr/lib/x86_64-linux-gnu/libogg.so.0.8.1
7f5fdf6d3000-7f5fdf6ff000 r-xp 00000000 08:04 6172791                    /usr/lib/x86_64-linux-gnu/libvorbis.so.0.4.5
7f5fdf6ff000-7f5fdf8fe000 ---p 0002c000 08:04 6172791                    /usr/lib/x86_64-linux-gnu/libvorbis.so.0.4.5
7f5fdf8fe000-7f5fdf8ff000 r--p 0002b000 08:04 6172791                    /usr/lib/x86_64-linux-gnu/libvorbis.so.0.4.5
7f5fdf8ff000-7f5fdf900000 rw-p 0002c000 08:04 6172791                    /usr/lib/x86_64-linux-gnu/libvorbis.so.0.4.5
7f5fdf900000-7f5fdfbb3000 r-xp 00000000 08:04 6172795                    /usr/lib/x86_64-linux-gnu/libvorbisenc.so.2.0.8
7f5fdfbb3000-7f5fdfdb2000 ---p 002b3000 08:04 6172795                    /usr/lib/x86_64-linux-gnu/libvorbisenc.so.2.0.8
7f5fdfdb2000-7f5fdfdce000 r--p 002b2000 08:04 6172795                    /usr/lib/x86_64-linux-gnu/libvorbisenc.so.2.0.8
7f5fdfdce000-7f5fdfdcf000 rw-p 002ce000 08:04 6172795                    /usr/lib/x86_64-linux-gnu/libvorbisenc.so.2.0.8
7f5fdfdcf000-7f5fdfdff000 r-xp 00000000 08:04 6161427                    /usr/lib/x86_64-linux-gnu/libFLAC.so.8.3.0
7f5fdfdff000-7f5fdfffe000 ---p 00030000 08:04 6161427                    /usr/lib/x86_64-linux-gnu/libFLAC.so.8.3.0
7f5fdfffe000-7f5fdffff000 r--p 0002f000 08:04 6161427                    /usr/lib/x86_64-linux-gnu/libFLAC.so.8.3.0
7f5fdffff000-7f5fe0000000 rw-p 00030000 08:04 6161427                    /usr/lib/x86_64-linux-gnu/libFLAC.so.8.3.0
7f5fe0000000-7f5fe0021000 rw-p 00000000 00:00 0 
7f5fe0021000-7f5fe4000000 ---p 00000000 00:00 0 
7f5fe4000000-7f5fe4021000 rw-p 00000000 00:00 0 
7f5fe4021000-7f5fe8000000 ---p 00000000 00:00 0 
7f5fe8000000-7f5fe8f8f000 rw-p 00000000 00:00 0 
7f5fe8f8f000-7f5fec000000 ---p 00000000 00:00 0 
7f5fec000000-7f5fec021000 rw-p 00000000 00:00 0 
7f5fec021000-7f5ff0000000 ---p 00000000 00:00 0 
7f5ff0000000-7f5ff0021000 rw-p 00000000 00:00 0 
7f5ff0021000-7f5ff4000000 ---p 00000000 00:00 0 
7f5ff4000000-7f5ff4021000 rw-p 00000000 00:00 0 
7f5ff4021000-7f5ff8000000 ---p 00000000 00:00 0 
7f5ff8000000-7f5ff8021000 rw-p 00000000 00:00 0 
7f5ff8021000-7f5ffc000000 ---p 00000000 00:00 0 
7f5ffc000000-7f5ffc09d000 rw-p 00000000 00:00 0 
7f5ffc09d000-7f6000000000 ---p 00000000 00:00 0 
7f6000000000-7f6000021000 rw-p 00000000 00:00 0 
7f6000021000-7f6004000000 ---p 00000000 00:00 0 
7f6004000000-7f600403c000 rw-p 00000000 00:00 0 
7f600403c000-7f6008000000 ---p 00000000 00:00 0 
7f6008000000-7f6008021000 rw-p 00000000 00:00 0 
7f6008021000-7f600c000000 ---p 00000000 00:00 0 
7f600c000000-7f600c021000 rw-p 00000000 00:00 0 
7f600c021000-7f6010000000 ---p 00000000 00:00 0 
7f601007f000-7f6010084000 r-xp 00000000 08:04 6172777                    /usr/lib/x86_64-linux-gnu/libasyncns.so.0.3.1
7f6010084000-7f6010283000 ---p 00005000 08:04 6172777                    /usr/lib/x86_64-linux-gnu/libasyncns.so.0.3.1
7f6010283000-7f6010284000 r--p 00004000 08:04 6172777                    /usr/lib/x86_64-linux-gnu/libasyncns.so.0.3.1
7f6010284000-7f6010285000 rw-p 00005000 08:04 6172777                    /usr/lib/x86_64-linux-gnu/libasyncns.so.0.3.1
7f6010285000-7f60102e6000 r-xp 00000000 08:04 6172799                    /usr/lib/x86_64-linux-gnu/libsndfile.so.1.0.25
7f60102e6000-7f60104e6000 ---p 00061000 08:04 6172799                    /usr/lib/x86_64-linux-gnu/libsndfile.so.1.0.25
7f60104e6000-7f60104e8000 r--p 00061000 08:04 6172799                    /usr/lib/x86_64-linux-gnu/libsndfile.so.1.0.25
7f60104e8000-7f60104e9000 rw-p 00063000 08:04 6172799                    /usr/lib/x86_64-linux-gnu/libsndfile.so.1.0.25
7f60104e9000-7f60104ed000 rw-p 00000000 00:00 0 
7f60104ed000-7f60104f5000 r-xp 00000000 08:04 5114137                    /lib/x86_64-linux-gnu/libwrap.so.0.7.6
7f60104f5000-7f60106f4000 ---p 00008000 08:04 5114137                    /lib/x86_64-linux-gnu/libwrap.so.0.7.6
7f60106f4000-7f60106f5000 r--p 00007000 08:04 5114137                    /lib/x86_64-linux-gnu/libwrap.so.0.7.6
7f60106f5000-7f60106f6000 rw-p 00008000 08:04 5114137                    /lib/x86_64-linux-gnu/libwrap.so.0.7.6
7f60106f6000-7f60106f7000 rw-p 00000000 00:00 0 
7f60106f7000-7f601075d000 r-xp 00000000 08:04 6194465                    /usr/lib/x86_64-linux-gnu/pulseaudio/libpulsecommon-4.0.so
7f601075d000-7f601095c000 ---p 00066000 08:04 6194465                    /usr/lib/x86_64-linux-gnu/pulseaudio/libpulsecommon-4.0.so
7f601095c000-7f601095d000 r--p 00065000 08:04 6194465                    /usr/lib/x86_64-linux-gnu/pulseaudio/libpulsecommon-4.0.so
7f601095d000-7f601095e000 rw-p 00066000 08:04 6194465                    /usr/lib/x86_64-linux-gnu/pulseaudio/libpulsecommon-4.0.so
7f601095e000-7f6010968000 r-xp 00000000 08:04 5111867                    /lib/x86_64-linux-gnu/libjson-c.so.2.0.0
7f6010968000-7f6010b67000 ---p 0000a000 08:04 5111867                    /lib/x86_64-linux-gnu/libjson-c.so.2.0.0
7f6010b67000-7f6010b68000 r--p 00009000 08:04 5111867                    /lib/x86_64-linux-gnu/libjson-c.so.2.0.0
7f6010b68000-7f6010b69000 rw-p 0000a000 08:04 5111867                    /lib/x86_64-linux-gnu/libjson-c.so.2.0.0
7f6010b69000-7f6010bb0000 r-xp 00000000 08:04 6173633                    /usr/lib/x86_64-linux-gnu/libpulse.so.0.16.2
7f6010bb0000-7f6010db0000 ---p 00047000 08:04 6173633                    /usr/lib/x86_64-linux-gnu/libpulse.so.0.16.2
7f6010db0000-7f6010db1000 r--p 00047000 08:04 6173633                    /usr/lib/x86_64-linux-gnu/libpulse.so.0.16.2
7f6010db1000-7f6010db2000 rw-p 00048000 08:04 6173633                    /usr/lib/x86_64-linux-gnu/libpulse.so.0.16.2
7f6010fb4000-7f601109d000 r-xp 00000000 08:04 6169026                    /usr/lib/x86_64-linux-gnu/libasound.so.2.0.0
7f601109d000-7f601129c000 ---p 000e9000 08:04 6169026                    /usr/lib/x86_64-linux-gnu/libasound.so.2.0.0
7f601129c000-7f60112a3000 r--p 000e8000 08:04 6169026                    /usr/lib/x86_64-linux-gnu/libasound.so.2.0.0
7f60112a3000-7f60112a4000 rw-p 000ef000 08:04 6169026                    /usr/lib/x86_64-linux-gnu/libasound.so.2.0.0
7f60112e3000-7f60112ea000 r--s 00000000 08:04 6203694                    /usr/lib/x86_64-linux-gnu/gconv/gconv-modules.cache
7f60112ea000-7f60112eb000 r--p 00000000 08:04 131194                     /usr/share/locale-langpack/en_GB/LC_MESSAGES/pulseaudio.mo
7f60112eb000-7f60112fa000 r-xp 00000000 08:04 6292134                    /usr/lib/jvm/java-7-openjdk-amd64/jre/lib/amd64/libjsoundalsa.so
7f60112fa000-7f60114f9000 ---p 0000f000 08:04 6292134                    /usr/lib/jvm/java-7-openjdk-amd64/jre/lib/amd64/libjsoundalsa.so
7f60114f9000-7f60114fa000 r--p 0000e000 08:04 6292134                    /usr/lib/jvm/java-7-openjdk-amd64/jre/lib/amd64/libjsoundalsa.so
7f60114fa000-7f60114fb000 rw-p 0000f000 08:04 6292134                    /usr/lib/jvm/java-7-openjdk-amd64/jre/lib/amd64/libjsoundalsa.so
7f60114fb000-7f60114fc000 r-xp 00000000 08:04 6325517                    /usr/lib/jvm/java-7-openjdk-amd64/jre/lib/amd64/libjsound.so
7f60114fc000-7f60116fb000 ---p 00001000 08:04 6325517                    /usr/lib/jvm/java-7-openjdk-amd64/jre/lib/amd64/libjsound.so
7f60116fb000-7f60116fc000 r--p 00000000 08:04 6325517                    /usr/lib/jvm/java-7-openjdk-amd64/jre/lib/amd64/libjsound.so
7f60116fc000-7f60116fd000 rw-p 00001000 08:04 6325517                    /usr/lib/jvm/java-7-openjdk-amd64/jre/lib/amd64/libjsound.so
7f60116fd000-7f60117f8000 rw-s 00000000 00:04 4390931                    /SYSV00000000 (deleted)
7f60123dc000-7f60123e8000 r-xp 00000000 08:04 6325516                    /usr/lib/jvm/java-7-openjdk-amd64/jre/lib/amd64/libicedtea-sound.so
7f60123e8000-7f60125e7000 ---p 0000c000 08:04 6325516                    /usr/lib/jvm/java-7-openjdk-amd64/jre/lib/amd64/libicedtea-sound.so
7f60125e7000-7f60125e8000 r--p 0000b000 08:04 6325516                    /usr/lib/jvm/java-7-openjdk-amd64/jre/lib/amd64/libicedtea-sound.so
7f60125e8000-7f60125e9000 rw-p 0000c000 08:04 6325516                    /usr/lib/jvm/java-7-openjdk-amd64/jre/lib/amd64/libicedtea-sound.so
7f60125e9000-7f60125ea000 r--s 00000000 08:04 5402613                    /var/cache/fontconfig/087e1975ba9a574b140bb1df193bf770-le64.cache-4
7f60125ea000-7f60125f8000 r--s 00000000 08:04 5404231                    /var/cache/fontconfig/6aa41aa22e18b8fa06a12da28ea9c28b-le64.cache-4
7f60125f8000-7f60125f9000 r--s 00000000 08:04 5404230                    /var/cache/fontconfig/c05880de57d1f5e948fdfacc138775d9-le64.cache-4
7f60125f9000-7f6012604000 r--s 00000000 08:04 5402602                    /var/cache/fontconfig/945677eb7aeaf62f1d50efc3fb3ec7d8-le64.cache-4
7f6012604000-7f6012609000 r--s 00000000 08:04 5404228                    /var/cache/fontconfig/99e8ed0e538f840c565b6ed5dad60d56-le64.cache-4
7f6012609000-7f6012612000 r--s 00000000 08:04 5404227                    /var/cache/fontconfig/a6d8cf8e4ec09cdbc8633c31745a07dd-le64.cache-4
7f6012612000-7f6012618000 r--s 00000000 08:04 5404226                    /var/cache/fontconfig/2cd17615ca594fa2959ae173292e504c-le64.cache-4
7f6012618000-7f6012619000 r--s 00000000 08:04 5404225                    /var/cache/fontconfig/e7071f4a29fa870f4323321c154eba04-le64.cache-4
7f6012619000-7f601261a000 r--s 00000000 08:04 5404224                    /var/cache/fontconfig/0d8c3b2ac0904cb8a57a757ad11a4a08-le64.cache-4
7f601261a000-7f6012621000 r--s 00000000 08:04 5404223                    /var/cache/fontconfig/a755afe4a08bf5b97852ceb7400b47bc-le64.cache-4
7f6012621000-7f601262d000 r--s 00000000 08:04 5404222                    /var/cache/fontconfig/6d41288fd70b0be22e8c3a91e032eec0-le64.cache-4
7f601262d000-7f6012641000 r--s 00000000 08:04 5404221                    /var/cache/fontconfig/04aabc0a78ac019cf9454389977116d2-le64.cache-4
7f6012641000-7f6012642000 r--s 00000000 08:04 5404220                    /var/cache/fontconfig/1ac9eb803944fde146138c791f5cc56a-le64.cache-4
7f6012642000-7f6012643000 r--s 00000000 08:04 5404219                    /var/cache/fontconfig/b95bc8ffbebda2bbdae4265e45b8178d-le64.cache-4
7f6012643000-7f6012647000 r--s 00000000 08:04 5404218                    /var/cache/fontconfig/385c0604a188198f04d133e54aba7fe7-le64.cache-4
7f6012647000-7f6012648000 r--s 00000000 08:04 5404217                    /var/cache/fontconfig/9c956a7723ca69a44b382d9179c9802f-le64.cache-4
7f6012648000-7f6012649000 r--s 00000000 08:04 5404216                    /var/cache/fontconfig/9451a55048e8dbe8633e64d34165fdf2-le64.cache-4
7f6012649000-7f601264a000 r--s 00000000 08:04 5404215                    /var/cache/fontconfig/dc05db6664285cc2f12bf69c139ae4c3-le64.cache-4
7f601264a000-7f601264b000 r--s 00000000 08:04 5404214                    /var/cache/fontconfig/5d1cca7074f29429a8d18692746c2426-le64.cache-4
7f601264b000-7f601264d000 r--s 00000000 08:04 5404213                    /var/cache/fontconfig/767a8244fc0220cfb567a839d0392e0b-le64.cache-4
7f601264d000-7f601264e000 r--s 00000000 08:04 5380670                    /var/cache/fontconfig/4794a0821666d79190d59a36cb4f44b5-le64.cache-4
7f601264e000-7f601264f000 r--s 00000000 08:04 5404211                    /var/cache/fontconfig/9eae20f1ff8cc0a7d125749e875856bd-le64.cache-4
7f601264f000-7f6012651000 r--s 00000000 08:04 5404210                    /var/cache/fontconfig/bf2c1853a9e9b00bb02fe2e9bcf1e201-le64.cache-4
7f6012651000-7f6012656000 r--s 00000000 08:04 5404209                    /var/cache/fontconfig/8801497958630a81b71ace7c5f9b32a8-le64.cache-4
7f6012656000-7f6012691000 r--s 00000000 08:04 5404208                    /var/cache/fontconfig/365b55f210c0a22e9a19e35191240f32-le64.cache-4
7f6012691000-7f6012695000 r--s 00000000 08:04 5404207                    /var/cache/fontconfig/c57959a16110560c8d0fcea73374aeeb-le64.cache-4
7f6012695000-7f601269c000 r--s 00000000 08:04 5404206                    /var/cache/fontconfig/3047814df9a2f067bd2d96a2b9c36e5a-le64.cache-4
7f601269c000-7f60126a0000 r--s 00000000 08:04 5404205                    /var/cache/fontconfig/bf3b770c553c462765856025a94f1ce6-le64.cache-4
7f60126a0000-7f60126a1000 r--s 00000000 08:04 5404204                    /var/cache/fontconfig/56cf4f4769d0f4abc89a4895d7bd3ae1-le64.cache-4
7f60126a1000-7f60126a2000 r--s 00000000 08:04 5404203                    /var/cache/fontconfig/b9d506c9ac06c20b433354fa67a72993-le64.cache-4
7f60126a2000-7f60126a8000 r--s 00000000 08:04 5404202                    /var/cache/fontconfig/b47c4e1ecd0709278f4910c18777a504-le64.cache-4
7f60126a8000-7f60126ab000 r--s 00000000 08:04 5404201                    /var/cache/fontconfig/14d493b97896515cad3840ba4896e372-le64.cache-4
7f60126ab000-7f60126b3000 r--s 00000000 08:04 5404198                    /var/cache/fontconfig/ce677e824a231659fde4a3a246a10ea3-le64.cache-4
7f60126b3000-7f60126b4000 r--s 00000000 08:04 5404197                    /var/cache/fontconfig/89034621ae2a8922916bb6bfa5799546-le64.cache-4
7f60126b4000-7f60126bd000 r--s 00000000 08:04 5404196                    /var/cache/fontconfig/52f7bdb7ce746bfd7eaa1985bd9cfa93-le64.cache-4
7f60126bd000-7f60126c0000 r--s 00000000 08:04 5404195                    /var/cache/fontconfig/e49e89034d371f0f9de17aab02136486-le64.cache-4
7f60126c0000-7f60126c2000 r--s 00000000 08:04 5404194                    /var/cache/fontconfig/4b14b093aebc79c320de5e86ae1d3314-le64.cache-4
7f60126c2000-7f60126c3000 r--s 00000000 08:04 5404189                    /var/cache/fontconfig/8aec10f4cc8391dcef22ca549f1e4354-le64.cache-4
7f60126c3000-7f60126d6000 r--s 00000000 08:04 5404188                    /var/cache/fontconfig/d52a8644073d54c13679302ca1180695-le64.cache-4
7f60126d6000-7f60126d7000 r--s 00000000 08:04 5404184                    /var/cache/fontconfig/8a687c406b77f27d99abfeeba937fcce-le64.cache-4
7f60126d7000-7f60126df000 r--s 00000000 08:04 5404183                    /var/cache/fontconfig/105b9c7e6f0a4f82d8c9b6e39c52c6f9-le64.cache-4
7f60126df000-7f60126e8000 r--s 00000000 08:04 5378612                    /var/cache/fontconfig/3f7329c5293ffd510edef78f73874cfd-le64.cache-4
7f60126e8000-7f60126e9000 r--s 00000000 08:04 5404050                    /var/cache/fontconfig/ac2cf712d852da827a87a9baf682f5b9-le64.cache-4
7f60126e9000-7f60126eb000 r--s 00000000 08:04 5403086                    /var/cache/fontconfig/65f976e5259cbe6dc7697b8648396239-le64.cache-4
7f60126eb000-7f60126f6000 r--s 00000000 08:04 5402957                    /var/cache/fontconfig/d589a48862398ed80a3d6066f4f56f4c-le64.cache-4
7f60126f6000-7f60126f7000 r--s 00000000 08:04 5402953                    /var/cache/fontconfig/94f7fe9bd33aadfac165873bd010d595-le64.cache-4
7f60126f7000-7f60126f9000 r--s 00000000 08:04 5402949                    /var/cache/fontconfig/423767150eb258c59035de29db6fca84-le64.cache-4
7f60126f9000-7f60126fa000 r--s 00000000 08:04 5402939                    /var/cache/fontconfig/845c20fd2c4814bcec78e05d37a63ccc-le64.cache-4
7f60126fa000-7f60126fb000 r--s 00000000 08:04 5402938                    /var/cache/fontconfig/e7de81b01590fb7e12b38e274e17d0db-le64.cache-4
7f60126fb000-7f60126fd000 r--s 00000000 08:04 5402927                    /var/cache/fontconfig/67709b7835c0f764c1135060c9575660-le64.cache-4
7f60126fd000-7f601270a000 r--s 00000000 08:04 5380533                    /var/cache/fontconfig/089dead882dea3570ffc31a9898cfb69-le64.cache-4
7f601270a000-7f6012714000 r--s 00000000 08:04 5402926                    /var/cache/fontconfig/198d8fcf01c96d0cf813f74fd759bdb7-le64.cache-4
7f6012714000-7f601271f000 r--s 00000000 08:04 5402914                    /var/cache/fontconfig/83bf95040141907cd45bb53cf7c1c148-le64.cache-4
7f601271f000-7f6012721000 r--s 00000000 08:04 5402911                    /var/cache/fontconfig/6e6b34ae150a7ad95e82fb4a522f0bda-le64.cache-4
7f6012721000-7f6012728000 r--s 00000000 08:04 5402862                    /var/cache/fontconfig/53d14c92082a93e67d5078324eb314ca-le64.cache-4
7f6012728000-7f601272c000 r--s 00000000 08:04 5402861                    /var/cache/fontconfig/6c08beecf0dac481ec92e759e0c2e6d7-le64.cache-4
7f601272c000-7f6012730000 r--s 00000000 08:04 5402849                    /var/cache/fontconfig/4d6aee6d44eccb37054d3216e945f618-le64.cache-4
7f6012730000-7f6012734000 r--s 00000000 08:04 5402683                    /var/cache/fontconfig/d6c6df98c3df5faf9bd0f8ef4d91efe5-le64.cache-4
7f6012734000-7f6012747000 r--s 00000000 08:04 5402651                    /var/cache/fontconfig/4ac51e5cfbc76fc3f983e470323a16d3-le64.cache-4
7f6012747000-7f6012768000 r--s 00000000 08:04 5374396                    /var/cache/fontconfig/e13b20fdb08344e0e664864cc2ede53d-le64.cache-4
7f6012768000-7f6012775000 r--s 00000000 08:04 5380677                    /var/cache/fontconfig/8f02d4cb045bd6ce15663e43f347c9f8-le64.cache-4
7f6012775000-7f6012793000 r--s 00000000 08:04 5380229                    /var/cache/fontconfig/467c019e582ee353435ea5c21d137ef6-le64.cache-4
7f6012861000-7f6012864000 ---p 00000000 00:00 0 
7f6012864000-7f6012962000 rw-p 00000000 00:00 0 
7f6012962000-7f6012965000 ---p 00000000 00:00 0 
7f6012965000-7f6012a63000 rw-p 00000000 00:00 0 
7f6012a63000-7f6012a66000 ---p 00000000 00:00 0 
7f6012a66000-7f6012b64000 rw-p 00000000 00:00 0 
7f6012b64000-7f6012b67000 ---p 00000000 00:00 0 
7f6012b67000-7f6012c65000 rw-p 00000000 00:00 0 
7f6012c65000-7f6012c68000 ---p 00000000 00:00 0 
7f6012c68000-7f6012d66000 rw-p 00000000 00:00 0                          [stack:25192]
7f6012d66000-7f6012d69000 ---p 00000000 00:00 0 
7f6012d69000-7f6012e67000 rw-p 00000000 00:00 0                          [stack:25159]
7f6012e67000-7f6012e6a000 ---p 00000000 00:00 0 
7f6012e6a000-7f6012f68000 rw-p 00000000 00:00 0 
7f6012f68000-7f6012f78000 r-xp 00000000 08:04 6325519                    /usr/lib/jvm/java-7-openjdk-amd64/jre/lib/amd64/libnio.so
7f6012f78000-7f6013178000 ---p 00010000 08:04 6325519                    /usr/lib/jvm/java-7-openjdk-amd64/jre/lib/amd64/libnio.so
7f6013178000-7f6013179000 r--p 00010000 08:04 6325519                    /usr/lib/jvm/java-7-openjdk-amd64/jre/lib/amd64/libnio.so
7f6013179000-7f601317a000 rw-p 00011000 08:04 6325519                    /usr/lib/jvm/java-7-openjdk-amd64/jre/lib/amd64/libnio.so
7f601317a000-7f6013191000 r-xp 00000000 08:04 6325523                    /usr/lib/jvm/java-7-openjdk-amd64/jre/lib/amd64/libnet.so
7f6013191000-7f6013390000 ---p 00017000 08:04 6325523                    /usr/lib/jvm/java-7-openjdk-amd64/jre/lib/amd64/libnet.so
7f6013390000-7f6013391000 r--p 00016000 08:04 6325523                    /usr/lib/jvm/java-7-openjdk-amd64/jre/lib/amd64/libnet.so
7f6013391000-7f6013392000 rw-p 00017000 08:04 6325523                    /usr/lib/jvm/java-7-openjdk-amd64/jre/lib/amd64/libnet.so
7f6013392000-7f60133e3000 r-xp 00000000 08:04 6325529                    /usr/lib/jvm/java-7-openjdk-amd64/jre/lib/amd64/libfontmanager.so
7f60133e3000-7f60135e3000 ---p 00051000 08:04 6325529                    /usr/lib/jvm/java-7-openjdk-amd64/jre/lib/amd64/libfontmanager.so
7f60135e3000-7f60135e6000 r--p 00051000 08:04 6325529                    /usr/lib/jvm/java-7-openjdk-amd64/jre/lib/amd64/libfontmanager.so
7f60135e6000-7f60135e7000 rw-p 00054000 08:04 6325529                    /usr/lib/jvm/java-7-openjdk-amd64/jre/lib/amd64/libfontmanager.so
7f60135e7000-7f60135ea000 ---p 00000000 00:00 0 
7f60135ea000-7f60136e8000 rw-p 00000000 00:00 0                          [stack:25151]
7f60136e8000-7f60136eb000 ---p 00000000 00:00 0 
7f60136eb000-7f60137e9000 rw-p 00000000 00:00 0                          [stack:25150]
7f60137e9000-7f60137ec000 ---p 00000000 00:00 0 
7f60137ec000-7f60138ea000 rw-p 00000000 00:00 0                          [stack:25175]
7f60138ea000-7f60138ed000 ---p 00000000 00:00 0 
7f60138ed000-7f60139eb000 rw-p 00000000 00:00 0                          [stack:25148]
7f60139eb000-7f60139f0000 r-xp 00000000 08:04 6169240                    /usr/lib/x86_64-linux-gnu/libXfixes.so.3.1.0
7f60139f0000-7f6013bef000 ---p 00005000 08:04 6169240                    /usr/lib/x86_64-linux-gnu/libXfixes.so.3.1.0
7f6013bef000-7f6013bf0000 r--p 00004000 08:04 6169240                    /usr/lib/x86_64-linux-gnu/libXfixes.so.3.1.0
7f6013bf0000-7f6013bf1000 rw-p 00005000 08:04 6169240                    /usr/lib/x86_64-linux-gnu/libXfixes.so.3.1.0
7f6013bf1000-7f6013bfa000 r-xp 00000000 08:04 6169244                    /usr/lib/x86_64-linux-gnu/libXcursor.so.1.0.2
7f6013bfa000-7f6013df9000 ---p 00009000 08:04 6169244                    /usr/lib/x86_64-linux-gnu/libXcursor.so.1.0.2
7f6013df9000-7f6013dfa000 r--p 00008000 08:04 6169244                    /usr/lib/x86_64-linux-gnu/libXcursor.so.1.0.2
7f6013dfa000-7f6013dfb000 rw-p 00009000 08:04 6169244                    /usr/lib/x86_64-linux-gnu/libXcursor.so.1.0.2
7f6013dfb000-7f6013dff000 r-xp 00000000 08:04 5112067                    /lib/x86_64-linux-gnu/libgpg-error.so.0.10.0
7f6013dff000-7f6013ffe000 ---p 00004000 08:04 5112067                    /lib/x86_64-linux-gnu/libgpg-error.so.0.10.0
7f6013ffe000-7f6013fff000 r--p 00003000 08:04 5112067                    /lib/x86_64-linux-gnu/libgpg-error.so.0.10.0
7f6013fff000-7f6014000000 rw-p 00004000 08:04 5112067                    /lib/x86_64-linux-gnu/libgpg-error.so.0.10.0
7f6014000000-7f6014849000 rw-p 00000000 00:00 0 
7f6014849000-7f6018000000 ---p 00000000 00:00 0 
7f6018000000-7f6018021000 rw-p 00000000 00:00 0 
7f6018021000-7f601c000000 ---p 00000000 00:00 0 
7f601c000000-7f601c021000 rw-p 00000000 00:00 0 
7f601c021000-7f6020000000 ---p 00000000 00:00 0 
7f6020000000-7f6020b62000 rw-p 00000000 00:00 0 
7f6020b62000-7f6024000000 ---p 00000000 00:00 0 
7f6024000000-7f6024021000 rw-p 00000000 00:00 0 
7f6024021000-7f6028000000 ---p 00000000 00:00 0 
7f6028000000-7f6028021000 rw-p 00000000 00:00 0 
7f6028021000-7f602c000000 ---p 00000000 00:00 0 
7f602c000000-7f602c021000 rw-p 00000000 00:00 0 
7f602c021000-7f6030000000 ---p 00000000 00:00 0 
7f6030000000-7f6030021000 rw-p 00000000 00:00 0 
7f6030021000-7f6034000000 ---p 00000000 00:00 0 
7f6034000000-7f6034021000 rw-p 00000000 00:00 0 
7f6034021000-7f6038000000 ---p 00000000 00:00 0 
7f6038000000-7f6038004000 r--s 00000000 08:04 5402674                    /var/cache/fontconfig/9fb319ef52839f11ee26ab8b4cffa12b-le64.cache-4
7f6038004000-7f6038007000 r--s 00000000 08:04 5402636                    /var/cache/fontconfig/c19b55eb3b4c5b40ea175e31682068a5-le64.cache-4
7f6038007000-7f603800c000 r--s 00000000 08:04 5380374                    /var/cache/fontconfig/7ef2298fde41cc6eeb7af42e48b7d293-le64.cache-4
7f603800c000-7f603800e000 r-xp 00000000 08:04 5113922                    /lib/x86_64-linux-gnu/libkeyutils.so.1.4
7f603800e000-7f603820e000 ---p 00002000 08:04 5113922                    /lib/x86_64-linux-gnu/libkeyutils.so.1.4
7f603820e000-7f603820f000 r--p 00002000 08:04 5113922                    /lib/x86_64-linux-gnu/libkeyutils.so.1.4
7f603820f000-7f6038210000 rw-p 00003000 08:04 5113922                    /lib/x86_64-linux-gnu/libkeyutils.so.1.4
7f6038210000-7f603824d000 r-xp 00000000 08:04 5111906                    /lib/x86_64-linux-gnu/libpcre.so.3.13.1
7f603824d000-7f603844c000 ---p 0003d000 08:04 5111906                    /lib/x86_64-linux-gnu/libpcre.so.3.13.1
7f603844c000-7f603844d000 r--p 0003c000 08:04 5111906                    /lib/x86_64-linux-gnu/libpcre.so.3.13.1
7f603844d000-7f603844e000 rw-p 0003d000 08:04 5111906                    /lib/x86_64-linux-gnu/libpcre.so.3.13.1
7f603844e000-7f6038473000 r-xp 00000000 08:04 5111915                    /lib/x86_64-linux-gnu/libpng12.so.0.50.0
7f6038473000-7f6038672000 ---p 00025000 08:04 5111915                    /lib/x86_64-linux-gnu/libpng12.so.0.50.0
7f6038672000-7f6038673000 r--p 00024000 08:04 5111915                    /lib/x86_64-linux-gnu/libpng12.so.0.50.0
7f6038673000-7f6038674000 rw-p 00025000 08:04 5111915                    /lib/x86_64-linux-gnu/libpng12.so.0.50.0
7f6038674000-7f60386b8000 r-xp 00000000 08:04 5111997                    /lib/x86_64-linux-gnu/libdbus-1.so.3.7.6
7f60386b8000-7f60388b7000 ---p 00044000 08:04 5111997                    /lib/x86_64-linux-gnu/libdbus-1.so.3.7.6
7f60388b7000-7f60388b8000 r--p 00043000 08:04 5111997                    /lib/x86_64-linux-gnu/libdbus-1.so.3.7.6
7f60388b8000-7f60388b9000 rw-p 00044000 08:04 5111997                    /lib/x86_64-linux-gnu/libdbus-1.so.3.7.6
7f60388b9000-7f60388f4000 r-xp 00000000 08:04 6165318                    /usr/lib/x86_64-linux-gnu/libp11-kit.so.0.0.0
7f60388f4000-7f6038af3000 ---p 0003b000 08:04 6165318                    /usr/lib/x86_64-linux-gnu/libp11-kit.so.0.0.0
7f6038af3000-7f6038af9000 r--p 0003a000 08:04 6165318                    /usr/lib/x86_64-linux-gnu/libp11-kit.so.0.0.0
7f6038af9000-7f6038afb000 rw-p 00040000 08:04 6165318                    /usr/lib/x86_64-linux-gnu/libp11-kit.so.0.0.0
7f6038afb000-7f6038b0d000 r-xp 00000000 08:04 6164598                    /usr/lib/x86_64-linux-gnu/libtasn1.so.6.2.0
7f6038b0d000-7f6038d0d000 ---p 00012000 08:04 6164598                    /usr/lib/x86_64-linux-gnu/libtasn1.so.6.2.0
7f6038d0d000-7f6038d0e000 r--p 00012000 08:04 6164598                    /usr/lib/x86_64-linux-gnu/libtasn1.so.6.2.0
7f6038d0e000-7f6038d0f000 rw-p 00013000 08:04 6164598                    /usr/lib/x86_64-linux-gnu/libtasn1.so.6.2.0
7f6038d0f000-7f6038d8b000 r-xp 00000000 08:04 5111993                    /lib/x86_64-linux-gnu/libgcrypt.so.11.8.2
7f6038d8b000-7f6038f8a000 ---p 0007c000 08:04 5111993                    /lib/x86_64-linux-gnu/libgcrypt.so.11.8.2
7f6038f8a000-7f6038f8b000 r--p 0007b000 08:04 5111993                    /lib/x86_64-linux-gnu/libgcrypt.so.11.8.2
7f6038f8b000-7f6038f8e000 rw-p 0007c000 08:04 5111993                    /lib/x86_64-linux-gnu/libgcrypt.so.11.8.2
7f6038f8e000-7f6038f98000 r-xp 00000000 08:04 6167503                    /usr/lib/x86_64-linux-gnu/libkrb5support.so.0.1
7f6038f98000-7f6039197000 ---p 0000a000 08:04 6167503                    /usr/lib/x86_64-linux-gnu/libkrb5support.so.0.1
7f6039197000-7f6039198000 r--p 00009000 08:04 6167503                    /usr/lib/x86_64-linux-gnu/libkrb5support.so.0.1
7f6039198000-7f6039199000 rw-p 0000a000 08:04 6167503                    /usr/lib/x86_64-linux-gnu/libkrb5support.so.0.1
7f6039199000-7f603919c000 r-xp 00000000 08:04 5111828                    /lib/x86_64-linux-gnu/libcom_err.so.2.1
7f603919c000-7f603939b000 ---p 00003000 08:04 5111828                    /lib/x86_64-linux-gnu/libcom_err.so.2.1
7f603939b000-7f603939c000 r--p 00002000 08:04 5111828                    /lib/x86_64-linux-gnu/libcom_err.so.2.1
7f603939c000-7f603939d000 rw-p 00003000 08:04 5111828                    /lib/x86_64-linux-gnu/libcom_err.so.2.1
7f603939d000-7f60393c9000 r-xp 00000000 08:04 6185547                    /usr/lib/x86_64-linux-gnu/libk5crypto.so.3.1
7f60393c9000-7f60395c8000 ---p 0002c000 08:04 6185547                    /usr/lib/x86_64-linux-gnu/libk5crypto.so.3.1
7f60395c8000-7f60395ca000 r--p 0002b000 08:04 6185547                    /usr/lib/x86_64-linux-gnu/libk5crypto.so.3.1
7f60395ca000-7f60395cb000 rw-p 0002d000 08:04 6185547                    /usr/lib/x86_64-linux-gnu/libk5crypto.so.3.1
7f60395cb000-7f60395cc000 rw-p 00000000 00:00 0 
7f60395cc000-7f6039688000 r-xp 00000000 08:04 6171451                    /usr/lib/x86_64-linux-gnu/libkrb5.so.3.3
7f6039688000-7f6039888000 ---p 000bc000 08:04 6171451                    /usr/lib/x86_64-linux-gnu/libkrb5.so.3.3
7f6039888000-7f6039895000 r--p 000bc000 08:04 6171451                    /usr/lib/x86_64-linux-gnu/libkrb5.so.3.3
7f6039895000-7f6039897000 rw-p 000c9000 08:04 6171451                    /usr/lib/x86_64-linux-gnu/libkrb5.so.3.3
7f6039897000-7f603989c000 r-xp 00000000 08:04 6167578                    /usr/lib/x86_64-linux-gnu/libXdmcp.so.6.0.0
7f603989c000-7f6039a9b000 ---p 00005000 08:04 6167578                    /usr/lib/x86_64-linux-gnu/libXdmcp.so.6.0.0
7f6039a9b000-7f6039a9c000 r--p 00004000 08:04 6167578                    /usr/lib/x86_64-linux-gnu/libXdmcp.so.6.0.0
7f6039a9c000-7f6039a9d000 rw-p 00005000 08:04 6167578                    /usr/lib/x86_64-linux-gnu/libXdmcp.so.6.0.0
7f6039a9d000-7f6039a9f000 r-xp 00000000 08:04 6167576                    /usr/lib/x86_64-linux-gnu/libXau.so.6.0.0
7f6039a9f000-7f6039c9f000 ---p 00002000 08:04 6167576                    /usr/lib/x86_64-linux-gnu/libXau.so.6.0.0
7f6039c9f000-7f6039ca0000 r--p 00002000 08:04 6167576                    /usr/lib/x86_64-linux-gnu/libXau.so.6.0.0
7f6039ca0000-7f6039ca1000 rw-p 00003000 08:04 6167576                    /usr/lib/x86_64-linux-gnu/libXau.so.6.0.0
7f6039ca1000-7f6039ca8000 r-xp 00000000 08:04 6165284                    /usr/lib/x86_64-linux-gnu/libffi.so.6.0.1
7f6039ca8000-7f6039ea7000 ---p 00007000 08:04 6165284                    /usr/lib/x86_64-linux-gnu/libffi.so.6.0.1
7f6039ea7000-7f6039ea8000 r--p 00006000 08:04 6165284                    /usr/lib/x86_64-linux-gnu/libffi.so.6.0.1
7f6039ea8000-7f6039ea9000 rw-p 00007000 08:04 6165284                    /usr/lib/x86_64-linux-gnu/libffi.so.6.0.1
7f6039ea9000-7f6039ec0000 r-xp 00000000 08:04 5112035                    /lib/x86_64-linux-gnu/libresolv-2.19.so
7f6039ec0000-7f603a0c0000 ---p 00017000 08:04 5112035                    /lib/x86_64-linux-gnu/libresolv-2.19.so
7f603a0c0000-7f603a0c1000 r--p 00017000 08:04 5112035                    /lib/x86_64-linux-gnu/libresolv-2.19.so
7f603a0c1000-7f603a0c2000 rw-p 00018000 08:04 5112035                    /lib/x86_64-linux-gnu/libresolv-2.19.so
7f603a0c2000-7f603a0c4000 rw-p 00000000 00:00 0 
7f603a0c4000-7f603a0e4000 r-xp 00000000 08:04 5111873                    /lib/x86_64-linux-gnu/libselinux.so.1
7f603a0e4000-7f603a2e3000 ---p 00020000 08:04 5111873                    /lib/x86_64-linux-gnu/libselinux.so.1
7f603a2e3000-7f603a2e4000 r--p 0001f000 08:04 5111873                    /lib/x86_64-linux-gnu/libselinux.so.1
7f603a2e4000-7f603a2e5000 rw-p 00020000 08:04 5111873                    /lib/x86_64-linux-gnu/libselinux.so.1
7f603a2e5000-7f603a2e7000 rw-p 00000000 00:00 0 
7f603a2e7000-7f603a3ed000 r-xp 00000000 08:04 5112221                    /lib/x86_64-linux-gnu/libglib-2.0.so.0.4002.0
7f603a3ed000-7f603a5ec000 ---p 00106000 08:04 5112221                    /lib/x86_64-linux-gnu/libglib-2.0.so.0.4002.0
7f603a5ec000-7f603a5ed000 r--p 00105000 08:04 5112221                    /lib/x86_64-linux-gnu/libglib-2.0.so.0.4002.0
7f603a5ed000-7f603a5ee000 rw-p 00106000 08:04 5112221                    /lib/x86_64-linux-gnu/libglib-2.0.so.0.4002.0
7f603a5ee000-7f603a5ef000 rw-p 00000000 00:00 0 
7f603a5ef000-7f603a5f2000 r-xp 00000000 08:04 6163449                    /usr/lib/x86_64-linux-gnu/libgmodule-2.0.so.0.4002.0
7f603a5f2000-7f603a7f1000 ---p 00003000 08:04 6163449                    /usr/lib/x86_64-linux-gnu/libgmodule-2.0.so.0.4002.0
7f603a7f1000-7f603a7f2000 r--p 00002000 08:04 6163449                    /usr/lib/x86_64-linux-gnu/libgmodule-2.0.so.0.4002.0
7f603a7f2000-7f603a7f3000 rw-p 00003000 08:04 6163449                    /usr/lib/x86_64-linux-gnu/libgmodule-2.0.so.0.4002.0
7f603a7f3000-7f603a81a000 r-xp 00000000 08:04 5112063                    /lib/x86_64-linux-gnu/libexpat.so.1.6.0
7f603a81a000-7f603aa1a000 ---p 00027000 08:04 5112063                    /lib/x86_64-linux-gnu/libexpat.so.1.6.0
7f603aa1a000-7f603aa1c000 r--p 00027000 08:04 5112063                    /lib/x86_64-linux-gnu/libexpat.so.1.6.0
7f603aa1c000-7f603aa1d000 rw-p 00029000 08:04 5112063                    /lib/x86_64-linux-gnu/libexpat.so.1.6.0
7f603aa1d000-7f603aaba000 r-xp 00000000 08:04 6166080                    /usr/lib/x86_64-linux-gnu/libfreetype.so.6.11.1
7f603aaba000-7f603acb9000 ---p 0009d000 08:04 6166080                    /usr/lib/x86_64-linux-gnu/libfreetype.so.6.11.1
7f603acb9000-7f603acbf000 r--p 0009c000 08:04 6166080                    /usr/lib/x86_64-linux-gnu/libfreetype.so.6.11.1
7f603acbf000-7f603acc0000 rw-p 000a2000 08:04 6166080                    /usr/lib/x86_64-linux-gnu/libfreetype.so.6.11.1
7f603acc0000-7f603accf000 r-xp 00000000 08:04 6169132                    /usr/lib/x86_64-linux-gnu/libavahi-client.so.3.2.9
7f603accf000-7f603aecf000 ---p 0000f000 08:04 6169132                    /usr/lib/x86_64-linux-gnu/libavahi-client.so.3.2.9
7f603aecf000-7f603aed0000 r--p 0000f000 08:04 6169132                    /usr/lib/x86_64-linux-gnu/libavahi-client.so.3.2.9
7f603aed0000-7f603aed1000 rw-p 00010000 08:04 6169132                    /usr/lib/x86_64-linux-gnu/libavahi-client.so.3.2.9
7f603aed1000-7f603aedc000 r-xp 00000000 08:04 6169128                    /usr/lib/x86_64-linux-gnu/libavahi-common.so.3.5.3
7f603aedc000-7f603b0db000 ---p 0000b000 08:04 6169128                    /usr/lib/x86_64-linux-gnu/libavahi-common.so.3.5.3
7f603b0db000-7f603b0dc000 r--p 0000a000 08:04 6169128                    /usr/lib/x86_64-linux-gnu/libavahi-common.so.3.5.3
7f603b0dc000-7f603b0dd000 rw-p 0000b000 08:04 6169128                    /usr/lib/x86_64-linux-gnu/libavahi-common.so.3.5.3
7f603b0dd000-7f603b193000 r-xp 00000000 08:04 6164602                    /usr/lib/x86_64-linux-gnu/libgnutls.so.26.22.6
7f603b193000-7f603b393000 ---p 000b6000 08:04 6164602                    /usr/lib/x86_64-linux-gnu/libgnutls.so.26.22.6
7f603b393000-7f603b399000 r--p 000b6000 08:04 6164602                    /usr/lib/x86_64-linux-gnu/libgnutls.so.26.22.6
7f603b399000-7f603b39a000 rw-p 000bc000 08:04 6164602                    /usr/lib/x86_64-linux-gnu/libgnutls.so.26.22.6
7f603b39a000-7f603b39b000 rw-p 00000000 00:00 0 
7f603b39b000-7f603b3de000 r-xp 00000000 08:04 6189748                    /usr/lib/x86_64-linux-gnu/libgssapi_krb5.so.2.2
7f603b3de000-7f603b5de000 ---p 00043000 08:04 6189748                    /usr/lib/x86_64-linux-gnu/libgssapi_krb5.so.2.2
7f603b5de000-7f603b5df000 r--p 00043000 08:04 6189748                    /usr/lib/x86_64-linux-gnu/libgssapi_krb5.so.2.2
7f603b5df000-7f603b5e1000 rw-p 00044000 08:04 6189748                    /usr/lib/x86_64-linux-gnu/libgssapi_krb5.so.2.2
7f603b5e1000-7f603b5fe000 r-xp 00000000 08:04 6167580                    /usr/lib/x86_64-linux-gnu/libxcb.so.1.1.0
7f603b5fe000-7f603b7fe000 ---p 0001d000 08:04 6167580                    /usr/lib/x86_64-linux-gnu/libxcb.so.1.1.0
7f603b7fe000-7f603b7ff000 r--p 0001d000 08:04 6167580                    /usr/lib/x86_64-linux-gnu/libxcb.so.1.1.0
7f603b7ff000-7f603b800000 rw-p 0001e000 08:04 6167580                    /usr/lib/x86_64-linux-gnu/libxcb.so.1.1.0
7f603b800000-7f603b84f000 r-xp 00000000 08:04 6163451                    /usr/lib/x86_64-linux-gnu/libgobject-2.0.so.0.4002.0
7f603b84f000-7f603ba4f000 ---p 0004f000 08:04 6163451                    /usr/lib/x86_64-linux-gnu/libgobject-2.0.so.0.4002.0
7f603ba4f000-7f603ba50000 r--p 0004f000 08:04 6163451                    /usr/lib/x86_64-linux-gnu/libgobject-2.0.so.0.4002.0
7f603ba50000-7f603ba51000 rw-p 00050000 08:04 6163451                    /usr/lib/x86_64-linux-gnu/libgobject-2.0.so.0.4002.0
7f603ba51000-7f603bbbd000 r-xp 00000000 08:04 6163453                    /usr/lib/x86_64-linux-gnu/libgio-2.0.so.0.4002.0
7f603bbbd000-7f603bdbc000 ---p 0016c000 08:04 6163453                    /usr/lib/x86_64-linux-gnu/libgio-2.0.so.0.4002.0
7f603bdbc000-7f603bdc0000 r--p 0016b000 08:04 6163453                    /usr/lib/x86_64-linux-gnu/libgio-2.0.so.0.4002.0
7f603bdc0000-7f603bdc2000 rw-p 0016f000 08:04 6163453                    /usr/lib/x86_64-linux-gnu/libgio-2.0.so.0.4002.0
7f603bdc2000-7f603bdc4000 rw-p 00000000 00:00 0 
7f603bdc4000-7f603bdfe000 r-xp 00000000 08:04 6169098                    /usr/lib/x86_64-linux-gnu/libfontconfig.so.1.8.0
7f603bdfe000-7f603bffd000 ---p 0003a000 08:04 6169098                    /usr/lib/x86_64-linux-gnu/libfontconfig.so.1.8.0
7f603bffd000-7f603bfff000 r--p 00039000 08:04 6169098                    /usr/lib/x86_64-linux-gnu/libfontconfig.so.1.8.0
7f603bfff000-7f603c000000 rw-p 0003b000 08:04 6169098                    /usr/lib/x86_64-linux-gnu/libfontconfig.so.1.8.0
7f603c000000-7f603c021000 rw-p 00000000 00:00 0 
7f603c021000-7f6040000000 ---p 00000000 00:00 0 
7f6040000000-7f6040001000 r--s 00000000 08:04 5402935                    /var/cache/fontconfig/406a1d2d2bf3ed7664fbadefac0b2f66-le64.cache-4
7f604004a000-7f604004d000 ---p 00000000 00:00 0 
7f604004d000-7f604014b000 rw-p 00000000 00:00 0                          [stack:25147]
7f604014b000-7f60401b7000 r-xp 00000000 08:04 6172255                    /usr/lib/x86_64-linux-gnu/libcups.so.2
7f60401b7000-7f60403b7000 ---p 0006c000 08:04 6172255                    /usr/lib/x86_64-linux-gnu/libcups.so.2
7f60403b7000-7f60403be000 r--p 0006c000 08:04 6172255                    /usr/lib/x86_64-linux-gnu/libcups.so.2
7f60403be000-7f60403bf000 rw-p 00073000 08:04 6172255                    /usr/lib/x86_64-linux-gnu/libcups.so.2
7f60403bf000-7f60403ce000 r-xp 00000000 08:04 6169252                    /usr/lib/x86_64-linux-gnu/libXi.so.6.1.0
7f60403ce000-7f60405cd000 ---p 0000f000 08:04 6169252                    /usr/lib/x86_64-linux-gnu/libXi.so.6.1.0
7f60405cd000-7f60405ce000 r--p 0000e000 08:04 6169252                    /usr/lib/x86_64-linux-gnu/libXi.so.6.1.0
7f60405ce000-7f60405cf000 rw-p 0000f000 08:04 6169252                    /usr/lib/x86_64-linux-gnu/libXi.so.6.1.0
7f60405cf000-7f60405d4000 r-xp 00000000 08:04 6169296                    /usr/lib/x86_64-linux-gnu/libXtst.so.6.1.0
7f60405d4000-7f60407d3000 ---p 00005000 08:04 6169296                    /usr/lib/x86_64-linux-gnu/libXtst.so.6.1.0
7f60407d3000-7f60407d4000 r--p 00004000 08:04 6169296                    /usr/lib/x86_64-linux-gnu/libXtst.so.6.1.0
7f60407d4000-7f60407d5000 rw-p 00005000 08:04 6169296                    /usr/lib/x86_64-linux-gnu/libXtst.so.6.1.0
7f60407d5000-7f60407de000 r-xp 00000000 08:04 6169116                    /usr/lib/x86_64-linux-gnu/libXrender.so.1.3.0
7f60407de000-7f60409dd000 ---p 00009000 08:04 6169116                    /usr/lib/x86_64-linux-gnu/libXrender.so.1.3.0
7f60409dd000-7f60409de000 r--p 00008000 08:04 6169116                    /usr/lib/x86_64-linux-gnu/libXrender.so.1.3.0
7f60409de000-7f60409df000 rw-p 00009000 08:04 6169116                    /usr/lib/x86_64-linux-gnu/libXrender.so.1.3.0
7f60409df000-7f6040b0f000 r-xp 00000000 08:04 6167584                    /usr/lib/x86_64-linux-gnu/libX11.so.6.3.0
7f6040b0f000-7f6040d0f000 ---p 00130000 08:04 6167584                    /usr/lib/x86_64-linux-gnu/libX11.so.6.3.0
7f6040d0f000-7f6040d10000 r--p 00130000 08:04 6167584                    /usr/lib/x86_64-linux-gnu/libX11.so.6.3.0
7f6040d10000-7f6040d14000 rw-p 00131000 08:04 6167584                    /usr/lib/x86_64-linux-gnu/libX11.so.6.3.0
7f6040d14000-7f6040d25000 r-xp 00000000 08:04 6167587                    /usr/lib/x86_64-linux-gnu/libXext.so.6.4.0
7f6040d25000-7f6040f24000 ---p 00011000 08:04 6167587                    /usr/lib/x86_64-linux-gnu/libXext.so.6.4.0
7f6040f24000-7f6040f25000 r--p 00010000 08:04 6167587                    /usr/lib/x86_64-linux-gnu/libXext.so.6.4.0
7f6040f25000-7f6040f26000 rw-p 00011000 08:04 6167587                    /usr/lib/x86_64-linux-gnu/libXext.so.6.4.0
7f6040f3c000-7f6040f6d000 rw-p 00000000 00:00 0 
7f6040f6d000-7f6040fb5000 r-xp 00000000 08:04 6442698                    /usr/lib/jvm/java-7-openjdk-amd64/jre/lib/amd64/xawt/libmawt.so
7f6040fb5000-7f60411b4000 ---p 00048000 08:04 6442698                    /usr/lib/jvm/java-7-openjdk-amd64/jre/lib/amd64/xawt/libmawt.so
7f60411b4000-7f60411b5000 r--p 00047000 08:04 6442698                    /usr/lib/jvm/java-7-openjdk-amd64/jre/lib/amd64/xawt/libmawt.so
7f60411b5000-7f60411b8000 rw-p 00048000 08:04 6442698                    /usr/lib/jvm/java-7-openjdk-amd64/jre/lib/amd64/xawt/libmawt.so
7f60411b8000-7f60411b9000 rw-p 00000000 00:00 0 
7f60411b9000-7f6041259000 r-xp 00000000 08:04 6325533                    /usr/lib/jvm/java-7-openjdk-amd64/jre/lib/amd64/libawt.so
7f6041259000-7f6041459000 ---p 000a0000 08:04 6325533                    /usr/lib/jvm/java-7-openjdk-amd64/jre/lib/amd64/libawt.so
7f6041459000-7f604145a000 r--p 000a0000 08:04 6325533                    /usr/lib/jvm/java-7-openjdk-amd64/jre/lib/amd64/libawt.so
7f604145a000-7f6041465000 rw-p 000a1000 08:04 6325533                    /usr/lib/jvm/java-7-openjdk-amd64/jre/lib/amd64/libawt.so
7f6041465000-7f604148a000 rw-p 00000000 00:00 0 
7f604148a000-7f604148b000 ---p 00000000 00:00 0 
7f604148b000-7f604158b000 rw-p 00000000 00:00 0                          [stack:25146]
7f604158b000-7f604158e000 ---p 00000000 00:00 0 
7f604158e000-7f604168c000 rw-p 00000000 00:00 0                          [stack:25145]
7f604168c000-7f604168f000 ---p 00000000 00:00 0 
7f604168f000-7f604178d000 rw-p 00000000 00:00 0                          [stack:25144]
7f604178d000-7f6041790000 ---p 00000000 00:00 0 
7f6041790000-7f604188e000 rw-p 00000000 00:00 0                          [stack:25143]
7f604188e000-7f6041891000 ---p 00000000 00:00 0 
7f6041891000-7f604198f000 rw-p 00000000 00:00 0                          [stack:25142]
7f604198f000-7f6042c3c000 r--p 00000000 08:04 6160524                    /usr/lib/locale/locale-archive
7f6042c3c000-7f6042c3f000 ---p 00000000 00:00 0 
7f6042c3f000-7f6042d3d000 rw-p 00000000 00:00 0                          [stack:25141]
7f6042d3d000-7f6042d40000 ---p 00000000 00:00 0 
7f6042d40000-7f6042e3e000 rw-p 00000000 00:00 0                          [stack:25140]
7f6042e3e000-7f6042e3f000 ---p 00000000 00:00 0 
7f6042e3f000-7f6043e4e000 rw-p 00000000 00:00 0                          [stack:25139]
7f6043e4e000-7f6044000000 r--s 01d23000 08:04 6187137                    /usr/lib/jvm/java-7-openjdk-amd64/jre/lib/rt.jar
7f6044000000-7f6044021000 rw-p 00000000 00:00 0 
7f6044021000-7f6048000000 ---p 00000000 00:00 0 
7f6048000000-7f6048001000 r--s 00000000 08:04 5402923                    /var/cache/fontconfig/0c9eb80ebd1c36541ebe2852d3bb0c49-le64.cache-4
7f6048011000-7f604c8c8000 rw-p 00000000 00:00 0 
7f604c8c8000-7f604c8c9000 ---p 00000000 00:00 0 
7f604c8c9000-7f604c9c9000 rw-p 00000000 00:00 0                          [stack:25138]
7f604c9c9000-7f604c9ca000 ---p 00000000 00:00 0 
7f604c9ca000-7f604caca000 rw-p 00000000 00:00 0                          [stack:25137]
7f604caca000-7f604cacb000 ---p 00000000 00:00 0 
7f604cacb000-7f604cbd6000 rw-p 00000000 00:00 0                          [stack:25136]
7f604cbd6000-7f604cc1e000 rw-p 00000000 00:00 0 
7f604cc1e000-7f604cc48000 rw-p 00000000 00:00 0 
7f604cc48000-7f604ceb4000 rw-p 00000000 00:00 0 
7f604ceb4000-7f604ced9000 rw-p 00000000 00:00 0 
7f604ced9000-7f604cfff000 rw-p 00000000 00:00 0 
7f604cfff000-7f604d000000 rw-p 00000000 00:00 0 
7f604d000000-7f604d270000 rwxp 00000000 00:00 0 
7f604d270000-7f605039d000 rw-p 00000000 00:00 0 
7f605039d000-7f6054000000 ---p 00000000 00:00 0 
7f6054000000-7f6054003000 r--s 00000000 08:04 5402594                    /var/cache/fontconfig/de83a0a961185c8bd1f159015d56c039-le64.cache-4
7f6054012000-7f6054013000 rw-p 00000000 00:00 0 
7f6054013000-7f605401c000 r--s 000b9000 08:04 6187141                    /usr/lib/jvm/java-7-openjdk-amd64/jre/lib/resources.jar
7f605401c000-7f6054077000 rw-p 00000000 00:00 0 
7f6054077000-7f6054078000 ---p 00000000 00:00 0 
7f6054078000-7f60541a2000 rw-p 00000000 00:00 0                          [stack:25135]
7f60541a2000-7f605440e000 rw-p 00000000 00:00 0 
7f605440e000-7f6054418000 rw-p 00000000 00:00 0 
7f6054418000-7f60544ce000 rw-p 00000000 00:00 0 
7f60544ce000-7f60544d6000 r-xp 00000000 08:04 6325547                    /usr/lib/jvm/java-7-openjdk-amd64/jre/lib/amd64/libzip.so
7f60544d6000-7f60546d5000 ---p 00008000 08:04 6325547                    /usr/lib/jvm/java-7-openjdk-amd64/jre/lib/amd64/libzip.so
7f60546d5000-7f60546d6000 r--p 00007000 08:04 6325547                    /usr/lib/jvm/java-7-openjdk-amd64/jre/lib/amd64/libzip.so
7f60546d6000-7f60546d7000 rw-p 00008000 08:04 6325547                    /usr/lib/jvm/java-7-openjdk-amd64/jre/lib/amd64/libzip.so
7f60546d7000-7f6054d55000 r--s 00000000 08:04 5376719                    /var/lib/sss/mc/passwd
7f6054d55000-7f6054d5c000 r-xp 00000000 08:04 5114254                    /lib/x86_64-linux-gnu/libnss_sss.so.2
7f6054d5c000-7f6054f5b000 ---p 00007000 08:04 5114254                    /lib/x86_64-linux-gnu/libnss_sss.so.2
7f6054f5b000-7f6054f5c000 r--p 00006000 08:04 5114254                    /lib/x86_64-linux-gnu/libnss_sss.so.2
7f6054f5c000-7f6054f5d000 rw-p 00007000 08:04 5114254                    /lib/x86_64-linux-gnu/libnss_sss.so.2
7f6054f5d000-7f6054f68000 r-xp 00000000 08:04 5112044                    /lib/x86_64-linux-gnu/libnss_files-2.19.so
7f6054f68000-7f6055167000 ---p 0000b000 08:04 5112044                    /lib/x86_64-linux-gnu/libnss_files-2.19.so
7f6055167000-7f6055168000 r--p 0000a000 08:04 5112044                    /lib/x86_64-linux-gnu/libnss_files-2.19.so
7f6055168000-7f6055169000 rw-p 0000b000 08:04 5112044                    /lib/x86_64-linux-gnu/libnss_files-2.19.so
7f6055169000-7f6055174000 r-xp 00000000 08:04 5112037                    /lib/x86_64-linux-gnu/libnss_nis-2.19.so
7f6055174000-7f6055373000 ---p 0000b000 08:04 5112037                    /lib/x86_64-linux-gnu/libnss_nis-2.19.so
7f6055373000-7f6055374000 r--p 0000a000 08:04 5112037                    /lib/x86_64-linux-gnu/libnss_nis-2.19.so
7f6055374000-7f6055375000 rw-p 0000b000 08:04 5112037                    /lib/x86_64-linux-gnu/libnss_nis-2.19.so
7f6055375000-7f605538c000 r-xp 00000000 08:04 5112029                    /lib/x86_64-linux-gnu/libnsl-2.19.so
7f605538c000-7f605558b000 ---p 00017000 08:04 5112029                    /lib/x86_64-linux-gnu/libnsl-2.19.so
7f605558b000-7f605558c000 r--p 00016000 08:04 5112029                    /lib/x86_64-linux-gnu/libnsl-2.19.so
7f605558c000-7f605558d000 rw-p 00017000 08:04 5112029                    /lib/x86_64-linux-gnu/libnsl-2.19.so
7f605558d000-7f605558f000 rw-p 00000000 00:00 0 
7f605558f000-7f6055598000 r-xp 00000000 08:04 5112026                    /lib/x86_64-linux-gnu/libnss_compat-2.19.so
7f6055598000-7f6055797000 ---p 00009000 08:04 5112026                    /lib/x86_64-linux-gnu/libnss_compat-2.19.so
7f6055797000-7f6055798000 r--p 00008000 08:04 5112026                    /lib/x86_64-linux-gnu/libnss_compat-2.19.so
7f6055798000-7f6055799000 rw-p 00009000 08:04 5112026                    /lib/x86_64-linux-gnu/libnss_compat-2.19.so
7f6055799000-7f60557c4000 r-xp 00000000 08:04 6325532                    /usr/lib/jvm/java-7-openjdk-amd64/jre/lib/amd64/libjava.so
7f60557c4000-7f60559c4000 ---p 0002b000 08:04 6325532                    /usr/lib/jvm/java-7-openjdk-amd64/jre/lib/amd64/libjava.so
7f60559c4000-7f60559c5000 r--p 0002b000 08:04 6325532                    /usr/lib/jvm/java-7-openjdk-amd64/jre/lib/amd64/libjava.so
7f60559c5000-7f60559c7000 rw-p 0002c000 08:04 6325532                    /usr/lib/jvm/java-7-openjdk-amd64/jre/lib/amd64/libjava.so
7f60559c7000-7f60559d7000 r-xp 00000000 08:04 6325531                    /usr/lib/jvm/java-7-openjdk-amd64/jre/lib/amd64/libverify.so
7f60559d7000-7f6055bd6000 ---p 00010000 08:04 6325531                    /usr/lib/jvm/java-7-openjdk-amd64/jre/lib/amd64/libverify.so
7f6055bd6000-7f6055bd8000 r--p 0000f000 08:04 6325531                    /usr/lib/jvm/java-7-openjdk-amd64/jre/lib/amd64/libverify.so
7f6055bd8000-7f6055bd9000 rw-p 00011000 08:04 6325531                    /usr/lib/jvm/java-7-openjdk-amd64/jre/lib/amd64/libverify.so
7f6055bd9000-7f6055be0000 r-xp 00000000 08:04 5112019                    /lib/x86_64-linux-gnu/librt-2.19.so
7f6055be0000-7f6055ddf000 ---p 00007000 08:04 5112019                    /lib/x86_64-linux-gnu/librt-2.19.so
7f6055ddf000-7f6055de0000 r--p 00006000 08:04 5112019                    /lib/x86_64-linux-gnu/librt-2.19.so
7f6055de0000-7f6055de1000 rw-p 00007000 08:04 5112019                    /lib/x86_64-linux-gnu/librt-2.19.so
7f6055de1000-7f6055df7000 r-xp 00000000 08:04 5111841                    /lib/x86_64-linux-gnu/libgcc_s.so.1
7f6055df7000-7f6055ff6000 ---p 00016000 08:04 5111841                    /lib/x86_64-linux-gnu/libgcc_s.so.1
7f6055ff6000-7f6055ff7000 rw-p 00015000 08:04 5111841                    /lib/x86_64-linux-gnu/libgcc_s.so.1
7f6055ff7000-7f60560fc000 r-xp 00000000 08:04 5112028                    /lib/x86_64-linux-gnu/libm-2.19.so
7f60560fc000-7f60562fb000 ---p 00105000 08:04 5112028                    /lib/x86_64-linux-gnu/libm-2.19.so
7f60562fb000-7f60562fc000 r--p 00104000 08:04 5112028                    /lib/x86_64-linux-gnu/libm-2.19.so
7f60562fc000-7f60562fd000 rw-p 00105000 08:04 5112028                    /lib/x86_64-linux-gnu/libm-2.19.so
7f60562fd000-7f60563e3000 r-xp 00000000 08:04 6165336                    /usr/lib/x86_64-linux-gnu/libstdc++.so.6.0.19
7f60563e3000-7f60565e2000 ---p 000e6000 08:04 6165336                    /usr/lib/x86_64-linux-gnu/libstdc++.so.6.0.19
7f60565e2000-7f60565ea000 r--p 000e5000 08:04 6165336                    /usr/lib/x86_64-linux-gnu/libstdc++.so.6.0.19
7f60565ea000-7f60565ec000 rw-p 000ed000 08:04 6165336                    /usr/lib/x86_64-linux-gnu/libstdc++.so.6.0.19
7f60565ec000-7f6056601000 rw-p 00000000 00:00 0 
7f6056601000-7f6057119000 r-xp 00000000 08:04 6325536                    /usr/lib/jvm/java-7-openjdk-amd64/jre/lib/amd64/server/libjvm.so
7f6057119000-7f6057319000 ---p 00b18000 08:04 6325536                    /usr/lib/jvm/java-7-openjdk-amd64/jre/lib/amd64/server/libjvm.so
7f6057319000-7f60573b3000 r--p 00b18000 08:04 6325536                    /usr/lib/jvm/java-7-openjdk-amd64/jre/lib/amd64/server/libjvm.so
7f60573b3000-7f60573d6000 rw-p 00bb2000 08:04 6325536                    /usr/lib/jvm/java-7-openjdk-amd64/jre/lib/amd64/server/libjvm.so
7f60573d6000-7f6057404000 rw-p 00000000 00:00 0 
7f6057404000-7f605741c000 r-xp 00000000 08:04 5112054                    /lib/x86_64-linux-gnu/libz.so.1.2.8
7f605741c000-7f605761b000 ---p 00018000 08:04 5112054                    /lib/x86_64-linux-gnu/libz.so.1.2.8
7f605761b000-7f605761c000 r--p 00017000 08:04 5112054                    /lib/x86_64-linux-gnu/libz.so.1.2.8
7f605761c000-7f605761d000 rw-p 00018000 08:04 5112054                    /lib/x86_64-linux-gnu/libz.so.1.2.8
7f605761d000-7f6057636000 r-xp 00000000 08:04 5112042                    /lib/x86_64-linux-gnu/libpthread-2.19.so
7f6057636000-7f6057835000 ---p 00019000 08:04 5112042                    /lib/x86_64-linux-gnu/libpthread-2.19.so
7f6057835000-7f6057836000 r--p 00018000 08:04 5112042                    /lib/x86_64-linux-gnu/libpthread-2.19.so
7f6057836000-7f6057837000 rw-p 00019000 08:04 5112042                    /lib/x86_64-linux-gnu/libpthread-2.19.so
7f6057837000-7f605783b000 rw-p 00000000 00:00 0 
7f605783b000-7f605783e000 r-xp 00000000 08:04 5112022                    /lib/x86_64-linux-gnu/libdl-2.19.so
7f605783e000-7f6057a3d000 ---p 00003000 08:04 5112022                    /lib/x86_64-linux-gnu/libdl-2.19.so
7f6057a3d000-7f6057a3e000 r--p 00002000 08:04 5112022                    /lib/x86_64-linux-gnu/libdl-2.19.so
7f6057a3e000-7f6057a3f000 rw-p 00003000 08:04 5112022                    /lib/x86_64-linux-gnu/libdl-2.19.so
7f6057a3f000-7f6057bfa000 r-xp 00000000 08:04 5112018                    /lib/x86_64-linux-gnu/libc-2.19.so
7f6057bfa000-7f6057dfa000 ---p 001bb000 08:04 5112018                    /lib/x86_64-linux-gnu/libc-2.19.so
7f6057dfa000-7f6057dfe000 r--p 001bb000 08:04 5112018                    /lib/x86_64-linux-gnu/libc-2.19.so
7f6057dfe000-7f6057e00000 rw-p 001bf000 08:04 5112018                    /lib/x86_64-linux-gnu/libc-2.19.so
7f6057e00000-7f6057e05000 rw-p 00000000 00:00 0 
7f6057e05000-7f6057e12000 r-xp 00000000 08:04 6325515                    /usr/lib/jvm/java-7-openjdk-amd64/jre/lib/amd64/jli/libjli.so
7f6057e12000-7f6058011000 ---p 0000d000 08:04 6325515                    /usr/lib/jvm/java-7-openjdk-amd64/jre/lib/amd64/jli/libjli.so
7f6058011000-7f6058012000 r--p 0000c000 08:04 6325515                    /usr/lib/jvm/java-7-openjdk-amd64/jre/lib/amd64/jli/libjli.so
7f6058012000-7f6058013000 rw-p 0000d000 08:04 6325515                    /usr/lib/jvm/java-7-openjdk-amd64/jre/lib/amd64/jli/libjli.so
7f6058013000-7f6058036000 r-xp 00000000 08:04 5112015                    /lib/x86_64-linux-gnu/ld-2.19.so
7f6058036000-7f6058037000 r--s 00000000 08:04 5402903                    /var/cache/fontconfig/3334a778d104e76d188e9df399bc24d2-le64.cache-4
7f6058037000-7f6058038000 r--s 00000000 08:04 5402634                    /var/cache/fontconfig/c277e94e32b20404286a1ddafa5a80f0-le64.cache-4
7f6058038000-7f605803a000 r--s 00000000 08:04 5402630                    /var/cache/fontconfig/452f1fac34b224105d7acfae3034bcd5-le64.cache-4
7f605803a000-7f605803c000 r--s 00000000 08:04 5380696                    /var/cache/fontconfig/16326683038b281783a0ef8c680e3a10-le64.cache-4
7f605803c000-7f6058046000 r--s 00203000 08:04 6187149                    /usr/lib/jvm/java-7-openjdk-amd64/jre/lib/charsets.jar
7f6058046000-7f605804a000 r--s 00034000 08:04 6325501                    /usr/lib/jvm/java-7-openjdk-amd64/jre/lib/ext/sunjce_provider.jar
7f605804a000-7f605809e000 rw-p 00000000 00:00 0 
7f605809e000-7f60580e6000 rw-p 00000000 00:00 0 
7f60580e6000-7f60580e9000 ---p 00000000 00:00 0 
7f60580e9000-7f60581ec000 rw-p 00000000 00:00 0                          [stack:25134]
7f60581ec000-7f60581ed000 r--s 00000000 08:04 5402633                    /var/cache/fontconfig/62f91419b9ebdb6975e7e41ab6412357-le64.cache-4
7f60581ed000-7f60581ee000 r--s 00000000 08:04 5380675                    /var/cache/fontconfig/e0aa53bcfa504e64f87823c16bc01eb6-le64.cache-4
7f60581ee000-7f60581ef000 r--p 00000000 08:04 131525                     /usr/share/locale-langpack/en_GB/LC_MESSAGES/libc.mo
7f60581ef000-7f60581f2000 r--s 0000f000 08:04 6325499                    /usr/lib/jvm/java-7-openjdk-amd64/jre/lib/ext/icedtea-sound.jar
7f60581f2000-7f60581f4000 r--s 00012000 08:04 6325502                    /usr/lib/jvm/java-7-openjdk-amd64/jre/lib/ext/zipfs.jar
7f60581f4000-7f60581f6000 r--s 00006000 08:04 263612                     /usr/share/java/java-atk-wrapper.jar
7f60581f6000-7f60581f9000 r--s 00086000 08:04 6325504                    /usr/lib/jvm/java-7-openjdk-amd64/jre/lib/ext/localedata.jar
7f60581f9000-7f60581fa000 r--s 00002000 08:04 6325503                    /usr/lib/jvm/java-7-openjdk-amd64/jre/lib/ext/dnsns.jar
7f60581fa000-7f60581fe000 r--s 0003c000 08:04 6325500                    /usr/lib/jvm/java-7-openjdk-amd64/jre/lib/ext/sunpkcs11.jar
7f60581fe000-7f6058229000 rw-p 00000000 00:00 0 
7f6058229000-7f6058231000 rw-s 00000000 08:04 5113874                    /tmp/hsperfdata_ylhavuor/25130
7f6058231000-7f6058232000 rw-p 00000000 00:00 0 
7f6058232000-7f6058233000 r--p 00000000 00:00 0 
7f6058233000-7f6058235000 rw-p 00000000 00:00 0 
7f6058235000-7f6058236000 r--p 00022000 08:04 5112015                    /lib/x86_64-linux-gnu/ld-2.19.so
7f6058236000-7f6058237000 rw-p 00023000 08:04 5112015                    /lib/x86_64-linux-gnu/ld-2.19.so
7f6058237000-7f6058238000 rw-p 00000000 00:00 0 
7ffff00c1000-7ffff00e2000 rw-p 00000000 00:00 0                          [stack]
7ffff0180000-7ffff0182000 r-xp 00000000 00:00 0                          [vdso]
ffffffffff600000-ffffffffff601000 r-xp 00000000 00:00 0                  [vsyscall]

VM Arguments:
java_command: musicmachine.Main
Launcher Type: SUN_STANDARD

Environment Variables:
JAVA_HOME=/usr/lib/jvm/default-java
PATH=/usr/local/sbin:/usr/local/bin:/usr/sbin:/usr/bin:/sbin:/bin:/usr/games:/usr/local/games
LD_LIBRARY_PATH=/usr/lib/jvm/default-java/jre/lib/amd64:/usr/lib/jvm/default-java/jre/lib/i386:
SHELL=/bin/bash
DISPLAY=:0

Signal Handlers:
SIGSEGV: [libjvm.so+0x94b4b0], sa_mask[0]=0x7ffbfeff, sa_flags=0x10000004
SIGBUS: [libjvm.so+0x94b4b0], sa_mask[0]=0x7ffbfeff, sa_flags=0x10000004
SIGFPE: [libjvm.so+0x7c3390], sa_mask[0]=0x7ffbfeff, sa_flags=0x10000004
SIGPIPE: [libjvm.so+0x7c3390], sa_mask[0]=0x7ffbfeff, sa_flags=0x10000004
SIGXFSZ: [libjvm.so+0x7c3390], sa_mask[0]=0x7ffbfeff, sa_flags=0x10000004
SIGILL: [libjvm.so+0x7c3390], sa_mask[0]=0x7ffbfeff, sa_flags=0x10000004
SIGUSR1: SIG_DFL, sa_mask[0]=0x00000000, sa_flags=0x00000000
SIGUSR2: [libjvm.so+0x7c3230], sa_mask[0]=0x00000004, sa_flags=0x10000004
SIGHUP: [libjvm.so+0x7c3410], sa_mask[0]=0x7ffbfeff, sa_flags=0x10000004
SIGINT: SIG_IGN, sa_mask[0]=0x00000000, sa_flags=0x00000000
SIGTERM: [libjvm.so+0x7c3410], sa_mask[0]=0x7ffbfeff, sa_flags=0x10000004
SIGQUIT: [libjvm.so+0x7c3410], sa_mask[0]=0x7ffbfeff, sa_flags=0x10000004
SIGTRAP: SIG_DFL, sa_mask[0]=0x00000000, sa_flags=0x00000000


---------------  S Y S T E M  ---------------

OS:Ubuntu 14.04 (trusty)
uname:Linux 3.13.0-46-generic #75-Ubuntu SMP Tue Feb 10 15:24:04 UTC 2015 x86_64
libc:glibc 2.19 NPTL 2.19 
rlimit: STACK 8192k, CORE 0k, NPROC 63311, NOFILE 4096, AS infinity
load average:1.48 1.27 1.27

/proc/meminfo:
MemTotal:        8134244 kB
MemFree:         3397476 kB
Buffers:          140228 kB
Cached:          1885984 kB
SwapCached:            0 kB
Active:          3181636 kB
Inactive:        1210436 kB
Active(anon):    2367700 kB
Inactive(anon):    47700 kB
Active(file):     813936 kB
Inactive(file):  1162736 kB
Unevictable:         292 kB
Mlocked:             292 kB
SwapTotal:      15625212 kB
SwapFree:       15625212 kB
Dirty:                64 kB
Writeback:             0 kB
AnonPages:       2366148 kB
Mapped:           328272 kB
Shmem:             49544 kB
Slab:             136944 kB
SReclaimable:      93184 kB
SUnreclaim:        43760 kB
KernelStack:        5920 kB
PageTables:        55492 kB
NFS_Unstable:          0 kB
Bounce:                0 kB
WritebackTmp:          0 kB
CommitLimit:    19692332 kB
Committed_AS:    7366004 kB
VmallocTotal:   34359738367 kB
VmallocUsed:      319180 kB
VmallocChunk:   34359413756 kB
HardwareCorrupted:     0 kB
AnonHugePages:   1306624 kB
HugePages_Total:       0
HugePages_Free:        0
HugePages_Rsvd:        0
HugePages_Surp:        0
Hugepagesize:       2048 kB
DirectMap4k:      209336 kB
DirectMap2M:     8136704 kB


CPU:total 4 (4 cores per cpu, 1 threads per core) family 6 model 42 stepping 7, cmov, cx8, fxsr, mmx, sse, sse2, sse3, ssse3, sse4.1, sse4.2, popcnt, avx, aes, tsc, tscinvbit

/proc/cpuinfo:
processor	: 0
vendor_id	: GenuineIntel
cpu family	: 6
model		: 42
model name	: Intel(R) Core(TM) i5-2400 CPU @ 3.10GHz
stepping	: 7
microcode	: 0x29
cpu MHz		: 1900.000
cache size	: 6144 KB
physical id	: 0
siblings	: 4
core id		: 0
cpu cores	: 4
apicid		: 0
initial apicid	: 0
fpu		: yes
fpu_exception	: yes
cpuid level	: 13
wp		: yes
flags		: fpu vme de pse tsc msr pae mce cx8 apic sep mtrr pge mca cmov pat pse36 clflush dts acpi mmx fxsr sse sse2 ss ht tm pbe syscall nx rdtscp lm constant_tsc arch_perfmon pebs bts rep_good nopl xtopology nonstop_tsc aperfmperf eagerfpu pni pclmulqdq dtes64 monitor ds_cpl vmx smx est tm2 ssse3 cx16 xtpr pdcm pcid sse4_1 sse4_2 x2apic popcnt tsc_deadline_timer aes xsave avx lahf_lm ida arat epb xsaveopt pln pts dtherm tpr_shadow vnmi flexpriority ept vpid
bogomips	: 6186.07
clflush size	: 64
cache_alignment	: 64
address sizes	: 36 bits physical, 48 bits virtual
power management:

processor	: 1
vendor_id	: GenuineIntel
cpu family	: 6
model		: 42
model name	: Intel(R) Core(TM) i5-2400 CPU @ 3.10GHz
stepping	: 7
microcode	: 0x29
cpu MHz		: 1700.000
cache size	: 6144 KB
physical id	: 0
siblings	: 4
core id		: 1
cpu cores	: 4
apicid		: 2
initial apicid	: 2
fpu		: yes
fpu_exception	: yes
cpuid level	: 13
wp		: yes
flags		: fpu vme de pse tsc msr pae mce cx8 apic sep mtrr pge mca cmov pat pse36 clflush dts acpi mmx fxsr sse sse2 ss ht tm pbe syscall nx rdtscp lm constant_tsc arch_perfmon pebs bts rep_good nopl xtopology nonstop_tsc aperfmperf eagerfpu pni pclmulqdq dtes64 monitor ds_cpl vmx smx est tm2 ssse3 cx16 xtpr pdcm pcid sse4_1 sse4_2 x2apic popcnt tsc_deadline_timer aes xsave avx lahf_lm ida arat epb xsaveopt pln pts dtherm tpr_shadow vnmi flexpriority ept vpid
bogomips	: 6186.07
clflush size	: 64
cache_alignment	: 64
address sizes	: 36 bits physical, 48 bits virtual
power management:

processor	: 2
vendor_id	: GenuineIntel
cpu family	: 6
model		: 42
model name	: Intel(R) Core(TM) i5-2400 CPU @ 3.10GHz
stepping	: 7
microcode	: 0x29
cpu MHz		: 1600.000
cache size	: 6144 KB
physical id	: 0
siblings	: 4
core id		: 2
cpu cores	: 4
apicid		: 4
initial apicid	: 4
fpu		: yes
fpu_exception	: yes
cpuid level	: 13
wp		: yes
flags		: fpu vme de pse tsc msr pae mce cx8 apic sep mtrr pge mca cmov pat pse36 clflush dts acpi mmx fxsr sse sse2 ss ht tm pbe syscall nx rdtscp lm constant_tsc arch_perfmon pebs bts rep_good nopl xtopology nonstop_tsc aperfmperf eagerfpu pni pclmulqdq dtes64 monitor ds_cpl vmx smx est tm2 ssse3 cx16 xtpr pdcm pcid sse4_1 sse4_2 x2apic popcnt tsc_deadline_timer aes xsave avx lahf_lm ida arat epb xsaveopt pln pts dtherm tpr_shadow vnmi flexpriority ept vpid
bogomips	: 6186.07
clflush size	: 64
cache_alignment	: 64
address sizes	: 36 bits physical, 48 bits virtual
power management:

processor	: 3
vendor_id	: GenuineIntel
cpu family	: 6
model		: 42
model name	: Intel(R) Core(TM) i5-2400 CPU @ 3.10GHz
stepping	: 7
microcode	: 0x29
cpu MHz		: 1900.000
cache size	: 6144 KB
physical id	: 0
siblings	: 4
core id		: 3
cpu cores	: 4
apicid		: 6
initial apicid	: 6
fpu		: yes
fpu_exception	: yes
cpuid level	: 13
wp		: yes
flags		: fpu vme de pse tsc msr pae mce cx8 apic sep mtrr pge mca cmov pat pse36 clflush dts acpi mmx fxsr sse sse2 ss ht tm pbe syscall nx rdtscp lm constant_tsc arch_perfmon pebs bts rep_good nopl xtopology nonstop_tsc aperfmperf eagerfpu pni pclmulqdq dtes64 monitor ds_cpl vmx smx est tm2 ssse3 cx16 xtpr pdcm pcid sse4_1 sse4_2 x2apic popcnt tsc_deadline_timer aes xsave avx lahf_lm ida arat epb xsaveopt pln pts dtherm tpr_shadow vnmi flexpriority ept vpid
bogomips	: 6186.07
clflush size	: 64
cache_alignment	: 64
address sizes	: 36 bits physical, 48 bits virtual
power management:



Memory: 4k page, physical 8134244k(3397476k free), swap 15625212k(15625212k free)

vm_info: OpenJDK 64-Bit Server VM (24.75-b04) for linux-amd64 JRE (1.7.0_75-b13), built on Jan 27 2015 00:38:59 by "buildd" with gcc 4.8.2

time: Thu Feb 26 16:05:39 2015
elapsed time: 64 seconds

