#
# A fatal error has been detected by the Java Runtime Environment:
#
#  SIGSEGV (0xb) at pc=0x00007f19103deb8e, pid=18458, tid=139744200087296
#
# JRE version: OpenJDK Runtime Environment (7.0_75-b13) (build 1.7.0_75-b13)
# Java VM: OpenJDK 64-Bit Server VM (24.75-b04 mixed mode linux-amd64 compressed oops)
# Derivative: IcedTea 2.5.4
# Distribution: Ubuntu 14.04 LTS, package 7u75-2.5.4-1~trusty1
# Problematic frame:
# C  [libc.so.6+0x98b8e]
#
# Failed to write core dump. Core dumps have been disabled. To enable core dumping, try "ulimit -c unlimited" before starting Java again
#
# If you would like to submit a bug report, please include
# instructions on how to reproduce the bug and visit:
#   http://icedtea.classpath.org/bugzilla
# The crash happened outside the Java Virtual Machine in native code.
# See problematic frame for where to report the bug.
#

---------------  T H R E A D  ---------------

Current thread (0x00007f18b007b000):  JavaThread "Thread-1" [_thread_in_native, id=18502, stack(0x00007f18bb57d000,0x00007f18bb67e000)]

siginfo:si_signo=SIGSEGV: si_errno=0, si_code=2 (SEGV_ACCERR), si_addr=0x00007f18a0f7d23c

Registers:
RAX=0x0000000014f4b28c, RBX=0x00000000000017c0, RCX=0x0000000000002f80, RDX=0x00000000000017c0
RSP=0x00007f18bb67c6c8, RBP=0x00007f18a0f7ba8c, RSI=0x00007f18a0f7ba8c, RDI=0x00007f188c02f040
R8 =0x00000000002bb000, R9 =0x0000000000000000, R10=0xffff80ef369fec50, R11=0x00007f18a0000001
R12=0x0000000000000000, R13=0x0000000000000000, R14=0x00007f18b0079420, R15=0x0000000000000000
RIP=0x00007f19103deb8e, EFLAGS=0x0000000000010206, CSGSFS=0x0000000000000033, ERR=0x0000000000000004
  TRAPNO=0x000000000000000e

Top of Stack: (sp=0x00007f18bb67c6c8)
0x00007f18bb67c6c8:   00007f18ba3cf5c4 00007f18bb67c730
0x00007f18bb67c6d8:   00007f190f6c8b7e 0000001900000002
0x00007f18bb67c6e8:   00007f18b007b000 00000000000017c0
0x00007f18bb67c6f8:   00007f18bb67c720 00007f1800000000
0x00007f18bb67c708:   00007f18a0f7ba8c 0000000000000000
0x00007f18bb67c718:   0000000000000000 00007f188c02f000
0x00007f18bb67c728:   0000000000000000 00000000000017c0
0x00007f18bb67c738:   00007f190f4fdd42 00007f18bb67c850
0x00007f18bb67c748:   00007f18b007b1d8 00007f18a00013c0
0x00007f18bb67c758:   00007f18b0079420 00007f18bb67c850
0x00007f18bb67c768:   0000000000f7a6cc 00000000000017c0
0x00007f18bb67c778:   00007f1897dfa9ee 0000000000000000
0x00007f18bb67c788:   000000077a744f20 00007f18bb67c820
0x00007f18bb67c798:   0000000000000000 000000077a744f20
0x00007f18bb67c7a8:   00007f18bb67c858 00007f18b007b000
0x00007f18bb67c7b8:   00007f1905012d98 000000077a7341b8
0x00007f18bb67c7c8:   0000000000000000 000000077a72be00
0x00007f18bb67c7d8:   0000000000000000 00007f18bb67c7e0
0x00007f18bb67c7e8:   0000000000000000 00007f18bb67c858
0x00007f18bb67c7f8:   000000077a74b0b0 0000000000000000
0x00007f18bb67c808:   000000077a744f20 0000000000000000
0x00007f18bb67c818:   00007f18bb67c840 00007f18bb67c8a0
0x00007f18bb67c828:   00007f19050061d4 0000000000000000
0x00007f18bb67c838:   00007f190500ecd6 00000000000017c0
0x00007f18bb67c848:   0000000000f7a6cc 00000007d6a00000
0x00007f18bb67c858:   00000007d9012fd0 00007f18bb67c860
0x00007f18bb67c868:   000000077a74874c 00007f18bb67c8c8
0x00007f18bb67c878:   000000077a74b0b0 0000000000000000
0x00007f18bb67c888:   000000077a748788 00007f18bb67c840
0x00007f18bb67c898:   00007f18bb67c8b0 00007f18bb67c920
0x00007f18bb67c8a8:   00007f19050061d4 00000000000017c0
0x00007f18bb67c8b8:   0000000000f7a6cc 00000007d6a00000 

Instructions: (pc=0x00007f19103deb8e)
0x00007f19103deb6e:   39 c8 0f 82 07 01 00 00 48 83 fa 10 0f 86 8b 01
0x00007f19103deb7e:   00 00 f3 44 0f 6f 06 48 83 fa 20 f3 44 0f 7f 07
0x00007f19103deb8e:   f3 44 0f 6f 44 16 f0 f3 44 0f 7f 44 17 f0 77 12
0x00007f19103deb9e:   48 89 f8 c3 66 66 66 66 66 2e 0f 1f 84 00 00 00 

Register to memory mapping:

RAX=0x0000000014f4b28c is an unknown value
RBX=0x00000000000017c0 is an unknown value
RCX=0x0000000000002f80 is an unknown value
RDX=0x00000000000017c0 is an unknown value
RSP=0x00007f18bb67c6c8 is pointing into the stack for thread: 0x00007f18b007b000
RBP=0x00007f18a0f7ba8c is an unknown value
RSI=0x00007f18a0f7ba8c is an unknown value
RDI=0x00007f188c02f040 is an unknown value
R8 =0x00000000002bb000 is an unknown value
R9 =0x0000000000000000 is an unknown value
R10=0xffff80ef369fec50 is an unknown value
R11=0x00007f18a0000001 is an unknown value
R12=0x0000000000000000 is an unknown value
R13=0x0000000000000000 is an unknown value
R14=0x00007f18b0079420 is an unknown value
R15=0x0000000000000000 is an unknown value


Stack: [0x00007f18bb57d000,0x00007f18bb67e000],  sp=0x00007f18bb67c6c8,  free space=1021k
Native frames: (J=compiled Java code, j=interpreted, Vv=VM code, C=native code)
C  [libc.so.6+0x98b8e]

Java frames: (J=compiled Java code, j=interpreted, Vv=VM code)
j  org.classpath.icedtea.pulseaudio.Stream.native_pa_stream_write([BII)I+0
j  org.classpath.icedtea.pulseaudio.Stream.write([BII)I+4
j  org.classpath.icedtea.pulseaudio.PulseAudioClip.writeFrames(II)V+170
j  org.classpath.icedtea.pulseaudio.PulseAudioClip.access$200(Lorg/classpath/icedtea/pulseaudio/PulseAudioClip;II)V+3
j  org.classpath.icedtea.pulseaudio.PulseAudioClip$ClipThread.run()V+20
v  ~StubRoutines::call_stub

---------------  P R O C E S S  ---------------

Java Threads: ( => current thread )
=>0x00007f18b007b000 JavaThread "Thread-1" [_thread_in_native, id=18502, stack(0x00007f18bb57d000,0x00007f18bb67e000)]
  0x00007f18b0076000 JavaThread "PulseAudio Eventloop Thread" daemon [_thread_blocked, id=18501, stack(0x00007f18f0113000,0x00007f18f0214000)]
  0x00007f18b0023800 JavaThread "TimerQueue" daemon [_thread_blocked, id=18487, stack(0x00007f18bb67e000,0x00007f18bb77f000)]
  0x00007f190800a800 JavaThread "DestroyJavaVM" [_thread_blocked, id=18462, stack(0x00007f19109ed000,0x00007f1910aee000)]
  0x00007f1908263000 JavaThread "AWT-EventQueue-0" [_thread_blocked, id=18479, stack(0x00007f18bbeff000,0x00007f18bc000000)]
  0x00007f1908261800 JavaThread "AWT-Shutdown" [_thread_blocked, id=18478, stack(0x00007f18f0012000,0x00007f18f0113000)]
  0x00007f19081f1800 JavaThread "AWT-XAWT" daemon [_thread_in_native, id=18476, stack(0x00007f18f0214000,0x00007f18f0315000)]
  0x00007f19081ca800 JavaThread "Java2D Disposer" daemon [_thread_blocked, id=18475, stack(0x00007f18f0725000,0x00007f18f0826000)]
  0x00007f19080af800 JavaThread "Service Thread" daemon [_thread_blocked, id=18473, stack(0x00007f18f9e44000,0x00007f18f9f45000)]
  0x00007f19080ad800 JavaThread "C2 CompilerThread1" daemon [_thread_blocked, id=18472, stack(0x00007f18f9f45000,0x00007f18fa046000)]
  0x00007f19080aa800 JavaThread "C2 CompilerThread0" daemon [_thread_blocked, id=18471, stack(0x00007f18fa046000,0x00007f18fa147000)]
  0x00007f19080a8800 JavaThread "Signal Dispatcher" daemon [_thread_blocked, id=18470, stack(0x00007f18fa147000,0x00007f18fa248000)]
  0x00007f190807c800 JavaThread "Finalizer" daemon [_thread_blocked, id=18469, stack(0x00007f18fb4f5000,0x00007f18fb5f6000)]
  0x00007f190807a800 JavaThread "Reference Handler" daemon [_thread_blocked, id=18468, stack(0x00007f18fb5f6000,0x00007f18fb6f7000)]

Other Threads:
  0x00007f1908076000 VMThread [stack: 0x00007f18fb6f7000,0x00007f18fb7f8000] [id=18467]
  0x00007f19080ba800 WatcherThread [stack: 0x00007f18f9d43000,0x00007f18f9e44000] [id=18474]

VM state:not at safepoint (normal execution)

VM Mutex/Monitor currently owned by a thread: None

Heap
 PSYoungGen      total 37376K, used 35233K [0x00000007d6a00000, 0x00000007d9380000, 0x0000000800000000)
  eden space 32256K, 94% used [0x00000007d6a00000,0x00000007d87d45a0,0x00000007d8980000)
  from space 5120K, 91% used [0x00000007d8e80000,0x00000007d9313f98,0x00000007d9380000)
  to   space 5120K, 0% used [0x00000007d8980000,0x00000007d8980000,0x00000007d8e80000)
 ParOldGen       total 84480K, used 16114K [0x0000000783e00000, 0x0000000789080000, 0x00000007d6a00000)
  object space 84480K, 19% used [0x0000000783e00000,0x0000000784dbc8a0,0x0000000789080000)
 PSPermGen       total 21504K, used 15851K [0x0000000779800000, 0x000000077ad00000, 0x0000000783e00000)
  object space 21504K, 73% used [0x0000000779800000,0x000000077a77ace0,0x000000077ad00000)

Card table byte_map: [0x00007f190c8e0000,0x00007f190cd15000] byte_map_base: 0x00007f1908d14000

Polling page: 0x00007f1910b39000

Code Cache  [0x00007f1905000000, 0x00007f1905270000, 0x00007f1908000000)
 total_blobs=840 nmethods=341 adapters=452 free_code_cache=47803Kb largest_free_block=48917120

Compilation events (10 events):
Event: 44.699 Thread 0x00007f19080ad800 nmethod 366 0x00007f190514fc10 code [0x00007f190514fd40, 0x00007f190514fd98]
Event: 44.699 Thread 0x00007f19080aa800 nmethod 365 0x00007f190514f990 code [0x00007f190514fac0, 0x00007f190514fb38]
Event: 44.799 Thread 0x00007f19080ad800  367             javax.swing.GroupLayout$ComponentSpring::getBaselineResizeBehavior (8 bytes)
Event: 44.799 Thread 0x00007f19080aa800  368             javax.swing.plaf.ComponentUI::getBaselineResizeBehavior (18 bytes)
Event: 44.799 Thread 0x00007f19080aa800 nmethod 368 0x00007f190514ddd0 code [0x00007f190514df00, 0x00007f190514df78]
Event: 44.812 Thread 0x00007f19080ad800 nmethod 367 0x00007f190514e010 code [0x00007f190514e220, 0x00007f190514eeb8]
Event: 45.800 Thread 0x00007f19080aa800  369             sun.java2d.SunGraphics2D::validateColor (101 bytes)
Event: 45.803 Thread 0x00007f19080aa800 nmethod 369 0x00007f190514bd90 code [0x00007f190514bf20, 0x00007f190514c158]
Event: 47.504 Thread 0x00007f19080ad800  371   !         java.awt.Container::validate (105 bytes)
Event: 47.510 Thread 0x00007f19080ad800 nmethod 371 0x00007f19051495d0 code [0x00007f1905149760, 0x00007f1905149ce8]

GC Heap History (4 events):
Event: 13.118 GC heap before
{Heap before GC invocations=1 (full 0):
 PSYoungGen      total 37376K, used 32256K [0x00000007d6a00000, 0x00000007d9380000, 0x0000000800000000)
  eden space 32256K, 100% used [0x00000007d6a00000,0x00000007d8980000,0x00000007d8980000)
  from space 5120K, 0% used [0x00000007d8e80000,0x00000007d8e80000,0x00000007d9380000)
  to   space 5120K, 0% used [0x00000007d8980000,0x00000007d8980000,0x00000007d8e80000)
 ParOldGen       total 84480K, used 0K [0x0000000783e00000, 0x0000000789080000, 0x00000007d6a00000)
  object space 84480K, 0% used [0x0000000783e00000,0x0000000783e00000,0x0000000789080000)
 PSPermGen       total 21504K, used 14945K [0x0000000779800000, 0x000000077ad00000, 0x0000000783e00000)
  object space 21504K, 69% used [0x0000000779800000,0x000000077a698658,0x000000077ad00000)
Event: 13.124 GC heap after
Heap after GC invocations=1 (full 0):
 PSYoungGen      total 37376K, used 5102K [0x00000007d6a00000, 0x00000007d9380000, 0x0000000800000000)
  eden space 32256K, 0% used [0x00000007d6a00000,0x00000007d6a00000,0x00000007d8980000)
  from space 5120K, 99% used [0x00000007d8980000,0x00000007d8e7bba0,0x00000007d8e80000)
  to   space 5120K, 0% used [0x00000007d8e80000,0x00000007d8e80000,0x00000007d9380000)
 ParOldGen       total 84480K, used 257K [0x0000000783e00000, 0x0000000789080000, 0x00000007d6a00000)
  object space 84480K, 0% used [0x0000000783e00000,0x0000000783e406d0,0x0000000789080000)
 PSPermGen       total 21504K, used 14945K [0x0000000779800000, 0x000000077ad00000, 0x0000000783e00000)
  object space 21504K, 69% used [0x0000000779800000,0x000000077a698658,0x000000077ad00000)
}
Event: 19.431 GC heap before
{Heap before GC invocations=2 (full 0):
 PSYoungGen      total 37376K, used 24814K [0x00000007d6a00000, 0x00000007d9380000, 0x0000000800000000)
  eden space 32256K, 61% used [0x00000007d6a00000,0x00000007d7d3fd10,0x00000007d8980000)
  from space 5120K, 99% used [0x00000007d8980000,0x00000007d8e7bba0,0x00000007d8e80000)
  to   space 5120K, 0% used [0x00000007d8e80000,0x00000007d8e80000,0x00000007d9380000)
 ParOldGen       total 84480K, used 257K [0x0000000783e00000, 0x0000000789080000, 0x00000007d6a00000)
  object space 84480K, 0% used [0x0000000783e00000,0x0000000783e406d0,0x0000000789080000)
 PSPermGen       total 21504K, used 15684K [0x0000000779800000, 0x000000077ad00000, 0x0000000783e00000)
  object space 21504K, 72% used [0x0000000779800000,0x000000077a751040,0x000000077ad00000)
Event: 19.439 GC heap after
Heap after GC invocations=2 (full 0):
 PSYoungGen      total 37376K, used 4687K [0x00000007d6a00000, 0x00000007d9380000, 0x0000000800000000)
  eden space 32256K, 0% used [0x00000007d6a00000,0x00000007d6a00000,0x00000007d8980000)
  from space 5120K, 91% used [0x00000007d8e80000,0x00000007d9313f98,0x00000007d9380000)
  to   space 5120K, 0% used [0x00000007d8980000,0x00000007d8980000,0x00000007d8e80000)
 ParOldGen       total 84480K, used 16114K [0x0000000783e00000, 0x0000000789080000, 0x00000007d6a00000)
  object space 84480K, 19% used [0x0000000783e00000,0x0000000784dbc8a0,0x0000000789080000)
 PSPermGen       total 21504K, used 15684K [0x0000000779800000, 0x000000077ad00000, 0x0000000783e00000)
  object space 21504K, 72% used [0x0000000779800000,0x000000077a751040,0x000000077ad00000)
}

Deoptimization events (10 events):
Event: 2.930 Thread 0x00007f190800a800 Uncommon trap: reason=unloaded action=reinterpret pc=0x00007f19050a114c method=java.lang.CharacterData.of(I)Ljava/lang/CharacterData; @ 96
Event: 3.021 Thread 0x00007f19081f1800 Uncommon trap: reason=unreached action=reinterpret pc=0x00007f19050a6ae8 method=java.lang.ThreadLocal.get()Ljava/lang/Object; @ 11
Event: 3.024 Thread 0x00007f19081f1800 Uncommon trap: reason=unreached action=reinterpret pc=0x00007f19050b1974 method=java.lang.ThreadLocal$ThreadLocalMap.getEntry(Ljava/lang/ThreadLocal;)Ljava/lang/ThreadLocal$ThreadLocalMap$Entry; @ 21
Event: 3.037 Thread 0x00007f1908263000 Uncommon trap: reason=class_check action=maybe_recompile pc=0x00007f190507c018 method=java.lang.String.equals(Ljava/lang/Object;)Z @ 8
Event: 3.037 Thread 0x00007f1908263000 Uncommon trap: reason=class_check action=maybe_recompile pc=0x00007f190507c018 method=java.lang.String.equals(Ljava/lang/Object;)Z @ 8
Event: 5.014 Thread 0x00007f1908263000 Uncommon trap: reason=class_check action=maybe_recompile pc=0x00007f190507c018 method=java.lang.String.equals(Ljava/lang/Object;)Z @ 8
Event: 5.350 Thread 0x00007f1908263000 Uncommon trap: reason=class_check action=maybe_recompile pc=0x00007f190507c018 method=java.lang.String.equals(Ljava/lang/Object;)Z @ 8
Event: 13.067 Thread 0x00007f18b0007800 Uncommon trap: reason=unreached action=reinterpret pc=0x00007f19050b1548 method=java.lang.ThreadLocal$ThreadLocalMap.getEntry(Ljava/lang/ThreadLocal;)Ljava/lang/ThreadLocal$ThreadLocalMap$Entry; @ 21
Event: 13.069 Thread 0x00007f1908263000 Uncommon trap: reason=unreached action=reinterpret pc=0x00007f19050b1194 method=java.lang.ThreadLocal$ThreadLocalMap.getEntry(Ljava/lang/ThreadLocal;)Ljava/lang/ThreadLocal$ThreadLocalMap$Entry; @ 21
Event: 13.084 Thread 0x00007f1908263000 Uncommon trap: reason=unreached action=reinterpret pc=0x00007f19050acb30 method=java.lang.ref.SoftReference.get()Ljava/lang/Object; @ 6

Internal exceptions (10 events):
Event: 8.605 Thread 0x00007f1908263000 Threw 0x00000007d8654618 at /build/buildd/openjdk-7-7u75-2.5.4/build/openjdk/hotspot/src/share/vm/interpreter/linkResolver.cpp:981
Event: 8.605 Thread 0x00007f1908263000 Threw 0x00000007d8654618 at /build/buildd/openjdk-7-7u75-2.5.4/build/openjdk/hotspot/src/share/vm/prims/jvm.cpp:1288
Event: 8.605 Thread 0x00007f1908263000 Threw 0x00000007d8654618 at /build/buildd/openjdk-7-7u75-2.5.4/build/openjdk/hotspot/src/share/vm/prims/jvm.cpp:1288
Event: 10.269 Thread 0x00007f1908263000 Threw 0x00000007d86761f8 at /build/buildd/openjdk-7-7u75-2.5.4/build/openjdk/hotspot/src/share/vm/interpreter/linkResolver.cpp:981
Event: 10.269 Thread 0x00007f1908263000 Threw 0x00000007d86761f8 at /build/buildd/openjdk-7-7u75-2.5.4/build/openjdk/hotspot/src/share/vm/prims/jvm.cpp:1288
Event: 10.269 Thread 0x00007f1908263000 Threw 0x00000007d86761f8 at /build/buildd/openjdk-7-7u75-2.5.4/build/openjdk/hotspot/src/share/vm/prims/jvm.cpp:1288
Event: 13.067 Thread 0x00007f18b0007800 Implicit null exception at 0x00007f19050b1495 to 0x00007f19050b152d
Event: 13.069 Thread 0x00007f1908263000 Implicit null exception at 0x00007f19050b10f5 to 0x00007f19050b1179
Event: 13.201 Thread 0x00007f1908263000 Threw 0x00000007d6a065d0 at /build/buildd/openjdk-7-7u75-2.5.4/build/openjdk/hotspot/src/share/vm/prims/jni.cpp:747
Event: 19.061 Thread 0x00007f1908263000 Threw 0x00000007d6c900a0 at /build/buildd/openjdk-7-7u75-2.5.4/build/openjdk/hotspot/src/share/vm/prims/jvm.cpp:1284

Events (10 events):
Event: 34.176 Thread 0x00007f19080aa800 flushing nmethod 0x00007f19050cd990
Event: 34.176 Thread 0x00007f19080aa800 flushing nmethod 0x00007f19050cf010
Event: 34.176 Thread 0x00007f19080aa800 flushing nmethod 0x00007f19050d0290
Event: 34.178 Thread 0x00007f19080aa800 flushing nmethod 0x00007f19050d1590
Event: 34.178 Thread 0x00007f19080aa800 flushing nmethod 0x00007f19050d1a50
Event: 34.178 Thread 0x00007f19080aa800 flushing nmethod 0x00007f19050d1e90
Event: 34.178 Thread 0x00007f19080aa800 flushing nmethod 0x00007f19050d2110
Event: 34.178 Thread 0x00007f19080aa800 flushing nmethod 0x00007f19050d4cd0
Event: 34.178 Thread 0x00007f19080aa800 flushing nmethod 0x00007f19050ee9d0
Event: 34.178 Thread 0x00007f19080aa800 flushing nmethod 0x00007f19050f0290


Dynamic libraries:
00400000-00401000 r-xp 00000000 08:04 6325548                            /usr/lib/jvm/java-7-openjdk-amd64/jre/bin/java
00600000-00601000 r--p 00000000 08:04 6325548                            /usr/lib/jvm/java-7-openjdk-amd64/jre/bin/java
00601000-00602000 rw-p 00001000 08:04 6325548                            /usr/lib/jvm/java-7-openjdk-amd64/jre/bin/java
021e3000-02204000 rw-p 00000000 00:00 0                                  [heap]
779800000-77ad00000 rw-p 00000000 00:00 0 
77ad00000-783e00000 rw-p 00000000 00:00 0 
783e00000-789080000 rw-p 00000000 00:00 0 
789080000-7d6a00000 rw-p 00000000 00:00 0 
7d6a00000-7d9380000 rw-p 00000000 00:00 0 
7d9380000-800000000 rw-p 00000000 00:00 0 
7f188bfff000-7f1890000000 rw-s 00000000 00:14 91036                      /run/shm/pulse-shm-4072347159
7f1890000000-7f1890021000 rw-p 00000000 00:00 0 
7f1890021000-7f1894000000 ---p 00000000 00:00 0 
7f1897df3000-7f1897dff000 r-xp 00000000 08:04 6325516                    /usr/lib/jvm/java-7-openjdk-amd64/jre/lib/amd64/libicedtea-sound.so
7f1897dff000-7f1897ffe000 ---p 0000c000 08:04 6325516                    /usr/lib/jvm/java-7-openjdk-amd64/jre/lib/amd64/libicedtea-sound.so
7f1897ffe000-7f1897fff000 r--p 0000b000 08:04 6325516                    /usr/lib/jvm/java-7-openjdk-amd64/jre/lib/amd64/libicedtea-sound.so
7f1897fff000-7f1898000000 rw-p 0000c000 08:04 6325516                    /usr/lib/jvm/java-7-openjdk-amd64/jre/lib/amd64/libicedtea-sound.so
7f1898000000-7f1898021000 rw-p 00000000 00:00 0 
7f1898021000-7f189c000000 ---p 00000000 00:00 0 
7f189c000000-7f189c021000 rw-p 00000000 00:00 0 
7f189c021000-7f18a0000000 ---p 00000000 00:00 0 
7f18a0000000-7f18a0f8f000 rw-p 00000000 00:00 0 
7f18a0f8f000-7f18a4000000 ---p 00000000 00:00 0 
7f18a4000000-7f18a4021000 rw-p 00000000 00:00 0 
7f18a4021000-7f18a8000000 ---p 00000000 00:00 0 
7f18a8000000-7f18a8021000 rw-p 00000000 00:00 0 
7f18a8021000-7f18ac000000 ---p 00000000 00:00 0 
7f18ac000000-7f18ac021000 rw-p 00000000 00:00 0 
7f18ac021000-7f18b0000000 ---p 00000000 00:00 0 
7f18b0000000-7f18b008a000 rw-p 00000000 00:00 0 
7f18b008a000-7f18b4000000 ---p 00000000 00:00 0 
7f18b4000000-7f18b4021000 rw-p 00000000 00:00 0 
7f18b4021000-7f18b8000000 ---p 00000000 00:00 0 
7f18b81cf000-7f18b81d0000 ---p 00000000 00:00 0 
7f18b81d0000-7f18b89d0000 rw-p 00000000 00:00 0 
7f18b89d0000-7f18b89d6000 r-xp 00000000 08:04 6181394                    /usr/lib/x86_64-linux-gnu/alsa-lib/libasound_module_pcm_pulse.so
7f18b89d6000-7f18b8bd5000 ---p 00006000 08:04 6181394                    /usr/lib/x86_64-linux-gnu/alsa-lib/libasound_module_pcm_pulse.so
7f18b8bd5000-7f18b8bd6000 r--p 00005000 08:04 6181394                    /usr/lib/x86_64-linux-gnu/alsa-lib/libasound_module_pcm_pulse.so
7f18b8bd6000-7f18b8bd7000 rw-p 00006000 08:04 6181394                    /usr/lib/x86_64-linux-gnu/alsa-lib/libasound_module_pcm_pulse.so
7f18b8bd7000-7f18b8bde000 r-xp 00000000 08:04 6172781                    /usr/lib/x86_64-linux-gnu/libogg.so.0.8.1
7f18b8bde000-7f18b8dde000 ---p 00007000 08:04 6172781                    /usr/lib/x86_64-linux-gnu/libogg.so.0.8.1
7f18b8dde000-7f18b8ddf000 r--p 00007000 08:04 6172781                    /usr/lib/x86_64-linux-gnu/libogg.so.0.8.1
7f18b8ddf000-7f18b8de0000 rw-p 00008000 08:04 6172781                    /usr/lib/x86_64-linux-gnu/libogg.so.0.8.1
7f18b8de0000-7f18b8e0c000 r-xp 00000000 08:04 6172791                    /usr/lib/x86_64-linux-gnu/libvorbis.so.0.4.5
7f18b8e0c000-7f18b900b000 ---p 0002c000 08:04 6172791                    /usr/lib/x86_64-linux-gnu/libvorbis.so.0.4.5
7f18b900b000-7f18b900c000 r--p 0002b000 08:04 6172791                    /usr/lib/x86_64-linux-gnu/libvorbis.so.0.4.5
7f18b900c000-7f18b900d000 rw-p 0002c000 08:04 6172791                    /usr/lib/x86_64-linux-gnu/libvorbis.so.0.4.5
7f18b900d000-7f18b92c0000 r-xp 00000000 08:04 6172795                    /usr/lib/x86_64-linux-gnu/libvorbisenc.so.2.0.8
7f18b92c0000-7f18b94bf000 ---p 002b3000 08:04 6172795                    /usr/lib/x86_64-linux-gnu/libvorbisenc.so.2.0.8
7f18b94bf000-7f18b94db000 r--p 002b2000 08:04 6172795                    /usr/lib/x86_64-linux-gnu/libvorbisenc.so.2.0.8
7f18b94db000-7f18b94dc000 rw-p 002ce000 08:04 6172795                    /usr/lib/x86_64-linux-gnu/libvorbisenc.so.2.0.8
7f18b94dc000-7f18b950c000 r-xp 00000000 08:04 6161427                    /usr/lib/x86_64-linux-gnu/libFLAC.so.8.3.0
7f18b950c000-7f18b970b000 ---p 00030000 08:04 6161427                    /usr/lib/x86_64-linux-gnu/libFLAC.so.8.3.0
7f18b970b000-7f18b970c000 r--p 0002f000 08:04 6161427                    /usr/lib/x86_64-linux-gnu/libFLAC.so.8.3.0
7f18b970c000-7f18b970d000 rw-p 00030000 08:04 6161427                    /usr/lib/x86_64-linux-gnu/libFLAC.so.8.3.0
7f18b970d000-7f18b9712000 r-xp 00000000 08:04 6172777                    /usr/lib/x86_64-linux-gnu/libasyncns.so.0.3.1
7f18b9712000-7f18b9911000 ---p 00005000 08:04 6172777                    /usr/lib/x86_64-linux-gnu/libasyncns.so.0.3.1
7f18b9911000-7f18b9912000 r--p 00004000 08:04 6172777                    /usr/lib/x86_64-linux-gnu/libasyncns.so.0.3.1
7f18b9912000-7f18b9913000 rw-p 00005000 08:04 6172777                    /usr/lib/x86_64-linux-gnu/libasyncns.so.0.3.1
7f18b9913000-7f18b9974000 r-xp 00000000 08:04 6172799                    /usr/lib/x86_64-linux-gnu/libsndfile.so.1.0.25
7f18b9974000-7f18b9b74000 ---p 00061000 08:04 6172799                    /usr/lib/x86_64-linux-gnu/libsndfile.so.1.0.25
7f18b9b74000-7f18b9b76000 r--p 00061000 08:04 6172799                    /usr/lib/x86_64-linux-gnu/libsndfile.so.1.0.25
7f18b9b76000-7f18b9b77000 rw-p 00063000 08:04 6172799                    /usr/lib/x86_64-linux-gnu/libsndfile.so.1.0.25
7f18b9b77000-7f18b9b7b000 rw-p 00000000 00:00 0 
7f18b9b7b000-7f18b9b83000 r-xp 00000000 08:04 5114137                    /lib/x86_64-linux-gnu/libwrap.so.0.7.6
7f18b9b83000-7f18b9d82000 ---p 00008000 08:04 5114137                    /lib/x86_64-linux-gnu/libwrap.so.0.7.6
7f18b9d82000-7f18b9d83000 r--p 00007000 08:04 5114137                    /lib/x86_64-linux-gnu/libwrap.so.0.7.6
7f18b9d83000-7f18b9d84000 rw-p 00008000 08:04 5114137                    /lib/x86_64-linux-gnu/libwrap.so.0.7.6
7f18b9d84000-7f18b9d85000 rw-p 00000000 00:00 0 
7f18b9d85000-7f18b9deb000 r-xp 00000000 08:04 6194465                    /usr/lib/x86_64-linux-gnu/pulseaudio/libpulsecommon-4.0.so
7f18b9deb000-7f18b9fea000 ---p 00066000 08:04 6194465                    /usr/lib/x86_64-linux-gnu/pulseaudio/libpulsecommon-4.0.so
7f18b9fea000-7f18b9feb000 r--p 00065000 08:04 6194465                    /usr/lib/x86_64-linux-gnu/pulseaudio/libpulsecommon-4.0.so
7f18b9feb000-7f18b9fec000 rw-p 00066000 08:04 6194465                    /usr/lib/x86_64-linux-gnu/pulseaudio/libpulsecommon-4.0.so
7f18b9fec000-7f18ba0ff000 rw-s 00000000 00:04 2392080                    /SYSV00000000 (deleted)
7f18ba198000-7f18ba1a2000 r-xp 00000000 08:04 5111867                    /lib/x86_64-linux-gnu/libjson-c.so.2.0.0
7f18ba1a2000-7f18ba3a1000 ---p 0000a000 08:04 5111867                    /lib/x86_64-linux-gnu/libjson-c.so.2.0.0
7f18ba3a1000-7f18ba3a2000 r--p 00009000 08:04 5111867                    /lib/x86_64-linux-gnu/libjson-c.so.2.0.0
7f18ba3a2000-7f18ba3a3000 rw-p 0000a000 08:04 5111867                    /lib/x86_64-linux-gnu/libjson-c.so.2.0.0
7f18ba3a3000-7f18ba3ea000 r-xp 00000000 08:04 6173633                    /usr/lib/x86_64-linux-gnu/libpulse.so.0.16.2
7f18ba3ea000-7f18ba5ea000 ---p 00047000 08:04 6173633                    /usr/lib/x86_64-linux-gnu/libpulse.so.0.16.2
7f18ba5ea000-7f18ba5eb000 r--p 00047000 08:04 6173633                    /usr/lib/x86_64-linux-gnu/libpulse.so.0.16.2
7f18ba5eb000-7f18ba5ec000 rw-p 00048000 08:04 6173633                    /usr/lib/x86_64-linux-gnu/libpulse.so.0.16.2
7f18ba7ee000-7f18ba8d7000 r-xp 00000000 08:04 6169026                    /usr/lib/x86_64-linux-gnu/libasound.so.2.0.0
7f18ba8d7000-7f18baad6000 ---p 000e9000 08:04 6169026                    /usr/lib/x86_64-linux-gnu/libasound.so.2.0.0
7f18baad6000-7f18baadd000 r--p 000e8000 08:04 6169026                    /usr/lib/x86_64-linux-gnu/libasound.so.2.0.0
7f18baadd000-7f18baade000 rw-p 000ef000 08:04 6169026                    /usr/lib/x86_64-linux-gnu/libasound.so.2.0.0
7f18baade000-7f18baaed000 r-xp 00000000 08:04 6292134                    /usr/lib/jvm/java-7-openjdk-amd64/jre/lib/amd64/libjsoundalsa.so
7f18baaed000-7f18bacec000 ---p 0000f000 08:04 6292134                    /usr/lib/jvm/java-7-openjdk-amd64/jre/lib/amd64/libjsoundalsa.so
7f18bacec000-7f18baced000 r--p 0000e000 08:04 6292134                    /usr/lib/jvm/java-7-openjdk-amd64/jre/lib/amd64/libjsoundalsa.so
7f18baced000-7f18bacee000 rw-p 0000f000 08:04 6292134                    /usr/lib/jvm/java-7-openjdk-amd64/jre/lib/amd64/libjsoundalsa.so
7f18bacee000-7f18bacef000 r-xp 00000000 08:04 6325517                    /usr/lib/jvm/java-7-openjdk-amd64/jre/lib/amd64/libjsound.so
7f18bacef000-7f18baeee000 ---p 00001000 08:04 6325517                    /usr/lib/jvm/java-7-openjdk-amd64/jre/lib/amd64/libjsound.so
7f18baeee000-7f18baeef000 r--p 00000000 08:04 6325517                    /usr/lib/jvm/java-7-openjdk-amd64/jre/lib/amd64/libjsound.so
7f18baeef000-7f18baef0000 rw-p 00001000 08:04 6325517                    /usr/lib/jvm/java-7-openjdk-amd64/jre/lib/amd64/libjsound.so
7f18baef0000-7f18baef1000 r--s 00000000 08:04 5402613                    /var/cache/fontconfig/087e1975ba9a574b140bb1df193bf770-le64.cache-4
7f18baef1000-7f18baeff000 r--s 00000000 08:04 5404231                    /var/cache/fontconfig/6aa41aa22e18b8fa06a12da28ea9c28b-le64.cache-4
7f18baeff000-7f18baf00000 r--s 00000000 08:04 5404230                    /var/cache/fontconfig/c05880de57d1f5e948fdfacc138775d9-le64.cache-4
7f18baf00000-7f18baf0b000 r--s 00000000 08:04 5402602                    /var/cache/fontconfig/945677eb7aeaf62f1d50efc3fb3ec7d8-le64.cache-4
7f18baf0b000-7f18baf10000 r--s 00000000 08:04 5404228                    /var/cache/fontconfig/99e8ed0e538f840c565b6ed5dad60d56-le64.cache-4
7f18baf10000-7f18baf19000 r--s 00000000 08:04 5404227                    /var/cache/fontconfig/a6d8cf8e4ec09cdbc8633c31745a07dd-le64.cache-4
7f18baf19000-7f18baf1f000 r--s 00000000 08:04 5404226                    /var/cache/fontconfig/2cd17615ca594fa2959ae173292e504c-le64.cache-4
7f18baf1f000-7f18baf20000 r--s 00000000 08:04 5404225                    /var/cache/fontconfig/e7071f4a29fa870f4323321c154eba04-le64.cache-4
7f18baf20000-7f18baf21000 r--s 00000000 08:04 5404224                    /var/cache/fontconfig/0d8c3b2ac0904cb8a57a757ad11a4a08-le64.cache-4
7f18baf21000-7f18baf28000 r--s 00000000 08:04 5404223                    /var/cache/fontconfig/a755afe4a08bf5b97852ceb7400b47bc-le64.cache-4
7f18baf28000-7f18baf34000 r--s 00000000 08:04 5404222                    /var/cache/fontconfig/6d41288fd70b0be22e8c3a91e032eec0-le64.cache-4
7f18baf34000-7f18baf48000 r--s 00000000 08:04 5404221                    /var/cache/fontconfig/04aabc0a78ac019cf9454389977116d2-le64.cache-4
7f18baf48000-7f18baf49000 r--s 00000000 08:04 5404220                    /var/cache/fontconfig/1ac9eb803944fde146138c791f5cc56a-le64.cache-4
7f18baf49000-7f18baf4a000 r--s 00000000 08:04 5404219                    /var/cache/fontconfig/b95bc8ffbebda2bbdae4265e45b8178d-le64.cache-4
7f18baf4a000-7f18baf4e000 r--s 00000000 08:04 5404218                    /var/cache/fontconfig/385c0604a188198f04d133e54aba7fe7-le64.cache-4
7f18baf4e000-7f18baf4f000 r--s 00000000 08:04 5404217                    /var/cache/fontconfig/9c956a7723ca69a44b382d9179c9802f-le64.cache-4
7f18baf4f000-7f18baf50000 r--s 00000000 08:04 5404216                    /var/cache/fontconfig/9451a55048e8dbe8633e64d34165fdf2-le64.cache-4
7f18baf50000-7f18baf51000 r--s 00000000 08:04 5404215                    /var/cache/fontconfig/dc05db6664285cc2f12bf69c139ae4c3-le64.cache-4
7f18baf51000-7f18baf52000 r--s 00000000 08:04 5404214                    /var/cache/fontconfig/5d1cca7074f29429a8d18692746c2426-le64.cache-4
7f18baf52000-7f18baf54000 r--s 00000000 08:04 5404213                    /var/cache/fontconfig/767a8244fc0220cfb567a839d0392e0b-le64.cache-4
7f18baf54000-7f18baf55000 r--s 00000000 08:04 5380670                    /var/cache/fontconfig/4794a0821666d79190d59a36cb4f44b5-le64.cache-4
7f18baf55000-7f18baf56000 r--s 00000000 08:04 5404211                    /var/cache/fontconfig/9eae20f1ff8cc0a7d125749e875856bd-le64.cache-4
7f18baf56000-7f18baf58000 r--s 00000000 08:04 5404210                    /var/cache/fontconfig/bf2c1853a9e9b00bb02fe2e9bcf1e201-le64.cache-4
7f18baf58000-7f18baf5d000 r--s 00000000 08:04 5404209                    /var/cache/fontconfig/8801497958630a81b71ace7c5f9b32a8-le64.cache-4
7f18baf5d000-7f18baf98000 r--s 00000000 08:04 5404208                    /var/cache/fontconfig/365b55f210c0a22e9a19e35191240f32-le64.cache-4
7f18baf98000-7f18baf9c000 r--s 00000000 08:04 5404207                    /var/cache/fontconfig/c57959a16110560c8d0fcea73374aeeb-le64.cache-4
7f18baf9c000-7f18bafa3000 r--s 00000000 08:04 5404206                    /var/cache/fontconfig/3047814df9a2f067bd2d96a2b9c36e5a-le64.cache-4
7f18bafa3000-7f18bafa7000 r--s 00000000 08:04 5404205                    /var/cache/fontconfig/bf3b770c553c462765856025a94f1ce6-le64.cache-4
7f18bafa7000-7f18bafa8000 r--s 00000000 08:04 5404204                    /var/cache/fontconfig/56cf4f4769d0f4abc89a4895d7bd3ae1-le64.cache-4
7f18bafa8000-7f18bafa9000 r--s 00000000 08:04 5404203                    /var/cache/fontconfig/b9d506c9ac06c20b433354fa67a72993-le64.cache-4
7f18bafa9000-7f18bafaf000 r--s 00000000 08:04 5404202                    /var/cache/fontconfig/b47c4e1ecd0709278f4910c18777a504-le64.cache-4
7f18bafaf000-7f18bafb2000 r--s 00000000 08:04 5404201                    /var/cache/fontconfig/14d493b97896515cad3840ba4896e372-le64.cache-4
7f18bafb2000-7f18bafba000 r--s 00000000 08:04 5404198                    /var/cache/fontconfig/ce677e824a231659fde4a3a246a10ea3-le64.cache-4
7f18bafba000-7f18bafbb000 r--s 00000000 08:04 5404197                    /var/cache/fontconfig/89034621ae2a8922916bb6bfa5799546-le64.cache-4
7f18bafbb000-7f18bafc4000 r--s 00000000 08:04 5404196                    /var/cache/fontconfig/52f7bdb7ce746bfd7eaa1985bd9cfa93-le64.cache-4
7f18bafc4000-7f18bafc7000 r--s 00000000 08:04 5404195                    /var/cache/fontconfig/e49e89034d371f0f9de17aab02136486-le64.cache-4
7f18bafc7000-7f18bafc9000 r--s 00000000 08:04 5404194                    /var/cache/fontconfig/4b14b093aebc79c320de5e86ae1d3314-le64.cache-4
7f18bafc9000-7f18bafca000 r--s 00000000 08:04 5404189                    /var/cache/fontconfig/8aec10f4cc8391dcef22ca549f1e4354-le64.cache-4
7f18bafca000-7f18bafdd000 r--s 00000000 08:04 5404188                    /var/cache/fontconfig/d52a8644073d54c13679302ca1180695-le64.cache-4
7f18bafdd000-7f18bafde000 r--s 00000000 08:04 5404184                    /var/cache/fontconfig/8a687c406b77f27d99abfeeba937fcce-le64.cache-4
7f18bafde000-7f18bafe6000 r--s 00000000 08:04 5404183                    /var/cache/fontconfig/105b9c7e6f0a4f82d8c9b6e39c52c6f9-le64.cache-4
7f18bafe6000-7f18bafef000 r--s 00000000 08:04 5378612                    /var/cache/fontconfig/3f7329c5293ffd510edef78f73874cfd-le64.cache-4
7f18bafef000-7f18baff0000 r--s 00000000 08:04 5404050                    /var/cache/fontconfig/ac2cf712d852da827a87a9baf682f5b9-le64.cache-4
7f18baff0000-7f18baff2000 r--s 00000000 08:04 5403086                    /var/cache/fontconfig/65f976e5259cbe6dc7697b8648396239-le64.cache-4
7f18baff2000-7f18baffd000 r--s 00000000 08:04 5402957                    /var/cache/fontconfig/d589a48862398ed80a3d6066f4f56f4c-le64.cache-4
7f18baffd000-7f18baffe000 r--s 00000000 08:04 5402953                    /var/cache/fontconfig/94f7fe9bd33aadfac165873bd010d595-le64.cache-4
7f18baffe000-7f18bb000000 r--s 00000000 08:04 5402949                    /var/cache/fontconfig/423767150eb258c59035de29db6fca84-le64.cache-4
7f18bb000000-7f18bb001000 r--s 00000000 08:04 5402939                    /var/cache/fontconfig/845c20fd2c4814bcec78e05d37a63ccc-le64.cache-4
7f18bb001000-7f18bb002000 r--s 00000000 08:04 5402938                    /var/cache/fontconfig/e7de81b01590fb7e12b38e274e17d0db-le64.cache-4
7f18bb002000-7f18bb004000 r--s 00000000 08:04 5402927                    /var/cache/fontconfig/67709b7835c0f764c1135060c9575660-le64.cache-4
7f18bb004000-7f18bb011000 r--s 00000000 08:04 5380533                    /var/cache/fontconfig/089dead882dea3570ffc31a9898cfb69-le64.cache-4
7f18bb011000-7f18bb01b000 r--s 00000000 08:04 5402926                    /var/cache/fontconfig/198d8fcf01c96d0cf813f74fd759bdb7-le64.cache-4
7f18bb01b000-7f18bb026000 r--s 00000000 08:04 5402914                    /var/cache/fontconfig/83bf95040141907cd45bb53cf7c1c148-le64.cache-4
7f18bb026000-7f18bb028000 r--s 00000000 08:04 5402911                    /var/cache/fontconfig/6e6b34ae150a7ad95e82fb4a522f0bda-le64.cache-4
7f18bb028000-7f18bb02f000 r--s 00000000 08:04 5402862                    /var/cache/fontconfig/53d14c92082a93e67d5078324eb314ca-le64.cache-4
7f18bb02f000-7f18bb033000 r--s 00000000 08:04 5402861                    /var/cache/fontconfig/6c08beecf0dac481ec92e759e0c2e6d7-le64.cache-4
7f18bb033000-7f18bb037000 r--s 00000000 08:04 5402849                    /var/cache/fontconfig/4d6aee6d44eccb37054d3216e945f618-le64.cache-4
7f18bb037000-7f18bb03b000 r--s 00000000 08:04 5402683                    /var/cache/fontconfig/d6c6df98c3df5faf9bd0f8ef4d91efe5-le64.cache-4
7f18bb03b000-7f18bb03f000 r--s 00000000 08:04 5402674                    /var/cache/fontconfig/9fb319ef52839f11ee26ab8b4cffa12b-le64.cache-4
7f18bb03f000-7f18bb052000 r--s 00000000 08:04 5402651                    /var/cache/fontconfig/4ac51e5cfbc76fc3f983e470323a16d3-le64.cache-4
7f18bb052000-7f18bb055000 r--s 00000000 08:04 5402636                    /var/cache/fontconfig/c19b55eb3b4c5b40ea175e31682068a5-le64.cache-4
7f18bb055000-7f18bb058000 r--s 00000000 08:04 5402594                    /var/cache/fontconfig/de83a0a961185c8bd1f159015d56c039-le64.cache-4
7f18bb058000-7f18bb079000 r--s 00000000 08:04 5374396                    /var/cache/fontconfig/e13b20fdb08344e0e664864cc2ede53d-le64.cache-4
7f18bb079000-7f18bb086000 r--s 00000000 08:04 5380677                    /var/cache/fontconfig/8f02d4cb045bd6ce15663e43f347c9f8-le64.cache-4
7f18bb086000-7f18bb0a4000 r--s 00000000 08:04 5380229                    /var/cache/fontconfig/467c019e582ee353435ea5c21d137ef6-le64.cache-4
7f18bb179000-7f18bb17c000 ---p 00000000 00:00 0 
7f18bb17c000-7f18bb27a000 rw-p 00000000 00:00 0 
7f18bb27a000-7f18bb27d000 ---p 00000000 00:00 0 
7f18bb27d000-7f18bb37b000 rw-p 00000000 00:00 0 
7f18bb37b000-7f18bb37e000 ---p 00000000 00:00 0 
7f18bb37e000-7f18bb47c000 rw-p 00000000 00:00 0 
7f18bb47c000-7f18bb47f000 ---p 00000000 00:00 0 
7f18bb47f000-7f18bb57d000 rw-p 00000000 00:00 0 
7f18bb57d000-7f18bb580000 ---p 00000000 00:00 0 
7f18bb580000-7f18bb67e000 rw-p 00000000 00:00 0                          [stack:18502]
7f18bb67e000-7f18bb681000 ---p 00000000 00:00 0 
7f18bb681000-7f18bb77f000 rw-p 00000000 00:00 0                          [stack:18487]
7f18bb77f000-7f18bb782000 ---p 00000000 00:00 0 
7f18bb782000-7f18bb880000 rw-p 00000000 00:00 0 
7f18bb880000-7f18bb890000 r-xp 00000000 08:04 6325519                    /usr/lib/jvm/java-7-openjdk-amd64/jre/lib/amd64/libnio.so
7f18bb890000-7f18bba90000 ---p 00010000 08:04 6325519                    /usr/lib/jvm/java-7-openjdk-amd64/jre/lib/amd64/libnio.so
7f18bba90000-7f18bba91000 r--p 00010000 08:04 6325519                    /usr/lib/jvm/java-7-openjdk-amd64/jre/lib/amd64/libnio.so
7f18bba91000-7f18bba92000 rw-p 00011000 08:04 6325519                    /usr/lib/jvm/java-7-openjdk-amd64/jre/lib/amd64/libnio.so
7f18bba92000-7f18bbaa9000 r-xp 00000000 08:04 6325523                    /usr/lib/jvm/java-7-openjdk-amd64/jre/lib/amd64/libnet.so
7f18bbaa9000-7f18bbca8000 ---p 00017000 08:04 6325523                    /usr/lib/jvm/java-7-openjdk-amd64/jre/lib/amd64/libnet.so
7f18bbca8000-7f18bbca9000 r--p 00016000 08:04 6325523                    /usr/lib/jvm/java-7-openjdk-amd64/jre/lib/amd64/libnet.so
7f18bbca9000-7f18bbcaa000 rw-p 00017000 08:04 6325523                    /usr/lib/jvm/java-7-openjdk-amd64/jre/lib/amd64/libnet.so
7f18bbcaa000-7f18bbcfb000 r-xp 00000000 08:04 6325529                    /usr/lib/jvm/java-7-openjdk-amd64/jre/lib/amd64/libfontmanager.so
7f18bbcfb000-7f18bbefb000 ---p 00051000 08:04 6325529                    /usr/lib/jvm/java-7-openjdk-amd64/jre/lib/amd64/libfontmanager.so
7f18bbefb000-7f18bbefe000 r--p 00051000 08:04 6325529                    /usr/lib/jvm/java-7-openjdk-amd64/jre/lib/amd64/libfontmanager.so
7f18bbefe000-7f18bbeff000 rw-p 00054000 08:04 6325529                    /usr/lib/jvm/java-7-openjdk-amd64/jre/lib/amd64/libfontmanager.so
7f18bbeff000-7f18bbf02000 ---p 00000000 00:00 0 
7f18bbf02000-7f18bc000000 rw-p 00000000 00:00 0                          [stack:18479]
7f18bc000000-7f18bc021000 rw-p 00000000 00:00 0 
7f18bc021000-7f18c0000000 ---p 00000000 00:00 0 
7f18c0000000-7f18c004e000 rw-p 00000000 00:00 0 
7f18c004e000-7f18c4000000 ---p 00000000 00:00 0 
7f18c4000000-7f18c4021000 rw-p 00000000 00:00 0 
7f18c4021000-7f18c8000000 ---p 00000000 00:00 0 
7f18c8000000-7f18c8021000 rw-p 00000000 00:00 0 
7f18c8021000-7f18cc000000 ---p 00000000 00:00 0 
7f18cc000000-7f18cc742000 rw-p 00000000 00:00 0 
7f18cc742000-7f18d0000000 ---p 00000000 00:00 0 
7f18d0000000-7f18d0021000 rw-p 00000000 00:00 0 
7f18d0021000-7f18d4000000 ---p 00000000 00:00 0 
7f18d4000000-7f18d4021000 rw-p 00000000 00:00 0 
7f18d4021000-7f18d8000000 ---p 00000000 00:00 0 
7f18d8000000-7f18d8a69000 rw-p 00000000 00:00 0 
7f18d8a69000-7f18dc000000 ---p 00000000 00:00 0 
7f18dc000000-7f18dc021000 rw-p 00000000 00:00 0 
7f18dc021000-7f18e0000000 ---p 00000000 00:00 0 
7f18e0000000-7f18e0021000 rw-p 00000000 00:00 0 
7f18e0021000-7f18e4000000 ---p 00000000 00:00 0 
7f18e4000000-7f18e4021000 rw-p 00000000 00:00 0 
7f18e4021000-7f18e8000000 ---p 00000000 00:00 0 
7f18e8000000-7f18e8021000 rw-p 00000000 00:00 0 
7f18e8021000-7f18ec000000 ---p 00000000 00:00 0 
7f18ec000000-7f18ec021000 rw-p 00000000 00:00 0 
7f18ec021000-7f18f0000000 ---p 00000000 00:00 0 
7f18f0012000-7f18f0015000 ---p 00000000 00:00 0 
7f18f0015000-7f18f0113000 rw-p 00000000 00:00 0                          [stack:18478]
7f18f0113000-7f18f0116000 ---p 00000000 00:00 0 
7f18f0116000-7f18f0214000 rw-p 00000000 00:00 0                          [stack:18501]
7f18f0214000-7f18f0217000 ---p 00000000 00:00 0 
7f18f0217000-7f18f0315000 rw-p 00000000 00:00 0                          [stack:18476]
7f18f0315000-7f18f031a000 r-xp 00000000 08:04 6169240                    /usr/lib/x86_64-linux-gnu/libXfixes.so.3.1.0
7f18f031a000-7f18f0519000 ---p 00005000 08:04 6169240                    /usr/lib/x86_64-linux-gnu/libXfixes.so.3.1.0
7f18f0519000-7f18f051a000 r--p 00004000 08:04 6169240                    /usr/lib/x86_64-linux-gnu/libXfixes.so.3.1.0
7f18f051a000-7f18f051b000 rw-p 00005000 08:04 6169240                    /usr/lib/x86_64-linux-gnu/libXfixes.so.3.1.0
7f18f051b000-7f18f0524000 r-xp 00000000 08:04 6169244                    /usr/lib/x86_64-linux-gnu/libXcursor.so.1.0.2
7f18f0524000-7f18f0723000 ---p 00009000 08:04 6169244                    /usr/lib/x86_64-linux-gnu/libXcursor.so.1.0.2
7f18f0723000-7f18f0724000 r--p 00008000 08:04 6169244                    /usr/lib/x86_64-linux-gnu/libXcursor.so.1.0.2
7f18f0724000-7f18f0725000 rw-p 00009000 08:04 6169244                    /usr/lib/x86_64-linux-gnu/libXcursor.so.1.0.2
7f18f0725000-7f18f0728000 ---p 00000000 00:00 0 
7f18f0728000-7f18f0826000 rw-p 00000000 00:00 0                          [stack:18475]
7f18f0826000-7f18f082a000 r-xp 00000000 08:04 5112067                    /lib/x86_64-linux-gnu/libgpg-error.so.0.10.0
7f18f082a000-7f18f0a29000 ---p 00004000 08:04 5112067                    /lib/x86_64-linux-gnu/libgpg-error.so.0.10.0
7f18f0a29000-7f18f0a2a000 r--p 00003000 08:04 5112067                    /lib/x86_64-linux-gnu/libgpg-error.so.0.10.0
7f18f0a2a000-7f18f0a2b000 rw-p 00004000 08:04 5112067                    /lib/x86_64-linux-gnu/libgpg-error.so.0.10.0
7f18f0a2b000-7f18f0a2d000 r-xp 00000000 08:04 5113922                    /lib/x86_64-linux-gnu/libkeyutils.so.1.4
7f18f0a2d000-7f18f0c2d000 ---p 00002000 08:04 5113922                    /lib/x86_64-linux-gnu/libkeyutils.so.1.4
7f18f0c2d000-7f18f0c2e000 r--p 00002000 08:04 5113922                    /lib/x86_64-linux-gnu/libkeyutils.so.1.4
7f18f0c2e000-7f18f0c2f000 rw-p 00003000 08:04 5113922                    /lib/x86_64-linux-gnu/libkeyutils.so.1.4
7f18f0c2f000-7f18f0c6c000 r-xp 00000000 08:04 5111906                    /lib/x86_64-linux-gnu/libpcre.so.3.13.1
7f18f0c6c000-7f18f0e6b000 ---p 0003d000 08:04 5111906                    /lib/x86_64-linux-gnu/libpcre.so.3.13.1
7f18f0e6b000-7f18f0e6c000 r--p 0003c000 08:04 5111906                    /lib/x86_64-linux-gnu/libpcre.so.3.13.1
7f18f0e6c000-7f18f0e6d000 rw-p 0003d000 08:04 5111906                    /lib/x86_64-linux-gnu/libpcre.so.3.13.1
7f18f0e6d000-7f18f0e92000 r-xp 00000000 08:04 5111915                    /lib/x86_64-linux-gnu/libpng12.so.0.50.0
7f18f0e92000-7f18f1091000 ---p 00025000 08:04 5111915                    /lib/x86_64-linux-gnu/libpng12.so.0.50.0
7f18f1091000-7f18f1092000 r--p 00024000 08:04 5111915                    /lib/x86_64-linux-gnu/libpng12.so.0.50.0
7f18f1092000-7f18f1093000 rw-p 00025000 08:04 5111915                    /lib/x86_64-linux-gnu/libpng12.so.0.50.0
7f18f1093000-7f18f10d7000 r-xp 00000000 08:04 5111997                    /lib/x86_64-linux-gnu/libdbus-1.so.3.7.6
7f18f10d7000-7f18f12d6000 ---p 00044000 08:04 5111997                    /lib/x86_64-linux-gnu/libdbus-1.so.3.7.6
7f18f12d6000-7f18f12d7000 r--p 00043000 08:04 5111997                    /lib/x86_64-linux-gnu/libdbus-1.so.3.7.6
7f18f12d7000-7f18f12d8000 rw-p 00044000 08:04 5111997                    /lib/x86_64-linux-gnu/libdbus-1.so.3.7.6
7f18f12d8000-7f18f1313000 r-xp 00000000 08:04 6165318                    /usr/lib/x86_64-linux-gnu/libp11-kit.so.0.0.0
7f18f1313000-7f18f1512000 ---p 0003b000 08:04 6165318                    /usr/lib/x86_64-linux-gnu/libp11-kit.so.0.0.0
7f18f1512000-7f18f1518000 r--p 0003a000 08:04 6165318                    /usr/lib/x86_64-linux-gnu/libp11-kit.so.0.0.0
7f18f1518000-7f18f151a000 rw-p 00040000 08:04 6165318                    /usr/lib/x86_64-linux-gnu/libp11-kit.so.0.0.0
7f18f151a000-7f18f152c000 r-xp 00000000 08:04 6164598                    /usr/lib/x86_64-linux-gnu/libtasn1.so.6.2.0
7f18f152c000-7f18f172c000 ---p 00012000 08:04 6164598                    /usr/lib/x86_64-linux-gnu/libtasn1.so.6.2.0
7f18f172c000-7f18f172d000 r--p 00012000 08:04 6164598                    /usr/lib/x86_64-linux-gnu/libtasn1.so.6.2.0
7f18f172d000-7f18f172e000 rw-p 00013000 08:04 6164598                    /usr/lib/x86_64-linux-gnu/libtasn1.so.6.2.0
7f18f172e000-7f18f17aa000 r-xp 00000000 08:04 5111993                    /lib/x86_64-linux-gnu/libgcrypt.so.11.8.2
7f18f17aa000-7f18f19a9000 ---p 0007c000 08:04 5111993                    /lib/x86_64-linux-gnu/libgcrypt.so.11.8.2
7f18f19a9000-7f18f19aa000 r--p 0007b000 08:04 5111993                    /lib/x86_64-linux-gnu/libgcrypt.so.11.8.2
7f18f19aa000-7f18f19ad000 rw-p 0007c000 08:04 5111993                    /lib/x86_64-linux-gnu/libgcrypt.so.11.8.2
7f18f19ad000-7f18f19b7000 r-xp 00000000 08:04 6167503                    /usr/lib/x86_64-linux-gnu/libkrb5support.so.0.1
7f18f19b7000-7f18f1bb6000 ---p 0000a000 08:04 6167503                    /usr/lib/x86_64-linux-gnu/libkrb5support.so.0.1
7f18f1bb6000-7f18f1bb7000 r--p 00009000 08:04 6167503                    /usr/lib/x86_64-linux-gnu/libkrb5support.so.0.1
7f18f1bb7000-7f18f1bb8000 rw-p 0000a000 08:04 6167503                    /usr/lib/x86_64-linux-gnu/libkrb5support.so.0.1
7f18f1bb8000-7f18f1bbb000 r-xp 00000000 08:04 5111828                    /lib/x86_64-linux-gnu/libcom_err.so.2.1
7f18f1bbb000-7f18f1dba000 ---p 00003000 08:04 5111828                    /lib/x86_64-linux-gnu/libcom_err.so.2.1
7f18f1dba000-7f18f1dbb000 r--p 00002000 08:04 5111828                    /lib/x86_64-linux-gnu/libcom_err.so.2.1
7f18f1dbb000-7f18f1dbc000 rw-p 00003000 08:04 5111828                    /lib/x86_64-linux-gnu/libcom_err.so.2.1
7f18f1dbc000-7f18f1de8000 r-xp 00000000 08:04 6185547                    /usr/lib/x86_64-linux-gnu/libk5crypto.so.3.1
7f18f1de8000-7f18f1fe7000 ---p 0002c000 08:04 6185547                    /usr/lib/x86_64-linux-gnu/libk5crypto.so.3.1
7f18f1fe7000-7f18f1fe9000 r--p 0002b000 08:04 6185547                    /usr/lib/x86_64-linux-gnu/libk5crypto.so.3.1
7f18f1fe9000-7f18f1fea000 rw-p 0002d000 08:04 6185547                    /usr/lib/x86_64-linux-gnu/libk5crypto.so.3.1
7f18f1fea000-7f18f1feb000 rw-p 00000000 00:00 0 
7f18f1feb000-7f18f20a7000 r-xp 00000000 08:04 6171451                    /usr/lib/x86_64-linux-gnu/libkrb5.so.3.3
7f18f20a7000-7f18f22a7000 ---p 000bc000 08:04 6171451                    /usr/lib/x86_64-linux-gnu/libkrb5.so.3.3
7f18f22a7000-7f18f22b4000 r--p 000bc000 08:04 6171451                    /usr/lib/x86_64-linux-gnu/libkrb5.so.3.3
7f18f22b4000-7f18f22b6000 rw-p 000c9000 08:04 6171451                    /usr/lib/x86_64-linux-gnu/libkrb5.so.3.3
7f18f22b6000-7f18f22bb000 r-xp 00000000 08:04 6167578                    /usr/lib/x86_64-linux-gnu/libXdmcp.so.6.0.0
7f18f22bb000-7f18f24ba000 ---p 00005000 08:04 6167578                    /usr/lib/x86_64-linux-gnu/libXdmcp.so.6.0.0
7f18f24ba000-7f18f24bb000 r--p 00004000 08:04 6167578                    /usr/lib/x86_64-linux-gnu/libXdmcp.so.6.0.0
7f18f24bb000-7f18f24bc000 rw-p 00005000 08:04 6167578                    /usr/lib/x86_64-linux-gnu/libXdmcp.so.6.0.0
7f18f24bc000-7f18f24be000 r-xp 00000000 08:04 6167576                    /usr/lib/x86_64-linux-gnu/libXau.so.6.0.0
7f18f24be000-7f18f26be000 ---p 00002000 08:04 6167576                    /usr/lib/x86_64-linux-gnu/libXau.so.6.0.0
7f18f26be000-7f18f26bf000 r--p 00002000 08:04 6167576                    /usr/lib/x86_64-linux-gnu/libXau.so.6.0.0
7f18f26bf000-7f18f26c0000 rw-p 00003000 08:04 6167576                    /usr/lib/x86_64-linux-gnu/libXau.so.6.0.0
7f18f26c0000-7f18f26c7000 r-xp 00000000 08:04 6165284                    /usr/lib/x86_64-linux-gnu/libffi.so.6.0.1
7f18f26c7000-7f18f28c6000 ---p 00007000 08:04 6165284                    /usr/lib/x86_64-linux-gnu/libffi.so.6.0.1
7f18f28c6000-7f18f28c7000 r--p 00006000 08:04 6165284                    /usr/lib/x86_64-linux-gnu/libffi.so.6.0.1
7f18f28c7000-7f18f28c8000 rw-p 00007000 08:04 6165284                    /usr/lib/x86_64-linux-gnu/libffi.so.6.0.1
7f18f28c8000-7f18f28df000 r-xp 00000000 08:04 5112035                    /lib/x86_64-linux-gnu/libresolv-2.19.so
7f18f28df000-7f18f2adf000 ---p 00017000 08:04 5112035                    /lib/x86_64-linux-gnu/libresolv-2.19.so
7f18f2adf000-7f18f2ae0000 r--p 00017000 08:04 5112035                    /lib/x86_64-linux-gnu/libresolv-2.19.so
7f18f2ae0000-7f18f2ae1000 rw-p 00018000 08:04 5112035                    /lib/x86_64-linux-gnu/libresolv-2.19.so
7f18f2ae1000-7f18f2ae3000 rw-p 00000000 00:00 0 
7f18f2ae3000-7f18f2b03000 r-xp 00000000 08:04 5111873                    /lib/x86_64-linux-gnu/libselinux.so.1
7f18f2b03000-7f18f2d02000 ---p 00020000 08:04 5111873                    /lib/x86_64-linux-gnu/libselinux.so.1
7f18f2d02000-7f18f2d03000 r--p 0001f000 08:04 5111873                    /lib/x86_64-linux-gnu/libselinux.so.1
7f18f2d03000-7f18f2d04000 rw-p 00020000 08:04 5111873                    /lib/x86_64-linux-gnu/libselinux.so.1
7f18f2d04000-7f18f2d06000 rw-p 00000000 00:00 0 
7f18f2d06000-7f18f2e0c000 r-xp 00000000 08:04 5112221                    /lib/x86_64-linux-gnu/libglib-2.0.so.0.4002.0
7f18f2e0c000-7f18f300b000 ---p 00106000 08:04 5112221                    /lib/x86_64-linux-gnu/libglib-2.0.so.0.4002.0
7f18f300b000-7f18f300c000 r--p 00105000 08:04 5112221                    /lib/x86_64-linux-gnu/libglib-2.0.so.0.4002.0
7f18f300c000-7f18f300d000 rw-p 00106000 08:04 5112221                    /lib/x86_64-linux-gnu/libglib-2.0.so.0.4002.0
7f18f300d000-7f18f300e000 rw-p 00000000 00:00 0 
7f18f300e000-7f18f3011000 r-xp 00000000 08:04 6163449                    /usr/lib/x86_64-linux-gnu/libgmodule-2.0.so.0.4002.0
7f18f3011000-7f18f3210000 ---p 00003000 08:04 6163449                    /usr/lib/x86_64-linux-gnu/libgmodule-2.0.so.0.4002.0
7f18f3210000-7f18f3211000 r--p 00002000 08:04 6163449                    /usr/lib/x86_64-linux-gnu/libgmodule-2.0.so.0.4002.0
7f18f3211000-7f18f3212000 rw-p 00003000 08:04 6163449                    /usr/lib/x86_64-linux-gnu/libgmodule-2.0.so.0.4002.0
7f18f3212000-7f18f3239000 r-xp 00000000 08:04 5112063                    /lib/x86_64-linux-gnu/libexpat.so.1.6.0
7f18f3239000-7f18f3439000 ---p 00027000 08:04 5112063                    /lib/x86_64-linux-gnu/libexpat.so.1.6.0
7f18f3439000-7f18f343b000 r--p 00027000 08:04 5112063                    /lib/x86_64-linux-gnu/libexpat.so.1.6.0
7f18f343b000-7f18f343c000 rw-p 00029000 08:04 5112063                    /lib/x86_64-linux-gnu/libexpat.so.1.6.0
7f18f343c000-7f18f34d9000 r-xp 00000000 08:04 6166080                    /usr/lib/x86_64-linux-gnu/libfreetype.so.6.11.1
7f18f34d9000-7f18f36d8000 ---p 0009d000 08:04 6166080                    /usr/lib/x86_64-linux-gnu/libfreetype.so.6.11.1
7f18f36d8000-7f18f36de000 r--p 0009c000 08:04 6166080                    /usr/lib/x86_64-linux-gnu/libfreetype.so.6.11.1
7f18f36de000-7f18f36df000 rw-p 000a2000 08:04 6166080                    /usr/lib/x86_64-linux-gnu/libfreetype.so.6.11.1
7f18f36df000-7f18f36ee000 r-xp 00000000 08:04 6169132                    /usr/lib/x86_64-linux-gnu/libavahi-client.so.3.2.9
7f18f36ee000-7f18f38ee000 ---p 0000f000 08:04 6169132                    /usr/lib/x86_64-linux-gnu/libavahi-client.so.3.2.9
7f18f38ee000-7f18f38ef000 r--p 0000f000 08:04 6169132                    /usr/lib/x86_64-linux-gnu/libavahi-client.so.3.2.9
7f18f38ef000-7f18f38f0000 rw-p 00010000 08:04 6169132                    /usr/lib/x86_64-linux-gnu/libavahi-client.so.3.2.9
7f18f38f0000-7f18f38fb000 r-xp 00000000 08:04 6169128                    /usr/lib/x86_64-linux-gnu/libavahi-common.so.3.5.3
7f18f38fb000-7f18f3afa000 ---p 0000b000 08:04 6169128                    /usr/lib/x86_64-linux-gnu/libavahi-common.so.3.5.3
7f18f3afa000-7f18f3afb000 r--p 0000a000 08:04 6169128                    /usr/lib/x86_64-linux-gnu/libavahi-common.so.3.5.3
7f18f3afb000-7f18f3afc000 rw-p 0000b000 08:04 6169128                    /usr/lib/x86_64-linux-gnu/libavahi-common.so.3.5.3
7f18f3afc000-7f18f3bb2000 r-xp 00000000 08:04 6164602                    /usr/lib/x86_64-linux-gnu/libgnutls.so.26.22.6
7f18f3bb2000-7f18f3db2000 ---p 000b6000 08:04 6164602                    /usr/lib/x86_64-linux-gnu/libgnutls.so.26.22.6
7f18f3db2000-7f18f3db8000 r--p 000b6000 08:04 6164602                    /usr/lib/x86_64-linux-gnu/libgnutls.so.26.22.6
7f18f3db8000-7f18f3db9000 rw-p 000bc000 08:04 6164602                    /usr/lib/x86_64-linux-gnu/libgnutls.so.26.22.6
7f18f3db9000-7f18f3dba000 rw-p 00000000 00:00 0 
7f18f3dba000-7f18f3dfd000 r-xp 00000000 08:04 6189748                    /usr/lib/x86_64-linux-gnu/libgssapi_krb5.so.2.2
7f18f3dfd000-7f18f3ffd000 ---p 00043000 08:04 6189748                    /usr/lib/x86_64-linux-gnu/libgssapi_krb5.so.2.2
7f18f3ffd000-7f18f3ffe000 r--p 00043000 08:04 6189748                    /usr/lib/x86_64-linux-gnu/libgssapi_krb5.so.2.2
7f18f3ffe000-7f18f4000000 rw-p 00044000 08:04 6189748                    /usr/lib/x86_64-linux-gnu/libgssapi_krb5.so.2.2
7f18f4000000-7f18f4021000 rw-p 00000000 00:00 0 
7f18f4021000-7f18f8000000 ---p 00000000 00:00 0 
7f18f8000000-7f18f8001000 r--s 00000000 08:04 5402935                    /var/cache/fontconfig/406a1d2d2bf3ed7664fbadefac0b2f66-le64.cache-4
7f18f8001000-7f18f8006000 r--s 00000000 08:04 5380374                    /var/cache/fontconfig/7ef2298fde41cc6eeb7af42e48b7d293-le64.cache-4
7f18f802c000-7f18f8049000 r-xp 00000000 08:04 6167580                    /usr/lib/x86_64-linux-gnu/libxcb.so.1.1.0
7f18f8049000-7f18f8249000 ---p 0001d000 08:04 6167580                    /usr/lib/x86_64-linux-gnu/libxcb.so.1.1.0
7f18f8249000-7f18f824a000 r--p 0001d000 08:04 6167580                    /usr/lib/x86_64-linux-gnu/libxcb.so.1.1.0
7f18f824a000-7f18f824b000 rw-p 0001e000 08:04 6167580                    /usr/lib/x86_64-linux-gnu/libxcb.so.1.1.0
7f18f824b000-7f18f829a000 r-xp 00000000 08:04 6163451                    /usr/lib/x86_64-linux-gnu/libgobject-2.0.so.0.4002.0
7f18f829a000-7f18f849a000 ---p 0004f000 08:04 6163451                    /usr/lib/x86_64-linux-gnu/libgobject-2.0.so.0.4002.0
7f18f849a000-7f18f849b000 r--p 0004f000 08:04 6163451                    /usr/lib/x86_64-linux-gnu/libgobject-2.0.so.0.4002.0
7f18f849b000-7f18f849c000 rw-p 00050000 08:04 6163451                    /usr/lib/x86_64-linux-gnu/libgobject-2.0.so.0.4002.0
7f18f849c000-7f18f8608000 r-xp 00000000 08:04 6163453                    /usr/lib/x86_64-linux-gnu/libgio-2.0.so.0.4002.0
7f18f8608000-7f18f8807000 ---p 0016c000 08:04 6163453                    /usr/lib/x86_64-linux-gnu/libgio-2.0.so.0.4002.0
7f18f8807000-7f18f880b000 r--p 0016b000 08:04 6163453                    /usr/lib/x86_64-linux-gnu/libgio-2.0.so.0.4002.0
7f18f880b000-7f18f880d000 rw-p 0016f000 08:04 6163453                    /usr/lib/x86_64-linux-gnu/libgio-2.0.so.0.4002.0
7f18f880d000-7f18f880f000 rw-p 00000000 00:00 0 
7f18f880f000-7f18f8849000 r-xp 00000000 08:04 6169098                    /usr/lib/x86_64-linux-gnu/libfontconfig.so.1.8.0
7f18f8849000-7f18f8a48000 ---p 0003a000 08:04 6169098                    /usr/lib/x86_64-linux-gnu/libfontconfig.so.1.8.0
7f18f8a48000-7f18f8a4a000 r--p 00039000 08:04 6169098                    /usr/lib/x86_64-linux-gnu/libfontconfig.so.1.8.0
7f18f8a4a000-7f18f8a4b000 rw-p 0003b000 08:04 6169098                    /usr/lib/x86_64-linux-gnu/libfontconfig.so.1.8.0
7f18f8a4b000-7f18f8ab7000 r-xp 00000000 08:04 6172255                    /usr/lib/x86_64-linux-gnu/libcups.so.2
7f18f8ab7000-7f18f8cb7000 ---p 0006c000 08:04 6172255                    /usr/lib/x86_64-linux-gnu/libcups.so.2
7f18f8cb7000-7f18f8cbe000 r--p 0006c000 08:04 6172255                    /usr/lib/x86_64-linux-gnu/libcups.so.2
7f18f8cbe000-7f18f8cbf000 rw-p 00073000 08:04 6172255                    /usr/lib/x86_64-linux-gnu/libcups.so.2
7f18f8cbf000-7f18f8cce000 r-xp 00000000 08:04 6169252                    /usr/lib/x86_64-linux-gnu/libXi.so.6.1.0
7f18f8cce000-7f18f8ecd000 ---p 0000f000 08:04 6169252                    /usr/lib/x86_64-linux-gnu/libXi.so.6.1.0
7f18f8ecd000-7f18f8ece000 r--p 0000e000 08:04 6169252                    /usr/lib/x86_64-linux-gnu/libXi.so.6.1.0
7f18f8ece000-7f18f8ecf000 rw-p 0000f000 08:04 6169252                    /usr/lib/x86_64-linux-gnu/libXi.so.6.1.0
7f18f8ecf000-7f18f8ed4000 r-xp 00000000 08:04 6169296                    /usr/lib/x86_64-linux-gnu/libXtst.so.6.1.0
7f18f8ed4000-7f18f90d3000 ---p 00005000 08:04 6169296                    /usr/lib/x86_64-linux-gnu/libXtst.so.6.1.0
7f18f90d3000-7f18f90d4000 r--p 00004000 08:04 6169296                    /usr/lib/x86_64-linux-gnu/libXtst.so.6.1.0
7f18f90d4000-7f18f90d5000 rw-p 00005000 08:04 6169296                    /usr/lib/x86_64-linux-gnu/libXtst.so.6.1.0
7f18f90d5000-7f18f90de000 r-xp 00000000 08:04 6169116                    /usr/lib/x86_64-linux-gnu/libXrender.so.1.3.0
7f18f90de000-7f18f92dd000 ---p 00009000 08:04 6169116                    /usr/lib/x86_64-linux-gnu/libXrender.so.1.3.0
7f18f92dd000-7f18f92de000 r--p 00008000 08:04 6169116                    /usr/lib/x86_64-linux-gnu/libXrender.so.1.3.0
7f18f92de000-7f18f92df000 rw-p 00009000 08:04 6169116                    /usr/lib/x86_64-linux-gnu/libXrender.so.1.3.0
7f18f92df000-7f18f940f000 r-xp 00000000 08:04 6167584                    /usr/lib/x86_64-linux-gnu/libX11.so.6.3.0
7f18f940f000-7f18f960f000 ---p 00130000 08:04 6167584                    /usr/lib/x86_64-linux-gnu/libX11.so.6.3.0
7f18f960f000-7f18f9610000 r--p 00130000 08:04 6167584                    /usr/lib/x86_64-linux-gnu/libX11.so.6.3.0
7f18f9610000-7f18f9614000 rw-p 00131000 08:04 6167584                    /usr/lib/x86_64-linux-gnu/libX11.so.6.3.0
7f18f9614000-7f18f9625000 r-xp 00000000 08:04 6167587                    /usr/lib/x86_64-linux-gnu/libXext.so.6.4.0
7f18f9625000-7f18f9824000 ---p 00011000 08:04 6167587                    /usr/lib/x86_64-linux-gnu/libXext.so.6.4.0
7f18f9824000-7f18f9825000 r--p 00010000 08:04 6167587                    /usr/lib/x86_64-linux-gnu/libXext.so.6.4.0
7f18f9825000-7f18f9826000 rw-p 00011000 08:04 6167587                    /usr/lib/x86_64-linux-gnu/libXext.so.6.4.0
7f18f9826000-7f18f986e000 r-xp 00000000 08:04 6442698                    /usr/lib/jvm/java-7-openjdk-amd64/jre/lib/amd64/xawt/libmawt.so
7f18f986e000-7f18f9a6d000 ---p 00048000 08:04 6442698                    /usr/lib/jvm/java-7-openjdk-amd64/jre/lib/amd64/xawt/libmawt.so
7f18f9a6d000-7f18f9a6e000 r--p 00047000 08:04 6442698                    /usr/lib/jvm/java-7-openjdk-amd64/jre/lib/amd64/xawt/libmawt.so
7f18f9a6e000-7f18f9a71000 rw-p 00048000 08:04 6442698                    /usr/lib/jvm/java-7-openjdk-amd64/jre/lib/amd64/xawt/libmawt.so
7f18f9a71000-7f18f9a72000 rw-p 00000000 00:00 0 
7f18f9a72000-7f18f9b12000 r-xp 00000000 08:04 6325533                    /usr/lib/jvm/java-7-openjdk-amd64/jre/lib/amd64/libawt.so
7f18f9b12000-7f18f9d12000 ---p 000a0000 08:04 6325533                    /usr/lib/jvm/java-7-openjdk-amd64/jre/lib/amd64/libawt.so
7f18f9d12000-7f18f9d13000 r--p 000a0000 08:04 6325533                    /usr/lib/jvm/java-7-openjdk-amd64/jre/lib/amd64/libawt.so
7f18f9d13000-7f18f9d1e000 rw-p 000a1000 08:04 6325533                    /usr/lib/jvm/java-7-openjdk-amd64/jre/lib/amd64/libawt.so
7f18f9d1e000-7f18f9d43000 rw-p 00000000 00:00 0 
7f18f9d43000-7f18f9d44000 ---p 00000000 00:00 0 
7f18f9d44000-7f18f9e44000 rw-p 00000000 00:00 0                          [stack:18474]
7f18f9e44000-7f18f9e47000 ---p 00000000 00:00 0 
7f18f9e47000-7f18f9f45000 rw-p 00000000 00:00 0                          [stack:18473]
7f18f9f45000-7f18f9f48000 ---p 00000000 00:00 0 
7f18f9f48000-7f18fa046000 rw-p 00000000 00:00 0                          [stack:18472]
7f18fa046000-7f18fa049000 ---p 00000000 00:00 0 
7f18fa049000-7f18fa147000 rw-p 00000000 00:00 0                          [stack:18471]
7f18fa147000-7f18fa14a000 ---p 00000000 00:00 0 
7f18fa14a000-7f18fa248000 rw-p 00000000 00:00 0                          [stack:18470]
7f18fa248000-7f18fb4f5000 r--p 00000000 08:04 6160524                    /usr/lib/locale/locale-archive
7f18fb4f5000-7f18fb4f8000 ---p 00000000 00:00 0 
7f18fb4f8000-7f18fb5f6000 rw-p 00000000 00:00 0                          [stack:18469]
7f18fb5f6000-7f18fb5f9000 ---p 00000000 00:00 0 
7f18fb5f9000-7f18fb6f7000 rw-p 00000000 00:00 0                          [stack:18468]
7f18fb6f7000-7f18fb6f8000 ---p 00000000 00:00 0 
7f18fb6f8000-7f18fc000000 rw-p 00000000 00:00 0                          [stack:18467]
7f18fc000000-7f18fc021000 rw-p 00000000 00:00 0 
7f18fc021000-7f1900000000 ---p 00000000 00:00 0 
7f1900037000-7f1900038000 rw-p 00000000 00:00 0 
7f1900038000-7f190003f000 r--s 00000000 08:04 6203694                    /usr/lib/x86_64-linux-gnu/gconv/gconv-modules.cache
7f190003f000-7f1900040000 r--p 00000000 08:04 131194                     /usr/share/locale-langpack/en_GB/LC_MESSAGES/pulseaudio.mo
7f1900040000-7f19006da000 rw-p 00000000 00:00 0 
7f19006da000-7f190088c000 r--s 01d23000 08:04 6187137                    /usr/lib/jvm/java-7-openjdk-amd64/jre/lib/rt.jar
7f190088c000-7f1905000000 rw-p 00000000 00:00 0 
7f1905000000-7f1905270000 rwxp 00000000 00:00 0 
7f1905270000-7f1908365000 rw-p 00000000 00:00 0 
7f1908365000-7f190c000000 ---p 00000000 00:00 0 
7f190c000000-7f190c001000 r--s 00000000 08:04 5402923                    /var/cache/fontconfig/0c9eb80ebd1c36541ebe2852d3bb0c49-le64.cache-4
7f190c001000-7f190c00a000 r--s 000b9000 08:04 6187141                    /usr/lib/jvm/java-7-openjdk-amd64/jre/lib/resources.jar
7f190c00a000-7f190c246000 rw-p 00000000 00:00 0 
7f190c246000-7f190c247000 ---p 00000000 00:00 0 
7f190c247000-7f190c347000 rw-p 00000000 00:00 0                          [stack:18466]
7f190c347000-7f190c348000 ---p 00000000 00:00 0 
7f190c348000-7f190c448000 rw-p 00000000 00:00 0                          [stack:18465]
7f190c448000-7f190c449000 ---p 00000000 00:00 0 
7f190c449000-7f190c549000 rw-p 00000000 00:00 0                          [stack:18464]
7f190c549000-7f190c54a000 ---p 00000000 00:00 0 
7f190c54a000-7f190c674000 rw-p 00000000 00:00 0                          [stack:18463]
7f190c674000-7f190c8e0000 rw-p 00000000 00:00 0 
7f190c8e0000-7f190c8eb000 rw-p 00000000 00:00 0 
7f190c8eb000-7f190c933000 rw-p 00000000 00:00 0 
7f190c933000-7f190c95d000 rw-p 00000000 00:00 0 
7f190c95d000-7f190cbc9000 rw-p 00000000 00:00 0 
7f190cbc9000-7f190cbde000 rw-p 00000000 00:00 0 
7f190cbde000-7f190cd14000 rw-p 00000000 00:00 0 
7f190cd14000-7f190cd1f000 rw-p 00000000 00:00 0 
7f190cd1f000-7f190cdd5000 rw-p 00000000 00:00 0 
7f190cdd5000-7f190cddd000 r-xp 00000000 08:04 6325547                    /usr/lib/jvm/java-7-openjdk-amd64/jre/lib/amd64/libzip.so
7f190cddd000-7f190cfdc000 ---p 00008000 08:04 6325547                    /usr/lib/jvm/java-7-openjdk-amd64/jre/lib/amd64/libzip.so
7f190cfdc000-7f190cfdd000 r--p 00007000 08:04 6325547                    /usr/lib/jvm/java-7-openjdk-amd64/jre/lib/amd64/libzip.so
7f190cfdd000-7f190cfde000 rw-p 00008000 08:04 6325547                    /usr/lib/jvm/java-7-openjdk-amd64/jre/lib/amd64/libzip.so
7f190cfde000-7f190d65c000 r--s 00000000 08:04 5376719                    /var/lib/sss/mc/passwd
7f190d65c000-7f190d663000 r-xp 00000000 08:04 5114254                    /lib/x86_64-linux-gnu/libnss_sss.so.2
7f190d663000-7f190d862000 ---p 00007000 08:04 5114254                    /lib/x86_64-linux-gnu/libnss_sss.so.2
7f190d862000-7f190d863000 r--p 00006000 08:04 5114254                    /lib/x86_64-linux-gnu/libnss_sss.so.2
7f190d863000-7f190d864000 rw-p 00007000 08:04 5114254                    /lib/x86_64-linux-gnu/libnss_sss.so.2
7f190d864000-7f190d86f000 r-xp 00000000 08:04 5112044                    /lib/x86_64-linux-gnu/libnss_files-2.19.so
7f190d86f000-7f190da6e000 ---p 0000b000 08:04 5112044                    /lib/x86_64-linux-gnu/libnss_files-2.19.so
7f190da6e000-7f190da6f000 r--p 0000a000 08:04 5112044                    /lib/x86_64-linux-gnu/libnss_files-2.19.so
7f190da6f000-7f190da70000 rw-p 0000b000 08:04 5112044                    /lib/x86_64-linux-gnu/libnss_files-2.19.so
7f190da70000-7f190da7b000 r-xp 00000000 08:04 5112037                    /lib/x86_64-linux-gnu/libnss_nis-2.19.so
7f190da7b000-7f190dc7a000 ---p 0000b000 08:04 5112037                    /lib/x86_64-linux-gnu/libnss_nis-2.19.so
7f190dc7a000-7f190dc7b000 r--p 0000a000 08:04 5112037                    /lib/x86_64-linux-gnu/libnss_nis-2.19.so
7f190dc7b000-7f190dc7c000 rw-p 0000b000 08:04 5112037                    /lib/x86_64-linux-gnu/libnss_nis-2.19.so
7f190dc7c000-7f190dc93000 r-xp 00000000 08:04 5112029                    /lib/x86_64-linux-gnu/libnsl-2.19.so
7f190dc93000-7f190de92000 ---p 00017000 08:04 5112029                    /lib/x86_64-linux-gnu/libnsl-2.19.so
7f190de92000-7f190de93000 r--p 00016000 08:04 5112029                    /lib/x86_64-linux-gnu/libnsl-2.19.so
7f190de93000-7f190de94000 rw-p 00017000 08:04 5112029                    /lib/x86_64-linux-gnu/libnsl-2.19.so
7f190de94000-7f190de96000 rw-p 00000000 00:00 0 
7f190de96000-7f190de9f000 r-xp 00000000 08:04 5112026                    /lib/x86_64-linux-gnu/libnss_compat-2.19.so
7f190de9f000-7f190e09e000 ---p 00009000 08:04 5112026                    /lib/x86_64-linux-gnu/libnss_compat-2.19.so
7f190e09e000-7f190e09f000 r--p 00008000 08:04 5112026                    /lib/x86_64-linux-gnu/libnss_compat-2.19.so
7f190e09f000-7f190e0a0000 rw-p 00009000 08:04 5112026                    /lib/x86_64-linux-gnu/libnss_compat-2.19.so
7f190e0a0000-7f190e0cb000 r-xp 00000000 08:04 6325532                    /usr/lib/jvm/java-7-openjdk-amd64/jre/lib/amd64/libjava.so
7f190e0cb000-7f190e2cb000 ---p 0002b000 08:04 6325532                    /usr/lib/jvm/java-7-openjdk-amd64/jre/lib/amd64/libjava.so
7f190e2cb000-7f190e2cc000 r--p 0002b000 08:04 6325532                    /usr/lib/jvm/java-7-openjdk-amd64/jre/lib/amd64/libjava.so
7f190e2cc000-7f190e2ce000 rw-p 0002c000 08:04 6325532                    /usr/lib/jvm/java-7-openjdk-amd64/jre/lib/amd64/libjava.so
7f190e2ce000-7f190e2de000 r-xp 00000000 08:04 6325531                    /usr/lib/jvm/java-7-openjdk-amd64/jre/lib/amd64/libverify.so
7f190e2de000-7f190e4dd000 ---p 00010000 08:04 6325531                    /usr/lib/jvm/java-7-openjdk-amd64/jre/lib/amd64/libverify.so
7f190e4dd000-7f190e4df000 r--p 0000f000 08:04 6325531                    /usr/lib/jvm/java-7-openjdk-amd64/jre/lib/amd64/libverify.so
7f190e4df000-7f190e4e0000 rw-p 00011000 08:04 6325531                    /usr/lib/jvm/java-7-openjdk-amd64/jre/lib/amd64/libverify.so
7f190e4e0000-7f190e4e7000 r-xp 00000000 08:04 5112019                    /lib/x86_64-linux-gnu/librt-2.19.so
7f190e4e7000-7f190e6e6000 ---p 00007000 08:04 5112019                    /lib/x86_64-linux-gnu/librt-2.19.so
7f190e6e6000-7f190e6e7000 r--p 00006000 08:04 5112019                    /lib/x86_64-linux-gnu/librt-2.19.so
7f190e6e7000-7f190e6e8000 rw-p 00007000 08:04 5112019                    /lib/x86_64-linux-gnu/librt-2.19.so
7f190e6e8000-7f190e6fe000 r-xp 00000000 08:04 5111841                    /lib/x86_64-linux-gnu/libgcc_s.so.1
7f190e6fe000-7f190e8fd000 ---p 00016000 08:04 5111841                    /lib/x86_64-linux-gnu/libgcc_s.so.1
7f190e8fd000-7f190e8fe000 rw-p 00015000 08:04 5111841                    /lib/x86_64-linux-gnu/libgcc_s.so.1
7f190e8fe000-7f190ea03000 r-xp 00000000 08:04 5112028                    /lib/x86_64-linux-gnu/libm-2.19.so
7f190ea03000-7f190ec02000 ---p 00105000 08:04 5112028                    /lib/x86_64-linux-gnu/libm-2.19.so
7f190ec02000-7f190ec03000 r--p 00104000 08:04 5112028                    /lib/x86_64-linux-gnu/libm-2.19.so
7f190ec03000-7f190ec04000 rw-p 00105000 08:04 5112028                    /lib/x86_64-linux-gnu/libm-2.19.so
7f190ec04000-7f190ecea000 r-xp 00000000 08:04 6165336                    /usr/lib/x86_64-linux-gnu/libstdc++.so.6.0.19
7f190ecea000-7f190eee9000 ---p 000e6000 08:04 6165336                    /usr/lib/x86_64-linux-gnu/libstdc++.so.6.0.19
7f190eee9000-7f190eef1000 r--p 000e5000 08:04 6165336                    /usr/lib/x86_64-linux-gnu/libstdc++.so.6.0.19
7f190eef1000-7f190eef3000 rw-p 000ed000 08:04 6165336                    /usr/lib/x86_64-linux-gnu/libstdc++.so.6.0.19
7f190eef3000-7f190ef08000 rw-p 00000000 00:00 0 
7f190ef08000-7f190fa20000 r-xp 00000000 08:04 6325536                    /usr/lib/jvm/java-7-openjdk-amd64/jre/lib/amd64/server/libjvm.so
7f190fa20000-7f190fc20000 ---p 00b18000 08:04 6325536                    /usr/lib/jvm/java-7-openjdk-amd64/jre/lib/amd64/server/libjvm.so
7f190fc20000-7f190fcba000 r--p 00b18000 08:04 6325536                    /usr/lib/jvm/java-7-openjdk-amd64/jre/lib/amd64/server/libjvm.so
7f190fcba000-7f190fcdd000 rw-p 00bb2000 08:04 6325536                    /usr/lib/jvm/java-7-openjdk-amd64/jre/lib/amd64/server/libjvm.so
7f190fcdd000-7f190fd0b000 rw-p 00000000 00:00 0 
7f190fd0b000-7f190fd23000 r-xp 00000000 08:04 5112054                    /lib/x86_64-linux-gnu/libz.so.1.2.8
7f190fd23000-7f190ff22000 ---p 00018000 08:04 5112054                    /lib/x86_64-linux-gnu/libz.so.1.2.8
7f190ff22000-7f190ff23000 r--p 00017000 08:04 5112054                    /lib/x86_64-linux-gnu/libz.so.1.2.8
7f190ff23000-7f190ff24000 rw-p 00018000 08:04 5112054                    /lib/x86_64-linux-gnu/libz.so.1.2.8
7f190ff24000-7f190ff3d000 r-xp 00000000 08:04 5112042                    /lib/x86_64-linux-gnu/libpthread-2.19.so
7f190ff3d000-7f191013c000 ---p 00019000 08:04 5112042                    /lib/x86_64-linux-gnu/libpthread-2.19.so
7f191013c000-7f191013d000 r--p 00018000 08:04 5112042                    /lib/x86_64-linux-gnu/libpthread-2.19.so
7f191013d000-7f191013e000 rw-p 00019000 08:04 5112042                    /lib/x86_64-linux-gnu/libpthread-2.19.so
7f191013e000-7f1910142000 rw-p 00000000 00:00 0 
7f1910142000-7f1910145000 r-xp 00000000 08:04 5112022                    /lib/x86_64-linux-gnu/libdl-2.19.so
7f1910145000-7f1910344000 ---p 00003000 08:04 5112022                    /lib/x86_64-linux-gnu/libdl-2.19.so
7f1910344000-7f1910345000 r--p 00002000 08:04 5112022                    /lib/x86_64-linux-gnu/libdl-2.19.so
7f1910345000-7f1910346000 rw-p 00003000 08:04 5112022                    /lib/x86_64-linux-gnu/libdl-2.19.so
7f1910346000-7f1910501000 r-xp 00000000 08:04 5112018                    /lib/x86_64-linux-gnu/libc-2.19.so
7f1910501000-7f1910701000 ---p 001bb000 08:04 5112018                    /lib/x86_64-linux-gnu/libc-2.19.so
7f1910701000-7f1910705000 r--p 001bb000 08:04 5112018                    /lib/x86_64-linux-gnu/libc-2.19.so
7f1910705000-7f1910707000 rw-p 001bf000 08:04 5112018                    /lib/x86_64-linux-gnu/libc-2.19.so
7f1910707000-7f191070c000 rw-p 00000000 00:00 0 
7f191070c000-7f1910719000 r-xp 00000000 08:04 6325515                    /usr/lib/jvm/java-7-openjdk-amd64/jre/lib/amd64/jli/libjli.so
7f1910719000-7f1910918000 ---p 0000d000 08:04 6325515                    /usr/lib/jvm/java-7-openjdk-amd64/jre/lib/amd64/jli/libjli.so
7f1910918000-7f1910919000 r--p 0000c000 08:04 6325515                    /usr/lib/jvm/java-7-openjdk-amd64/jre/lib/amd64/jli/libjli.so
7f1910919000-7f191091a000 rw-p 0000d000 08:04 6325515                    /usr/lib/jvm/java-7-openjdk-amd64/jre/lib/amd64/jli/libjli.so
7f191091a000-7f191093d000 r-xp 00000000 08:04 5112015                    /lib/x86_64-linux-gnu/ld-2.19.so
7f191093d000-7f191093e000 r--s 00000000 08:04 5402903                    /var/cache/fontconfig/3334a778d104e76d188e9df399bc24d2-le64.cache-4
7f191093e000-7f191093f000 r--s 00000000 08:04 5402634                    /var/cache/fontconfig/c277e94e32b20404286a1ddafa5a80f0-le64.cache-4
7f191093f000-7f1910941000 r--s 00000000 08:04 5402630                    /var/cache/fontconfig/452f1fac34b224105d7acfae3034bcd5-le64.cache-4
7f1910941000-7f1910943000 r--s 00000000 08:04 5380696                    /var/cache/fontconfig/16326683038b281783a0ef8c680e3a10-le64.cache-4
7f1910943000-7f191094d000 r--s 00203000 08:04 6187149                    /usr/lib/jvm/java-7-openjdk-amd64/jre/lib/charsets.jar
7f191094d000-7f1910951000 r--s 00034000 08:04 6325501                    /usr/lib/jvm/java-7-openjdk-amd64/jre/lib/ext/sunjce_provider.jar
7f1910951000-7f19109a5000 rw-p 00000000 00:00 0 
7f19109a5000-7f19109ed000 rw-p 00000000 00:00 0 
7f19109ed000-7f19109f0000 ---p 00000000 00:00 0 
7f19109f0000-7f1910af3000 rw-p 00000000 00:00 0                          [stack:18462]
7f1910af3000-7f1910af4000 r--s 00000000 08:04 5402633                    /var/cache/fontconfig/62f91419b9ebdb6975e7e41ab6412357-le64.cache-4
7f1910af4000-7f1910af5000 r--s 00000000 08:04 5380675                    /var/cache/fontconfig/e0aa53bcfa504e64f87823c16bc01eb6-le64.cache-4
7f1910af5000-7f1910af6000 r--p 00000000 08:04 131525                     /usr/share/locale-langpack/en_GB/LC_MESSAGES/libc.mo
7f1910af6000-7f1910af9000 r--s 0000f000 08:04 6325499                    /usr/lib/jvm/java-7-openjdk-amd64/jre/lib/ext/icedtea-sound.jar
7f1910af9000-7f1910afb000 r--s 00012000 08:04 6325502                    /usr/lib/jvm/java-7-openjdk-amd64/jre/lib/ext/zipfs.jar
7f1910afb000-7f1910afd000 r--s 00006000 08:04 263612                     /usr/share/java/java-atk-wrapper.jar
7f1910afd000-7f1910b00000 r--s 00086000 08:04 6325504                    /usr/lib/jvm/java-7-openjdk-amd64/jre/lib/ext/localedata.jar
7f1910b00000-7f1910b01000 r--s 00002000 08:04 6325503                    /usr/lib/jvm/java-7-openjdk-amd64/jre/lib/ext/dnsns.jar
7f1910b01000-7f1910b05000 r--s 0003c000 08:04 6325500                    /usr/lib/jvm/java-7-openjdk-amd64/jre/lib/ext/sunpkcs11.jar
7f1910b05000-7f1910b30000 rw-p 00000000 00:00 0 
7f1910b30000-7f1910b38000 rw-s 00000000 08:04 5113874                    /tmp/hsperfdata_ylhavuor/18458
7f1910b38000-7f1910b39000 rw-p 00000000 00:00 0 
7f1910b39000-7f1910b3a000 r--p 00000000 00:00 0 
7f1910b3a000-7f1910b3c000 rw-p 00000000 00:00 0 
7f1910b3c000-7f1910b3d000 r--p 00022000 08:04 5112015                    /lib/x86_64-linux-gnu/ld-2.19.so
7f1910b3d000-7f1910b3e000 rw-p 00023000 08:04 5112015                    /lib/x86_64-linux-gnu/ld-2.19.so
7f1910b3e000-7f1910b3f000 rw-p 00000000 00:00 0 
7ffffb499000-7ffffb4ba000 rw-p 00000000 00:00 0                          [stack]
7ffffb51e000-7ffffb520000 r-xp 00000000 00:00 0                          [vdso]
ffffffffff600000-ffffffffff601000 r-xp 00000000 00:00 0                  [vsyscall]

VM Arguments:
java_command: musicmachine.Main
Launcher Type: SUN_STANDARD

Environment Variables:
JAVA_HOME=/usr/lib/jvm/default-java
PATH=/usr/local/sbin:/usr/local/bin:/usr/sbin:/usr/bin:/sbin:/bin:/usr/games:/usr/local/games
LD_LIBRARY_PATH=/usr/lib/jvm/default-java/jre/lib/amd64:/usr/lib/jvm/default-java/jre/lib/i386:
SHELL=/bin/bash
DISPLAY=:0

Signal Handlers:
SIGSEGV: [libjvm.so+0x94b4b0], sa_mask[0]=0x7ffbfeff, sa_flags=0x10000004
SIGBUS: [libjvm.so+0x94b4b0], sa_mask[0]=0x7ffbfeff, sa_flags=0x10000004
SIGFPE: [libjvm.so+0x7c3390], sa_mask[0]=0x7ffbfeff, sa_flags=0x10000004
SIGPIPE: [libjvm.so+0x7c3390], sa_mask[0]=0x7ffbfeff, sa_flags=0x10000004
SIGXFSZ: [libjvm.so+0x7c3390], sa_mask[0]=0x7ffbfeff, sa_flags=0x10000004
SIGILL: [libjvm.so+0x7c3390], sa_mask[0]=0x7ffbfeff, sa_flags=0x10000004
SIGUSR1: SIG_DFL, sa_mask[0]=0x00000000, sa_flags=0x00000000
SIGUSR2: [libjvm.so+0x7c3230], sa_mask[0]=0x00000004, sa_flags=0x10000004
SIGHUP: [libjvm.so+0x7c3410], sa_mask[0]=0x7ffbfeff, sa_flags=0x10000004
SIGINT: SIG_IGN, sa_mask[0]=0x00000000, sa_flags=0x00000000
SIGTERM: [libjvm.so+0x7c3410], sa_mask[0]=0x7ffbfeff, sa_flags=0x10000004
SIGQUIT: [libjvm.so+0x7c3410], sa_mask[0]=0x7ffbfeff, sa_flags=0x10000004
SIGTRAP: SIG_DFL, sa_mask[0]=0x00000000, sa_flags=0x00000000


---------------  S Y S T E M  ---------------

OS:Ubuntu 14.04 (trusty)
uname:Linux 3.13.0-46-generic #75-Ubuntu SMP Tue Feb 10 15:24:04 UTC 2015 x86_64
libc:glibc 2.19 NPTL 2.19 
rlimit: STACK 8192k, CORE 0k, NPROC 63311, NOFILE 4096, AS infinity
load average:0.43 0.81 0.67

/proc/meminfo:
MemTotal:        8134244 kB
MemFree:         3858200 kB
Buffers:          130024 kB
Cached:          1811024 kB
SwapCached:            0 kB
Active:          2790000 kB
Inactive:        1152864 kB
Active(anon):    2012356 kB
Inactive(anon):    38388 kB
Active(file):     777644 kB
Inactive(file):  1114476 kB
Unevictable:         292 kB
Mlocked:             292 kB
SwapTotal:      15625212 kB
SwapFree:       15625212 kB
Dirty:                76 kB
Writeback:             0 kB
AnonPages:       2002104 kB
Mapped:           315620 kB
Shmem:             48932 kB
Slab:             129464 kB
SReclaimable:      87568 kB
SUnreclaim:        41896 kB
KernelStack:        5832 kB
PageTables:        51684 kB
NFS_Unstable:          0 kB
Bounce:                0 kB
WritebackTmp:          0 kB
CommitLimit:    19692332 kB
Committed_AS:    6663808 kB
VmallocTotal:   34359738367 kB
VmallocUsed:      319180 kB
VmallocChunk:   34359413756 kB
HardwareCorrupted:     0 kB
AnonHugePages:    847872 kB
HugePages_Total:       0
HugePages_Free:        0
HugePages_Rsvd:        0
HugePages_Surp:        0
Hugepagesize:       2048 kB
DirectMap4k:      199096 kB
DirectMap2M:     8146944 kB


CPU:total 4 (4 cores per cpu, 1 threads per core) family 6 model 42 stepping 7, cmov, cx8, fxsr, mmx, sse, sse2, sse3, ssse3, sse4.1, sse4.2, popcnt, avx, aes, tsc, tscinvbit

/proc/cpuinfo:
processor	: 0
vendor_id	: GenuineIntel
cpu family	: 6
model		: 42
model name	: Intel(R) Core(TM) i5-2400 CPU @ 3.10GHz
stepping	: 7
microcode	: 0x29
cpu MHz		: 1600.000
cache size	: 6144 KB
physical id	: 0
siblings	: 4
core id		: 0
cpu cores	: 4
apicid		: 0
initial apicid	: 0
fpu		: yes
fpu_exception	: yes
cpuid level	: 13
wp		: yes
flags		: fpu vme de pse tsc msr pae mce cx8 apic sep mtrr pge mca cmov pat pse36 clflush dts acpi mmx fxsr sse sse2 ss ht tm pbe syscall nx rdtscp lm constant_tsc arch_perfmon pebs bts rep_good nopl xtopology nonstop_tsc aperfmperf eagerfpu pni pclmulqdq dtes64 monitor ds_cpl vmx smx est tm2 ssse3 cx16 xtpr pdcm pcid sse4_1 sse4_2 x2apic popcnt tsc_deadline_timer aes xsave avx lahf_lm ida arat epb xsaveopt pln pts dtherm tpr_shadow vnmi flexpriority ept vpid
bogomips	: 6186.07
clflush size	: 64
cache_alignment	: 64
address sizes	: 36 bits physical, 48 bits virtual
power management:

processor	: 1
vendor_id	: GenuineIntel
cpu family	: 6
model		: 42
model name	: Intel(R) Core(TM) i5-2400 CPU @ 3.10GHz
stepping	: 7
microcode	: 0x29
cpu MHz		: 3101.000
cache size	: 6144 KB
physical id	: 0
siblings	: 4
core id		: 1
cpu cores	: 4
apicid		: 2
initial apicid	: 2
fpu		: yes
fpu_exception	: yes
cpuid level	: 13
wp		: yes
flags		: fpu vme de pse tsc msr pae mce cx8 apic sep mtrr pge mca cmov pat pse36 clflush dts acpi mmx fxsr sse sse2 ss ht tm pbe syscall nx rdtscp lm constant_tsc arch_perfmon pebs bts rep_good nopl xtopology nonstop_tsc aperfmperf eagerfpu pni pclmulqdq dtes64 monitor ds_cpl vmx smx est tm2 ssse3 cx16 xtpr pdcm pcid sse4_1 sse4_2 x2apic popcnt tsc_deadline_timer aes xsave avx lahf_lm ida arat epb xsaveopt pln pts dtherm tpr_shadow vnmi flexpriority ept vpid
bogomips	: 6186.07
clflush size	: 64
cache_alignment	: 64
address sizes	: 36 bits physical, 48 bits virtual
power management:

processor	: 2
vendor_id	: GenuineIntel
cpu family	: 6
model		: 42
model name	: Intel(R) Core(TM) i5-2400 CPU @ 3.10GHz
stepping	: 7
microcode	: 0x29
cpu MHz		: 3101.000
cache size	: 6144 KB
physical id	: 0
siblings	: 4
core id		: 2
cpu cores	: 4
apicid		: 4
initial apicid	: 4
fpu		: yes
fpu_exception	: yes
cpuid level	: 13
wp		: yes
flags		: fpu vme de pse tsc msr pae mce cx8 apic sep mtrr pge mca cmov pat pse36 clflush dts acpi mmx fxsr sse sse2 ss ht tm pbe syscall nx rdtscp lm constant_tsc arch_perfmon pebs bts rep_good nopl xtopology nonstop_tsc aperfmperf eagerfpu pni pclmulqdq dtes64 monitor ds_cpl vmx smx est tm2 ssse3 cx16 xtpr pdcm pcid sse4_1 sse4_2 x2apic popcnt tsc_deadline_timer aes xsave avx lahf_lm ida arat epb xsaveopt pln pts dtherm tpr_shadow vnmi flexpriority ept vpid
bogomips	: 6186.07
clflush size	: 64
cache_alignment	: 64
address sizes	: 36 bits physical, 48 bits virtual
power management:

processor	: 3
vendor_id	: GenuineIntel
cpu family	: 6
model		: 42
model name	: Intel(R) Core(TM) i5-2400 CPU @ 3.10GHz
stepping	: 7
microcode	: 0x29
cpu MHz		: 2500.000
cache size	: 6144 KB
physical id	: 0
siblings	: 4
core id		: 3
cpu cores	: 4
apicid		: 6
initial apicid	: 6
fpu		: yes
fpu_exception	: yes
cpuid level	: 13
wp		: yes
flags		: fpu vme de pse tsc msr pae mce cx8 apic sep mtrr pge mca cmov pat pse36 clflush dts acpi mmx fxsr sse sse2 ss ht tm pbe syscall nx rdtscp lm constant_tsc arch_perfmon pebs bts rep_good nopl xtopology nonstop_tsc aperfmperf eagerfpu pni pclmulqdq dtes64 monitor ds_cpl vmx smx est tm2 ssse3 cx16 xtpr pdcm pcid sse4_1 sse4_2 x2apic popcnt tsc_deadline_timer aes xsave avx lahf_lm ida arat epb xsaveopt pln pts dtherm tpr_shadow vnmi flexpriority ept vpid
bogomips	: 6186.07
clflush size	: 64
cache_alignment	: 64
address sizes	: 36 bits physical, 48 bits virtual
power management:



Memory: 4k page, physical 8134244k(3858200k free), swap 15625212k(15625212k free)

vm_info: OpenJDK 64-Bit Server VM (24.75-b04) for linux-amd64 JRE (1.7.0_75-b13), built on Jan 27 2015 00:38:59 by "buildd" with gcc 4.8.2

time: Thu Feb 26 13:48:52 2015
elapsed time: 49 seconds

